[0.052s] Invoking command in '/home/seeed/ros2/ws/build/ranger_bringup': CMAKE_PREFIX_PATH=/opt/ros/humble /usr/local/bin/cmake /home/seeed/ros2/ws/src/ranger_ros2/ranger_bringup -DCMAKE_INSTALL_PREFIX=/home/seeed/ros2/ws/install/ranger_bringup
[0.290s] -- The C compiler identification is GNU 11.4.0
[0.500s] -- The CXX compiler identification is GNU 11.4.0
[0.584s] -- Detecting C compiler ABI info
[0.751s] -- Detecting C compiler ABI info - done
[0.780s] -- Check for working C compiler: /usr/bin/cc - skipped
[0.780s] -- Detecting C compile features
[0.781s] -- Detecting C compile features - done
[0.828s] -- Detecting CXX compiler ABI info
[1.081s] -- Detecting CXX compiler ABI info - done
[1.114s] -- Check for working CXX compiler: /usr/bin/c++ - skipped
[1.116s] -- Detecting CXX compile features
[1.117s] -- Detecting CXX compile features - done
[1.124s] -- Found ament_cmake: 1.3.14 (/opt/ros/humble/share/ament_cmake/cmake)
[1.510s] -- Found Python3: /usr/bin/python3 (found version "3.10.12") found components: Interpreter 
[1.981s] -- Found ament_lint_auto: 0.12.15 (/opt/ros/humble/share/ament_lint_auto/cmake)
[2.528s] -- Added test 'copyright' to check source files copyright and LICENSE
[2.547s] -- Added test 'flake8' to check Python code syntax and style conventions
[2.553s] -- Added test 'lint_cmake' to check CMake code style
[2.555s] -- Added test 'pep257' to check Python code against some of the docstring style conventions in PEP 257
[2.569s] -- Added test 'xmllint' to check XML markup files
[2.577s] -- Configuring done (2.5s)
[2.598s] -- Generating done (0.0s)
[2.614s] -- Build files have been written to: /home/seeed/ros2/ws/build/ranger_bringup
[2.650s] Invoked command in '/home/seeed/ros2/ws/build/ranger_bringup' returned '0': CMAKE_PREFIX_PATH=/opt/ros/humble /usr/local/bin/cmake /home/seeed/ros2/ws/src/ranger_ros2/ranger_bringup -DCMAKE_INSTALL_PREFIX=/home/seeed/ros2/ws/install/ranger_bringup
[2.652s] Invoking command in '/home/seeed/ros2/ws/build/ranger_bringup': CMAKE_PREFIX_PATH=/opt/ros/humble /usr/local/bin/cmake --build /home/seeed/ros2/ws/build/ranger_bringup -- -j6 -l6
[2.779s] Invoked command in '/home/seeed/ros2/ws/build/ranger_bringup' returned '0': CMAKE_PREFIX_PATH=/opt/ros/humble /usr/local/bin/cmake --build /home/seeed/ros2/ws/build/ranger_bringup -- -j6 -l6
[2.795s] Invoking command in '/home/seeed/ros2/ws/build/ranger_bringup': CMAKE_PREFIX_PATH=/opt/ros/humble /usr/local/bin/cmake --install /home/seeed/ros2/ws/build/ranger_bringup
[2.832s] -- Install configuration: ""
[2.833s] -- Installing: /home/seeed/ros2/ws/install/ranger_bringup/share/ranger_bringup//launch
[2.834s] -- Installing: /home/seeed/ros2/ws/install/ranger_bringup/share/ranger_bringup//launch/ranger_mini_v3.launch.py
[2.840s] -- Installing: /home/seeed/ros2/ws/install/ranger_bringup/share/ranger_bringup//launch/ranger.launch.py
[2.841s] -- Installing: /home/seeed/ros2/ws/install/ranger_bringup/share/ranger_bringup//launch/ranger_mini_v2.launch.py
[2.842s] -- Installing: /home/seeed/ros2/ws/install/ranger_bringup/share/ranger_bringup//launch/ranger_mini_v1.launch.py
[2.843s] -- Installing: /home/seeed/ros2/ws/install/ranger_bringup/share/ament_index/resource_index/package_run_dependencies/ranger_bringup
[2.843s] -- Installing: /home/seeed/ros2/ws/install/ranger_bringup/share/ament_index/resource_index/parent_prefix_path/ranger_bringup
[2.844s] -- Installing: /home/seeed/ros2/ws/install/ranger_bringup/share/ranger_bringup/environment/ament_prefix_path.sh
[2.844s] -- Installing: /home/seeed/ros2/ws/install/ranger_bringup/share/ranger_bringup/environment/ament_prefix_path.dsv
[2.844s] -- Installing: /home/seeed/ros2/ws/install/ranger_bringup/share/ranger_bringup/environment/path.sh
[2.844s] -- Installing: /home/seeed/ros2/ws/install/ranger_bringup/share/ranger_bringup/environment/path.dsv
[2.845s] -- Installing: /home/seeed/ros2/ws/install/ranger_bringup/share/ranger_bringup/local_setup.bash
[2.845s] -- Installing: /home/seeed/ros2/ws/install/ranger_bringup/share/ranger_bringup/local_setup.sh
[2.845s] -- Installing: /home/seeed/ros2/ws/install/ranger_bringup/share/ranger_bringup/local_setup.zsh
[2.846s] -- Installing: /home/seeed/ros2/ws/install/ranger_bringup/share/ranger_bringup/local_setup.dsv
[2.846s] -- Installing: /home/seeed/ros2/ws/install/ranger_bringup/share/ranger_bringup/package.dsv
[2.846s] -- Installing: /home/seeed/ros2/ws/install/ranger_bringup/share/ament_index/resource_index/packages/ranger_bringup
[2.847s] -- Installing: /home/seeed/ros2/ws/install/ranger_bringup/share/ranger_bringup/cmake/ranger_bringupConfig.cmake
[2.847s] -- Installing: /home/seeed/ros2/ws/install/ranger_bringup/share/ranger_bringup/cmake/ranger_bringupConfig-version.cmake
[2.847s] -- Installing: /home/seeed/ros2/ws/install/ranger_bringup/share/ranger_bringup/package.xml
[2.851s] Invoked command in '/home/seeed/ros2/ws/build/ranger_bringup' returned '0': CMAKE_PREFIX_PATH=/opt/ros/humble /usr/local/bin/cmake --install /home/seeed/ros2/ws/build/ranger_bringup
