[0.315s] DEBUG:colcon:Command line arguments: ['/usr/bin/colcon', 'build', '--packages-select', 'fast_lio']
[0.315s] DEBUG:colcon:Parsed command line arguments: Namespace(log_base=None, log_level=None, verb_name='build', build_base='build', install_base='install', merge_install=False, symlink_install=False, test_result_base=None, continue_on_error=False, executor='parallel', parallel_workers=6, event_handlers=None, ignore_user_meta=False, metas=['./colcon.meta'], base_paths=['.'], packages_ignore=None, packages_ignore_regex=None, paths=None, packages_up_to=None, packages_up_to_regex=None, packages_above=None, packages_above_and_dependencies=None, packages_above_depth=None, packages_select_by_dep=None, packages_skip_by_dep=None, packages_skip_up_to=None, packages_select_build_failed=False, packages_skip_build_finished=False, packages_select_test_failures=False, packages_skip_test_passed=False, packages_select=['fast_lio'], packages_skip=None, packages_select_regex=None, packages_skip_regex=None, packages_start=None, packages_end=None, allow_overriding=[], cmake_args=None, cmake_target=None, cmake_target_skip_unavailable=False, cmake_clean_cache=False, cmake_clean_first=False, cmake_force_configure=False, ament_cmake_args=None, catkin_cmake_args=None, catkin_skip_building_tests=False, verb_parser=<colcon_defaults.argument_parser.defaults.DefaultArgumentsDecorator object at 0xffff909bae90>, verb_extension=<colcon_core.verb.build.BuildVerb object at 0xffff909ba920>, main=<bound method BuildVerb.main of <colcon_core.verb.build.BuildVerb object at 0xffff909ba920>>)
[0.824s] Level 1:colcon.colcon_core.package_discovery:discover_packages(colcon_meta) check parameters
[0.824s] Level 1:colcon.colcon_core.package_discovery:discover_packages(recursive) check parameters
[0.825s] Level 1:colcon.colcon_core.package_discovery:discover_packages(ignore) check parameters
[0.825s] Level 1:colcon.colcon_core.package_discovery:discover_packages(path) check parameters
[0.825s] Level 1:colcon.colcon_core.package_discovery:discover_packages(colcon_meta) discover
[0.825s] Level 1:colcon.colcon_core.package_discovery:discover_packages(recursive) discover
[0.825s] INFO:colcon.colcon_core.package_discovery:Crawling recursively for packages in '/home/seeed/ros2/ws'
[0.825s] Level 1:colcon.colcon_core.package_identification:_identify(.) by extensions ['ignore', 'ignore_ament_install']
[0.826s] Level 1:colcon.colcon_core.package_identification:_identify(.) by extension 'ignore'
[0.826s] Level 1:colcon.colcon_core.package_identification:_identify(.) by extension 'ignore_ament_install'
[0.826s] Level 1:colcon.colcon_core.package_identification:_identify(.) by extensions ['colcon_pkg']
[0.826s] Level 1:colcon.colcon_core.package_identification:_identify(.) by extension 'colcon_pkg'
[0.826s] Level 1:colcon.colcon_core.package_identification:_identify(.) by extensions ['colcon_meta']
[0.826s] Level 1:colcon.colcon_core.package_identification:_identify(.) by extension 'colcon_meta'
[0.826s] Level 1:colcon.colcon_core.package_identification:_identify(.) by extensions ['ros']
[0.826s] Level 1:colcon.colcon_core.package_identification:_identify(.) by extension 'ros'
[0.856s] Level 1:colcon.colcon_core.package_identification:_identify(.) by extensions ['cmake', 'python']
[0.856s] Level 1:colcon.colcon_core.package_identification:_identify(.) by extension 'cmake'
[0.856s] Level 1:colcon.colcon_core.package_identification:_identify(.) by extension 'python'
[0.857s] Level 1:colcon.colcon_core.package_identification:_identify(.) by extensions ['python_setup_py']
[0.857s] Level 1:colcon.colcon_core.package_identification:_identify(.) by extension 'python_setup_py'
[0.857s] Level 1:colcon.colcon_core.package_identification:_identify(build) by extensions ['ignore', 'ignore_ament_install']
[0.857s] Level 1:colcon.colcon_core.package_identification:_identify(build) by extension 'ignore'
[0.858s] Level 1:colcon.colcon_core.package_identification:_identify(build) ignored
[0.858s] Level 1:colcon.colcon_core.package_identification:_identify(install) by extensions ['ignore', 'ignore_ament_install']
[0.858s] Level 1:colcon.colcon_core.package_identification:_identify(install) by extension 'ignore'
[0.858s] Level 1:colcon.colcon_core.package_identification:_identify(install) ignored
[0.858s] Level 1:colcon.colcon_core.package_identification:_identify(log) by extensions ['ignore', 'ignore_ament_install']
[0.859s] Level 1:colcon.colcon_core.package_identification:_identify(log) by extension 'ignore'
[0.859s] Level 1:colcon.colcon_core.package_identification:_identify(log) ignored
[0.859s] Level 1:colcon.colcon_core.package_identification:_identify(src) by extensions ['ignore', 'ignore_ament_install']
[0.859s] Level 1:colcon.colcon_core.package_identification:_identify(src) by extension 'ignore'
[0.859s] Level 1:colcon.colcon_core.package_identification:_identify(src) by extension 'ignore_ament_install'
[0.860s] Level 1:colcon.colcon_core.package_identification:_identify(src) by extensions ['colcon_pkg']
[0.860s] Level 1:colcon.colcon_core.package_identification:_identify(src) by extension 'colcon_pkg'
[0.860s] Level 1:colcon.colcon_core.package_identification:_identify(src) by extensions ['colcon_meta']
[0.860s] Level 1:colcon.colcon_core.package_identification:_identify(src) by extension 'colcon_meta'
[0.860s] Level 1:colcon.colcon_core.package_identification:_identify(src) by extensions ['ros']
[0.860s] Level 1:colcon.colcon_core.package_identification:_identify(src) by extension 'ros'
[0.860s] Level 1:colcon.colcon_core.package_identification:_identify(src) by extensions ['cmake', 'python']
[0.860s] Level 1:colcon.colcon_core.package_identification:_identify(src) by extension 'cmake'
[0.860s] Level 1:colcon.colcon_core.package_identification:_identify(src) by extension 'python'
[0.861s] Level 1:colcon.colcon_core.package_identification:_identify(src) by extensions ['python_setup_py']
[0.861s] Level 1:colcon.colcon_core.package_identification:_identify(src) by extension 'python_setup_py'
[0.861s] Level 1:colcon.colcon_core.package_identification:_identify(src/depd) by extensions ['ignore', 'ignore_ament_install']
[0.861s] Level 1:colcon.colcon_core.package_identification:_identify(src/depd) by extension 'ignore'
[0.861s] Level 1:colcon.colcon_core.package_identification:_identify(src/depd) by extension 'ignore_ament_install'
[0.861s] Level 1:colcon.colcon_core.package_identification:_identify(src/depd) by extensions ['colcon_pkg']
[0.861s] Level 1:colcon.colcon_core.package_identification:_identify(src/depd) by extension 'colcon_pkg'
[0.862s] Level 1:colcon.colcon_core.package_identification:_identify(src/depd) by extensions ['colcon_meta']
[0.862s] Level 1:colcon.colcon_core.package_identification:_identify(src/depd) by extension 'colcon_meta'
[0.862s] Level 1:colcon.colcon_core.package_identification:_identify(src/depd) by extensions ['ros']
[0.862s] Level 1:colcon.colcon_core.package_identification:_identify(src/depd) by extension 'ros'
[0.862s] Level 1:colcon.colcon_core.package_identification:_identify(src/depd) by extensions ['cmake', 'python']
[0.862s] Level 1:colcon.colcon_core.package_identification:_identify(src/depd) by extension 'cmake'
[0.862s] Level 1:colcon.colcon_core.package_identification:_identify(src/depd) by extension 'python'
[0.862s] Level 1:colcon.colcon_core.package_identification:_identify(src/depd) by extensions ['python_setup_py']
[0.862s] Level 1:colcon.colcon_core.package_identification:_identify(src/depd) by extension 'python_setup_py'
[0.863s] Level 1:colcon.colcon_core.package_identification:_identify(src/depd/rpg_vikit) by extensions ['ignore', 'ignore_ament_install']
[0.863s] Level 1:colcon.colcon_core.package_identification:_identify(src/depd/rpg_vikit) by extension 'ignore'
[0.863s] Level 1:colcon.colcon_core.package_identification:_identify(src/depd/rpg_vikit) by extension 'ignore_ament_install'
[0.863s] Level 1:colcon.colcon_core.package_identification:_identify(src/depd/rpg_vikit) by extensions ['colcon_pkg']
[0.863s] Level 1:colcon.colcon_core.package_identification:_identify(src/depd/rpg_vikit) by extension 'colcon_pkg'
[0.863s] Level 1:colcon.colcon_core.package_identification:_identify(src/depd/rpg_vikit) by extensions ['colcon_meta']
[0.864s] Level 1:colcon.colcon_core.package_identification:_identify(src/depd/rpg_vikit) by extension 'colcon_meta'
[0.864s] Level 1:colcon.colcon_core.package_identification:_identify(src/depd/rpg_vikit) by extensions ['ros']
[0.864s] Level 1:colcon.colcon_core.package_identification:_identify(src/depd/rpg_vikit) by extension 'ros'
[0.864s] Level 1:colcon.colcon_core.package_identification:_identify(src/depd/rpg_vikit) by extensions ['cmake', 'python']
[0.864s] Level 1:colcon.colcon_core.package_identification:_identify(src/depd/rpg_vikit) by extension 'cmake'
[0.864s] Level 1:colcon.colcon_core.package_identification:_identify(src/depd/rpg_vikit) by extension 'python'
[0.864s] Level 1:colcon.colcon_core.package_identification:_identify(src/depd/rpg_vikit) by extensions ['python_setup_py']
[0.864s] Level 1:colcon.colcon_core.package_identification:_identify(src/depd/rpg_vikit) by extension 'python_setup_py'
[0.865s] Level 1:colcon.colcon_core.package_identification:_identify(src/depd/rpg_vikit/vikit_common) by extensions ['ignore', 'ignore_ament_install']
[0.865s] Level 1:colcon.colcon_core.package_identification:_identify(src/depd/rpg_vikit/vikit_common) by extension 'ignore'
[0.865s] Level 1:colcon.colcon_core.package_identification:_identify(src/depd/rpg_vikit/vikit_common) by extension 'ignore_ament_install'
[0.865s] Level 1:colcon.colcon_core.package_identification:_identify(src/depd/rpg_vikit/vikit_common) by extensions ['colcon_pkg']
[0.865s] Level 1:colcon.colcon_core.package_identification:_identify(src/depd/rpg_vikit/vikit_common) by extension 'colcon_pkg'
[0.865s] Level 1:colcon.colcon_core.package_identification:_identify(src/depd/rpg_vikit/vikit_common) by extensions ['colcon_meta']
[0.865s] Level 1:colcon.colcon_core.package_identification:_identify(src/depd/rpg_vikit/vikit_common) by extension 'colcon_meta'
[0.866s] Level 1:colcon.colcon_core.package_identification:_identify(src/depd/rpg_vikit/vikit_common) by extensions ['ros']
[0.866s] Level 1:colcon.colcon_core.package_identification:_identify(src/depd/rpg_vikit/vikit_common) by extension 'ros'
[0.873s] DEBUG:colcon.colcon_core.package_identification:Package 'src/depd/rpg_vikit/vikit_common' with type 'ros.catkin' and name 'vikit_common'
[0.873s] Level 1:colcon.colcon_core.package_identification:_identify(src/depd/rpg_vikit/vikit_ros) by extensions ['ignore', 'ignore_ament_install']
[0.873s] Level 1:colcon.colcon_core.package_identification:_identify(src/depd/rpg_vikit/vikit_ros) by extension 'ignore'
[0.874s] Level 1:colcon.colcon_core.package_identification:_identify(src/depd/rpg_vikit/vikit_ros) by extension 'ignore_ament_install'
[0.874s] Level 1:colcon.colcon_core.package_identification:_identify(src/depd/rpg_vikit/vikit_ros) by extensions ['colcon_pkg']
[0.874s] Level 1:colcon.colcon_core.package_identification:_identify(src/depd/rpg_vikit/vikit_ros) by extension 'colcon_pkg'
[0.874s] Level 1:colcon.colcon_core.package_identification:_identify(src/depd/rpg_vikit/vikit_ros) by extensions ['colcon_meta']
[0.874s] Level 1:colcon.colcon_core.package_identification:_identify(src/depd/rpg_vikit/vikit_ros) by extension 'colcon_meta'
[0.874s] Level 1:colcon.colcon_core.package_identification:_identify(src/depd/rpg_vikit/vikit_ros) by extensions ['ros']
[0.874s] Level 1:colcon.colcon_core.package_identification:_identify(src/depd/rpg_vikit/vikit_ros) by extension 'ros'
[0.877s] DEBUG:colcon.colcon_core.package_identification:Package 'src/depd/rpg_vikit/vikit_ros' with type 'ros.ament_cmake' and name 'vikit_ros'
[0.877s] Level 1:colcon.colcon_core.package_identification:_identify(src/driver) by extensions ['ignore', 'ignore_ament_install']
[0.877s] Level 1:colcon.colcon_core.package_identification:_identify(src/driver) by extension 'ignore'
[0.877s] Level 1:colcon.colcon_core.package_identification:_identify(src/driver) by extension 'ignore_ament_install'
[0.877s] Level 1:colcon.colcon_core.package_identification:_identify(src/driver) by extensions ['colcon_pkg']
[0.878s] Level 1:colcon.colcon_core.package_identification:_identify(src/driver) by extension 'colcon_pkg'
[0.878s] Level 1:colcon.colcon_core.package_identification:_identify(src/driver) by extensions ['colcon_meta']
[0.878s] Level 1:colcon.colcon_core.package_identification:_identify(src/driver) by extension 'colcon_meta'
[0.878s] Level 1:colcon.colcon_core.package_identification:_identify(src/driver) by extensions ['ros']
[0.878s] Level 1:colcon.colcon_core.package_identification:_identify(src/driver) by extension 'ros'
[0.878s] Level 1:colcon.colcon_core.package_identification:_identify(src/driver) by extensions ['cmake', 'python']
[0.878s] Level 1:colcon.colcon_core.package_identification:_identify(src/driver) by extension 'cmake'
[0.878s] Level 1:colcon.colcon_core.package_identification:_identify(src/driver) by extension 'python'
[0.879s] Level 1:colcon.colcon_core.package_identification:_identify(src/driver) by extensions ['python_setup_py']
[0.879s] Level 1:colcon.colcon_core.package_identification:_identify(src/driver) by extension 'python_setup_py'
[0.879s] Level 1:colcon.colcon_core.package_identification:_identify(src/driver/livox_ros_driver2) by extensions ['ignore', 'ignore_ament_install']
[0.879s] Level 1:colcon.colcon_core.package_identification:_identify(src/driver/livox_ros_driver2) by extension 'ignore'
[0.879s] Level 1:colcon.colcon_core.package_identification:_identify(src/driver/livox_ros_driver2) by extension 'ignore_ament_install'
[0.879s] Level 1:colcon.colcon_core.package_identification:_identify(src/driver/livox_ros_driver2) by extensions ['colcon_pkg']
[0.880s] Level 1:colcon.colcon_core.package_identification:_identify(src/driver/livox_ros_driver2) by extension 'colcon_pkg'
[0.880s] Level 1:colcon.colcon_core.package_identification:_identify(src/driver/livox_ros_driver2) by extensions ['colcon_meta']
[0.880s] Level 1:colcon.colcon_core.package_identification:_identify(src/driver/livox_ros_driver2) by extension 'colcon_meta'
[0.880s] Level 1:colcon.colcon_core.package_identification:_identify(src/driver/livox_ros_driver2) by extensions ['ros']
[0.880s] Level 1:colcon.colcon_core.package_identification:_identify(src/driver/livox_ros_driver2) by extension 'ros'
[0.883s] DEBUG:colcon.colcon_core.package_identification:Package 'src/driver/livox_ros_driver2' with type 'ros.ament_cmake' and name 'livox_ros_driver2'
[0.883s] Level 1:colcon.colcon_core.package_identification:_identify(src/ranger_ros2) by extensions ['ignore', 'ignore_ament_install']
[0.883s] Level 1:colcon.colcon_core.package_identification:_identify(src/ranger_ros2) by extension 'ignore'
[0.883s] Level 1:colcon.colcon_core.package_identification:_identify(src/ranger_ros2) by extension 'ignore_ament_install'
[0.884s] Level 1:colcon.colcon_core.package_identification:_identify(src/ranger_ros2) by extensions ['colcon_pkg']
[0.884s] Level 1:colcon.colcon_core.package_identification:_identify(src/ranger_ros2) by extension 'colcon_pkg'
[0.884s] Level 1:colcon.colcon_core.package_identification:_identify(src/ranger_ros2) by extensions ['colcon_meta']
[0.884s] Level 1:colcon.colcon_core.package_identification:_identify(src/ranger_ros2) by extension 'colcon_meta'
[0.884s] Level 1:colcon.colcon_core.package_identification:_identify(src/ranger_ros2) by extensions ['ros']
[0.884s] Level 1:colcon.colcon_core.package_identification:_identify(src/ranger_ros2) by extension 'ros'
[0.884s] Level 1:colcon.colcon_core.package_identification:_identify(src/ranger_ros2) by extensions ['cmake', 'python']
[0.884s] Level 1:colcon.colcon_core.package_identification:_identify(src/ranger_ros2) by extension 'cmake'
[0.885s] Level 1:colcon.colcon_core.package_identification:_identify(src/ranger_ros2) by extension 'python'
[0.885s] Level 1:colcon.colcon_core.package_identification:_identify(src/ranger_ros2) by extensions ['python_setup_py']
[0.885s] Level 1:colcon.colcon_core.package_identification:_identify(src/ranger_ros2) by extension 'python_setup_py'
[0.885s] Level 1:colcon.colcon_core.package_identification:_identify(src/ranger_ros2/docs) by extensions ['ignore', 'ignore_ament_install']
[0.885s] Level 1:colcon.colcon_core.package_identification:_identify(src/ranger_ros2/docs) by extension 'ignore'
[0.885s] Level 1:colcon.colcon_core.package_identification:_identify(src/ranger_ros2/docs) by extension 'ignore_ament_install'
[0.886s] Level 1:colcon.colcon_core.package_identification:_identify(src/ranger_ros2/docs) by extensions ['colcon_pkg']
[0.886s] Level 1:colcon.colcon_core.package_identification:_identify(src/ranger_ros2/docs) by extension 'colcon_pkg'
[0.886s] Level 1:colcon.colcon_core.package_identification:_identify(src/ranger_ros2/docs) by extensions ['colcon_meta']
[0.886s] Level 1:colcon.colcon_core.package_identification:_identify(src/ranger_ros2/docs) by extension 'colcon_meta'
[0.886s] Level 1:colcon.colcon_core.package_identification:_identify(src/ranger_ros2/docs) by extensions ['ros']
[0.886s] Level 1:colcon.colcon_core.package_identification:_identify(src/ranger_ros2/docs) by extension 'ros'
[0.886s] Level 1:colcon.colcon_core.package_identification:_identify(src/ranger_ros2/docs) by extensions ['cmake', 'python']
[0.886s] Level 1:colcon.colcon_core.package_identification:_identify(src/ranger_ros2/docs) by extension 'cmake'
[0.887s] Level 1:colcon.colcon_core.package_identification:_identify(src/ranger_ros2/docs) by extension 'python'
[0.887s] Level 1:colcon.colcon_core.package_identification:_identify(src/ranger_ros2/docs) by extensions ['python_setup_py']
[0.887s] Level 1:colcon.colcon_core.package_identification:_identify(src/ranger_ros2/docs) by extension 'python_setup_py'
[0.887s] Level 1:colcon.colcon_core.package_identification:_identify(src/ranger_ros2/ranger_base) by extensions ['ignore', 'ignore_ament_install']
[0.887s] Level 1:colcon.colcon_core.package_identification:_identify(src/ranger_ros2/ranger_base) by extension 'ignore'
[0.887s] Level 1:colcon.colcon_core.package_identification:_identify(src/ranger_ros2/ranger_base) by extension 'ignore_ament_install'
[0.887s] Level 1:colcon.colcon_core.package_identification:_identify(src/ranger_ros2/ranger_base) by extensions ['colcon_pkg']
[0.888s] Level 1:colcon.colcon_core.package_identification:_identify(src/ranger_ros2/ranger_base) by extension 'colcon_pkg'
[0.888s] Level 1:colcon.colcon_core.package_identification:_identify(src/ranger_ros2/ranger_base) by extensions ['colcon_meta']
[0.888s] Level 1:colcon.colcon_core.package_identification:_identify(src/ranger_ros2/ranger_base) by extension 'colcon_meta'
[0.888s] Level 1:colcon.colcon_core.package_identification:_identify(src/ranger_ros2/ranger_base) by extensions ['ros']
[0.888s] Level 1:colcon.colcon_core.package_identification:_identify(src/ranger_ros2/ranger_base) by extension 'ros'
[0.891s] DEBUG:colcon.colcon_core.package_identification:Package 'src/ranger_ros2/ranger_base' with type 'ros.ament_cmake' and name 'ranger_base'
[0.891s] Level 1:colcon.colcon_core.package_identification:_identify(src/ranger_ros2/ranger_bringup) by extensions ['ignore', 'ignore_ament_install']
[0.891s] Level 1:colcon.colcon_core.package_identification:_identify(src/ranger_ros2/ranger_bringup) by extension 'ignore'
[0.891s] Level 1:colcon.colcon_core.package_identification:_identify(src/ranger_ros2/ranger_bringup) by extension 'ignore_ament_install'
[0.891s] Level 1:colcon.colcon_core.package_identification:_identify(src/ranger_ros2/ranger_bringup) by extensions ['colcon_pkg']
[0.891s] Level 1:colcon.colcon_core.package_identification:_identify(src/ranger_ros2/ranger_bringup) by extension 'colcon_pkg'
[0.892s] Level 1:colcon.colcon_core.package_identification:_identify(src/ranger_ros2/ranger_bringup) by extensions ['colcon_meta']
[0.892s] Level 1:colcon.colcon_core.package_identification:_identify(src/ranger_ros2/ranger_bringup) by extension 'colcon_meta'
[0.892s] Level 1:colcon.colcon_core.package_identification:_identify(src/ranger_ros2/ranger_bringup) by extensions ['ros']
[0.892s] Level 1:colcon.colcon_core.package_identification:_identify(src/ranger_ros2/ranger_bringup) by extension 'ros'
[0.893s] DEBUG:colcon.colcon_core.package_identification:Package 'src/ranger_ros2/ranger_bringup' with type 'ros.ament_cmake' and name 'ranger_bringup'
[0.893s] Level 1:colcon.colcon_core.package_identification:_identify(src/ranger_ros2/ranger_msgs) by extensions ['ignore', 'ignore_ament_install']
[0.893s] Level 1:colcon.colcon_core.package_identification:_identify(src/ranger_ros2/ranger_msgs) by extension 'ignore'
[0.894s] Level 1:colcon.colcon_core.package_identification:_identify(src/ranger_ros2/ranger_msgs) by extension 'ignore_ament_install'
[0.894s] Level 1:colcon.colcon_core.package_identification:_identify(src/ranger_ros2/ranger_msgs) by extensions ['colcon_pkg']
[0.894s] Level 1:colcon.colcon_core.package_identification:_identify(src/ranger_ros2/ranger_msgs) by extension 'colcon_pkg'
[0.894s] Level 1:colcon.colcon_core.package_identification:_identify(src/ranger_ros2/ranger_msgs) by extensions ['colcon_meta']
[0.894s] Level 1:colcon.colcon_core.package_identification:_identify(src/ranger_ros2/ranger_msgs) by extension 'colcon_meta'
[0.894s] Level 1:colcon.colcon_core.package_identification:_identify(src/ranger_ros2/ranger_msgs) by extensions ['ros']
[0.894s] Level 1:colcon.colcon_core.package_identification:_identify(src/ranger_ros2/ranger_msgs) by extension 'ros'
[0.895s] DEBUG:colcon.colcon_core.package_identification:Package 'src/ranger_ros2/ranger_msgs' with type 'ros.ament_cmake' and name 'ranger_msgs'
[0.896s] Level 1:colcon.colcon_core.package_identification:_identify(src/slam) by extensions ['ignore', 'ignore_ament_install']
[0.896s] Level 1:colcon.colcon_core.package_identification:_identify(src/slam) by extension 'ignore'
[0.896s] Level 1:colcon.colcon_core.package_identification:_identify(src/slam) by extension 'ignore_ament_install'
[0.896s] Level 1:colcon.colcon_core.package_identification:_identify(src/slam) by extensions ['colcon_pkg']
[0.897s] Level 1:colcon.colcon_core.package_identification:_identify(src/slam) by extension 'colcon_pkg'
[0.897s] Level 1:colcon.colcon_core.package_identification:_identify(src/slam) by extensions ['colcon_meta']
[0.897s] Level 1:colcon.colcon_core.package_identification:_identify(src/slam) by extension 'colcon_meta'
[0.897s] Level 1:colcon.colcon_core.package_identification:_identify(src/slam) by extensions ['ros']
[0.897s] Level 1:colcon.colcon_core.package_identification:_identify(src/slam) by extension 'ros'
[0.897s] Level 1:colcon.colcon_core.package_identification:_identify(src/slam) by extensions ['cmake', 'python']
[0.897s] Level 1:colcon.colcon_core.package_identification:_identify(src/slam) by extension 'cmake'
[0.897s] Level 1:colcon.colcon_core.package_identification:_identify(src/slam) by extension 'python'
[0.898s] Level 1:colcon.colcon_core.package_identification:_identify(src/slam) by extensions ['python_setup_py']
[0.898s] Level 1:colcon.colcon_core.package_identification:_identify(src/slam) by extension 'python_setup_py'
[0.898s] Level 1:colcon.colcon_core.package_identification:_identify(src/slam/fast_lio) by extensions ['ignore', 'ignore_ament_install']
[0.898s] Level 1:colcon.colcon_core.package_identification:_identify(src/slam/fast_lio) by extension 'ignore'
[0.898s] Level 1:colcon.colcon_core.package_identification:_identify(src/slam/fast_lio) by extension 'ignore_ament_install'
[0.898s] Level 1:colcon.colcon_core.package_identification:_identify(src/slam/fast_lio) by extensions ['colcon_pkg']
[0.898s] Level 1:colcon.colcon_core.package_identification:_identify(src/slam/fast_lio) by extension 'colcon_pkg'
[0.899s] Level 1:colcon.colcon_core.package_identification:_identify(src/slam/fast_lio) by extensions ['colcon_meta']
[0.899s] Level 1:colcon.colcon_core.package_identification:_identify(src/slam/fast_lio) by extension 'colcon_meta'
[0.899s] Level 1:colcon.colcon_core.package_identification:_identify(src/slam/fast_lio) by extensions ['ros']
[0.899s] Level 1:colcon.colcon_core.package_identification:_identify(src/slam/fast_lio) by extension 'ros'
[0.901s] DEBUG:colcon.colcon_core.package_identification:Package 'src/slam/fast_lio' with type 'ros.ament_cmake' and name 'fast_lio'
[0.902s] Level 1:colcon.colcon_core.package_identification:_identify(src/ugv_sdk) by extensions ['ignore', 'ignore_ament_install']
[0.902s] Level 1:colcon.colcon_core.package_identification:_identify(src/ugv_sdk) by extension 'ignore'
[0.902s] Level 1:colcon.colcon_core.package_identification:_identify(src/ugv_sdk) by extension 'ignore_ament_install'
[0.902s] Level 1:colcon.colcon_core.package_identification:_identify(src/ugv_sdk) by extensions ['colcon_pkg']
[0.902s] Level 1:colcon.colcon_core.package_identification:_identify(src/ugv_sdk) by extension 'colcon_pkg'
[0.902s] Level 1:colcon.colcon_core.package_identification:_identify(src/ugv_sdk) by extensions ['colcon_meta']
[0.902s] Level 1:colcon.colcon_core.package_identification:_identify(src/ugv_sdk) by extension 'colcon_meta'
[0.903s] Level 1:colcon.colcon_core.package_identification:_identify(src/ugv_sdk) by extensions ['ros']
[0.903s] Level 1:colcon.colcon_core.package_identification:_identify(src/ugv_sdk) by extension 'ros'
[0.904s] DEBUG:colcon.colcon_core.package_identification:Package 'src/ugv_sdk' with type 'ros.catkin' and name 'ugv_sdk'
[0.904s] Level 1:colcon.colcon_core.package_discovery:discover_packages(recursive) using defaults
[0.904s] Level 1:colcon.colcon_core.package_discovery:discover_packages(ignore) discover
[0.904s] Level 1:colcon.colcon_core.package_discovery:discover_packages(ignore) using defaults
[0.904s] Level 1:colcon.colcon_core.package_discovery:discover_packages(path) discover
[0.904s] Level 1:colcon.colcon_core.package_discovery:discover_packages(path) using defaults
[0.960s] INFO:colcon.colcon_core.package_selection:Skipping not selected package 'livox_ros_driver2' in 'src/driver/livox_ros_driver2'
[0.961s] INFO:colcon.colcon_core.package_selection:Skipping not selected package 'ranger_bringup' in 'src/ranger_ros2/ranger_bringup'
[0.961s] INFO:colcon.colcon_core.package_selection:Skipping not selected package 'ranger_msgs' in 'src/ranger_ros2/ranger_msgs'
[0.961s] INFO:colcon.colcon_core.package_selection:Skipping not selected package 'ugv_sdk' in 'src/ugv_sdk'
[0.961s] INFO:colcon.colcon_core.package_selection:Skipping not selected package 'vikit_common' in 'src/depd/rpg_vikit/vikit_common'
[0.961s] INFO:colcon.colcon_core.package_selection:Skipping not selected package 'ranger_base' in 'src/ranger_ros2/ranger_base'
[0.961s] INFO:colcon.colcon_core.package_selection:Skipping not selected package 'vikit_ros' in 'src/depd/rpg_vikit/vikit_ros'
[0.962s] Level 1:colcon.colcon_core.package_discovery:discover_packages(prefix_path) check parameters
[0.963s] Level 1:colcon.colcon_core.package_discovery:discover_packages(prefix_path) discover
[0.969s] DEBUG:colcon.colcon_installed_package_information.package_discovery:Found 276 installed packages in /opt/ros/humble
[1.000s] Level 1:colcon.colcon_core.package_discovery:discover_packages(prefix_path) using defaults
[1.087s] Level 5:colcon.colcon_core.verb:set package 'fast_lio' build argument 'cmake_args' from command line to 'None'
[1.087s] Level 5:colcon.colcon_core.verb:set package 'fast_lio' build argument 'cmake_target' from command line to 'None'
[1.087s] Level 5:colcon.colcon_core.verb:set package 'fast_lio' build argument 'cmake_target_skip_unavailable' from command line to 'False'
[1.088s] Level 5:colcon.colcon_core.verb:set package 'fast_lio' build argument 'cmake_clean_cache' from command line to 'False'
[1.088s] Level 5:colcon.colcon_core.verb:set package 'fast_lio' build argument 'cmake_clean_first' from command line to 'False'
[1.088s] Level 5:colcon.colcon_core.verb:set package 'fast_lio' build argument 'cmake_force_configure' from command line to 'False'
[1.088s] Level 5:colcon.colcon_core.verb:set package 'fast_lio' build argument 'ament_cmake_args' from command line to 'None'
[1.088s] Level 5:colcon.colcon_core.verb:set package 'fast_lio' build argument 'catkin_cmake_args' from command line to 'None'
[1.088s] Level 5:colcon.colcon_core.verb:set package 'fast_lio' build argument 'catkin_skip_building_tests' from command line to 'False'
[1.088s] DEBUG:colcon.colcon_core.verb:Building package 'fast_lio' with the following arguments: {'ament_cmake_args': None, 'build_base': '/home/seeed/ros2/ws/build/fast_lio', 'catkin_cmake_args': None, 'catkin_skip_building_tests': False, 'cmake_args': None, 'cmake_clean_cache': False, 'cmake_clean_first': False, 'cmake_force_configure': False, 'cmake_target': None, 'cmake_target_skip_unavailable': False, 'install_base': '/home/seeed/ros2/ws/install/fast_lio', 'merge_install': False, 'path': '/home/seeed/ros2/ws/src/slam/fast_lio', 'symlink_install': False, 'test_result_base': None}
[1.088s] INFO:colcon.colcon_core.executor:Executing jobs using 'parallel' executor
[1.091s] DEBUG:colcon.colcon_parallel_executor.executor.parallel:run_until_complete
[1.092s] INFO:colcon.colcon_ros.task.ament_cmake.build:Building ROS package in '/home/seeed/ros2/ws/src/slam/fast_lio' with build type 'ament_cmake'
[1.092s] INFO:colcon.colcon_cmake.task.cmake.build:Building CMake package in '/home/seeed/ros2/ws/src/slam/fast_lio'
[1.099s] INFO:colcon.colcon_core.plugin_system:Skipping extension 'colcon_core.shell.bat': Not used on non-Windows systems
[1.099s] INFO:colcon.colcon_core.shell:Skip shell extension 'powershell' for command environment: Not usable outside of PowerShell
[1.099s] DEBUG:colcon.colcon_core.shell:Skip shell extension 'dsv' for command environment
[1.124s] DEBUG:colcon.colcon_core.event_handler.log_command:Invoking command in '/home/seeed/ros2/ws/build/fast_lio': AMENT_PREFIX_PATH=/home/seeed/ros2/ws/install/livox_ros_driver2:${AMENT_PREFIX_PATH} CMAKE_PREFIX_PATH=/home/seeed/ros2/ws/install/livox_ros_driver2:/opt/ros/humble LD_LIBRARY_PATH=/home/seeed/ros2/ws/install/livox_ros_driver2/lib:${LD_LIBRARY_PATH} PYTHONPATH=/home/seeed/ros2/ws/install/livox_ros_driver2/local/lib/python3.10/dist-packages:${PYTHONPATH} /usr/local/bin/cmake /home/seeed/ros2/ws/src/slam/fast_lio -DCMAKE_INSTALL_PREFIX=/home/seeed/ros2/ws/install/fast_lio
[10.639s] DEBUG:colcon.colcon_core.event_handler.log_command:Invoked command in '/home/seeed/ros2/ws/build/fast_lio' returned '0': AMENT_PREFIX_PATH=/home/seeed/ros2/ws/install/livox_ros_driver2:${AMENT_PREFIX_PATH} CMAKE_PREFIX_PATH=/home/seeed/ros2/ws/install/livox_ros_driver2:/opt/ros/humble LD_LIBRARY_PATH=/home/seeed/ros2/ws/install/livox_ros_driver2/lib:${LD_LIBRARY_PATH} PYTHONPATH=/home/seeed/ros2/ws/install/livox_ros_driver2/local/lib/python3.10/dist-packages:${PYTHONPATH} /usr/local/bin/cmake /home/seeed/ros2/ws/src/slam/fast_lio -DCMAKE_INSTALL_PREFIX=/home/seeed/ros2/ws/install/fast_lio
[10.644s] DEBUG:colcon.colcon_core.event_handler.log_command:Invoking command in '/home/seeed/ros2/ws/build/fast_lio': AMENT_PREFIX_PATH=/home/seeed/ros2/ws/install/livox_ros_driver2:${AMENT_PREFIX_PATH} CMAKE_PREFIX_PATH=/home/seeed/ros2/ws/install/livox_ros_driver2:/opt/ros/humble LD_LIBRARY_PATH=/home/seeed/ros2/ws/install/livox_ros_driver2/lib:${LD_LIBRARY_PATH} PYTHONPATH=/home/seeed/ros2/ws/install/livox_ros_driver2/local/lib/python3.10/dist-packages:${PYTHONPATH} /usr/local/bin/cmake --build /home/seeed/ros2/ws/build/fast_lio -- -j6 -l6
[187.715s] DEBUG:colcon.colcon_core.event_handler.log_command:Invoked command in '/home/seeed/ros2/ws/build/fast_lio' returned '0': AMENT_PREFIX_PATH=/home/seeed/ros2/ws/install/livox_ros_driver2:${AMENT_PREFIX_PATH} CMAKE_PREFIX_PATH=/home/seeed/ros2/ws/install/livox_ros_driver2:/opt/ros/humble LD_LIBRARY_PATH=/home/seeed/ros2/ws/install/livox_ros_driver2/lib:${LD_LIBRARY_PATH} PYTHONPATH=/home/seeed/ros2/ws/install/livox_ros_driver2/local/lib/python3.10/dist-packages:${PYTHONPATH} /usr/local/bin/cmake --build /home/seeed/ros2/ws/build/fast_lio -- -j6 -l6
[187.743s] DEBUG:colcon.colcon_core.event_handler.log_command:Invoking command in '/home/seeed/ros2/ws/build/fast_lio': AMENT_PREFIX_PATH=/home/seeed/ros2/ws/install/livox_ros_driver2:${AMENT_PREFIX_PATH} CMAKE_PREFIX_PATH=/home/seeed/ros2/ws/install/livox_ros_driver2:/opt/ros/humble LD_LIBRARY_PATH=/home/seeed/ros2/ws/install/livox_ros_driver2/lib:${LD_LIBRARY_PATH} PYTHONPATH=/home/seeed/ros2/ws/install/livox_ros_driver2/local/lib/python3.10/dist-packages:${PYTHONPATH} /usr/local/bin/cmake --install /home/seeed/ros2/ws/build/fast_lio
[187.937s] Level 1:colcon.colcon_core.environment:create_environment_scripts_only(fast_lio)
[187.942s] DEBUG:colcon.colcon_core.event_handler.log_command:Invoked command in '/home/seeed/ros2/ws/build/fast_lio' returned '0': AMENT_PREFIX_PATH=/home/seeed/ros2/ws/install/livox_ros_driver2:${AMENT_PREFIX_PATH} CMAKE_PREFIX_PATH=/home/seeed/ros2/ws/install/livox_ros_driver2:/opt/ros/humble LD_LIBRARY_PATH=/home/seeed/ros2/ws/install/livox_ros_driver2/lib:${LD_LIBRARY_PATH} PYTHONPATH=/home/seeed/ros2/ws/install/livox_ros_driver2/local/lib/python3.10/dist-packages:${PYTHONPATH} /usr/local/bin/cmake --install /home/seeed/ros2/ws/build/fast_lio
[187.962s] Level 1:colcon.colcon_core.environment:checking '/home/seeed/ros2/ws/install/fast_lio' for CMake module files
[187.965s] Level 1:colcon.colcon_core.environment:checking '/home/seeed/ros2/ws/install/fast_lio' for CMake config files
[187.968s] Level 1:colcon.colcon_core.shell:create_environment_hook('fast_lio', 'cmake_prefix_path')
[187.969s] INFO:colcon.colcon_core.shell:Creating environment hook '/home/seeed/ros2/ws/install/fast_lio/share/fast_lio/hook/cmake_prefix_path.ps1'
[187.975s] INFO:colcon.colcon_core.shell:Creating environment descriptor '/home/seeed/ros2/ws/install/fast_lio/share/fast_lio/hook/cmake_prefix_path.dsv'
[187.977s] INFO:colcon.colcon_core.shell:Creating environment hook '/home/seeed/ros2/ws/install/fast_lio/share/fast_lio/hook/cmake_prefix_path.sh'
[187.981s] Level 1:colcon.colcon_core.environment:checking '/home/seeed/ros2/ws/install/fast_lio/lib'
[187.981s] Level 1:colcon.colcon_core.shell:create_environment_hook('fast_lio', 'ld_library_path_lib')
[187.982s] INFO:colcon.colcon_core.shell:Creating environment hook '/home/seeed/ros2/ws/install/fast_lio/share/fast_lio/hook/ld_library_path_lib.ps1'
[187.984s] INFO:colcon.colcon_core.shell:Creating environment descriptor '/home/seeed/ros2/ws/install/fast_lio/share/fast_lio/hook/ld_library_path_lib.dsv'
[187.985s] INFO:colcon.colcon_core.shell:Creating environment hook '/home/seeed/ros2/ws/install/fast_lio/share/fast_lio/hook/ld_library_path_lib.sh'
[187.987s] Level 1:colcon.colcon_core.environment:checking '/home/seeed/ros2/ws/install/fast_lio/bin'
[187.987s] Level 1:colcon.colcon_core.environment:checking '/home/seeed/ros2/ws/install/fast_lio/lib/pkgconfig/fast_lio.pc'
[187.989s] Level 1:colcon.colcon_core.environment:checking '/home/seeed/ros2/ws/install/fast_lio/lib/python3.10/site-packages'
[187.990s] Level 1:colcon.colcon_core.environment:checking '/home/seeed/ros2/ws/install/fast_lio/bin'
[187.991s] INFO:colcon.colcon_core.shell:Creating package script '/home/seeed/ros2/ws/install/fast_lio/share/fast_lio/package.ps1'
[187.996s] INFO:colcon.colcon_core.shell:Creating package descriptor '/home/seeed/ros2/ws/install/fast_lio/share/fast_lio/package.dsv'
[187.998s] INFO:colcon.colcon_core.shell:Creating package script '/home/seeed/ros2/ws/install/fast_lio/share/fast_lio/package.sh'
[188.000s] INFO:colcon.colcon_core.shell:Creating package script '/home/seeed/ros2/ws/install/fast_lio/share/fast_lio/package.bash'
[188.003s] INFO:colcon.colcon_core.shell:Creating package script '/home/seeed/ros2/ws/install/fast_lio/share/fast_lio/package.zsh'
[188.005s] Level 1:colcon.colcon_core.environment:create_file_with_runtime_dependencies(/home/seeed/ros2/ws/install/fast_lio/share/colcon-core/packages/fast_lio)
[188.008s] Level 1:colcon.colcon_core.environment:create_environment_scripts_only(fast_lio)
[188.009s] Level 1:colcon.colcon_core.environment:checking '/home/seeed/ros2/ws/install/fast_lio' for CMake module files
[188.011s] Level 1:colcon.colcon_core.environment:checking '/home/seeed/ros2/ws/install/fast_lio' for CMake config files
[188.012s] Level 1:colcon.colcon_core.shell:create_environment_hook('fast_lio', 'cmake_prefix_path')
[188.013s] INFO:colcon.colcon_core.shell:Creating environment hook '/home/seeed/ros2/ws/install/fast_lio/share/fast_lio/hook/cmake_prefix_path.ps1'
[188.014s] INFO:colcon.colcon_core.shell:Creating environment descriptor '/home/seeed/ros2/ws/install/fast_lio/share/fast_lio/hook/cmake_prefix_path.dsv'
[188.015s] INFO:colcon.colcon_core.shell:Creating environment hook '/home/seeed/ros2/ws/install/fast_lio/share/fast_lio/hook/cmake_prefix_path.sh'
[188.017s] Level 1:colcon.colcon_core.environment:checking '/home/seeed/ros2/ws/install/fast_lio/lib'
[188.017s] Level 1:colcon.colcon_core.shell:create_environment_hook('fast_lio', 'ld_library_path_lib')
[188.017s] INFO:colcon.colcon_core.shell:Creating environment hook '/home/seeed/ros2/ws/install/fast_lio/share/fast_lio/hook/ld_library_path_lib.ps1'
[188.019s] INFO:colcon.colcon_core.shell:Creating environment descriptor '/home/seeed/ros2/ws/install/fast_lio/share/fast_lio/hook/ld_library_path_lib.dsv'
[188.019s] INFO:colcon.colcon_core.shell:Creating environment hook '/home/seeed/ros2/ws/install/fast_lio/share/fast_lio/hook/ld_library_path_lib.sh'
[188.021s] Level 1:colcon.colcon_core.environment:checking '/home/seeed/ros2/ws/install/fast_lio/bin'
[188.021s] Level 1:colcon.colcon_core.environment:checking '/home/seeed/ros2/ws/install/fast_lio/lib/pkgconfig/fast_lio.pc'
[188.021s] Level 1:colcon.colcon_core.environment:checking '/home/seeed/ros2/ws/install/fast_lio/lib/python3.10/site-packages'
[188.022s] Level 1:colcon.colcon_core.environment:checking '/home/seeed/ros2/ws/install/fast_lio/bin'
[188.023s] INFO:colcon.colcon_core.shell:Creating package script '/home/seeed/ros2/ws/install/fast_lio/share/fast_lio/package.ps1'
[188.027s] INFO:colcon.colcon_core.shell:Creating package descriptor '/home/seeed/ros2/ws/install/fast_lio/share/fast_lio/package.dsv'
[188.028s] INFO:colcon.colcon_core.shell:Creating package script '/home/seeed/ros2/ws/install/fast_lio/share/fast_lio/package.sh'
[188.029s] INFO:colcon.colcon_core.shell:Creating package script '/home/seeed/ros2/ws/install/fast_lio/share/fast_lio/package.bash'
[188.030s] INFO:colcon.colcon_core.shell:Creating package script '/home/seeed/ros2/ws/install/fast_lio/share/fast_lio/package.zsh'
[188.031s] Level 1:colcon.colcon_core.environment:create_file_with_runtime_dependencies(/home/seeed/ros2/ws/install/fast_lio/share/colcon-core/packages/fast_lio)
[188.032s] DEBUG:colcon.colcon_parallel_executor.executor.parallel:closing loop
[188.034s] DEBUG:colcon.colcon_parallel_executor.executor.parallel:loop closed
[188.034s] DEBUG:colcon.colcon_parallel_executor.executor.parallel:run_until_complete finished with '0'
[188.035s] DEBUG:colcon.colcon_core.event_reactor:joining thread
[188.039s] DEBUG:colcon.colcon_core.event_reactor:joined thread
[188.040s] INFO:colcon.colcon_core.shell:Creating prefix script '/home/seeed/ros2/ws/install/local_setup.ps1'
[188.043s] INFO:colcon.colcon_core.shell:Creating prefix util module '/home/seeed/ros2/ws/install/_local_setup_util_ps1.py'
[188.048s] INFO:colcon.colcon_core.shell:Creating prefix chain script '/home/seeed/ros2/ws/install/setup.ps1'
[188.051s] INFO:colcon.colcon_core.shell:Creating prefix script '/home/seeed/ros2/ws/install/local_setup.sh'
[188.053s] INFO:colcon.colcon_core.shell:Creating prefix util module '/home/seeed/ros2/ws/install/_local_setup_util_sh.py'
[188.054s] INFO:colcon.colcon_core.shell:Creating prefix chain script '/home/seeed/ros2/ws/install/setup.sh'
[188.057s] INFO:colcon.colcon_core.shell:Creating prefix script '/home/seeed/ros2/ws/install/local_setup.bash'
[188.058s] INFO:colcon.colcon_core.shell:Creating prefix chain script '/home/seeed/ros2/ws/install/setup.bash'
[188.061s] INFO:colcon.colcon_core.shell:Creating prefix script '/home/seeed/ros2/ws/install/local_setup.zsh'
[188.062s] INFO:colcon.colcon_core.shell:Creating prefix chain script '/home/seeed/ros2/ws/install/setup.zsh'
