-- The C compiler identification is GNU 11.4.0
-- The CXX compiler identification is GNU 11.4.0
-- Detecting C compiler ABI info
-- Detecting C compiler ABI info - done
-- Check for working C compiler: /usr/bin/cc - skipped
-- Detecting C compile features
-- Detecting C compile features - done
-- Detecting CXX compiler ABI info
-- Detecting CXX compiler ABI info - done
-- Check for working CXX compiler: /usr/bin/c++ - skipped
-- Detecting CXX compile features
-- Detecting CXX compile features - done
-- Build package with cmake
-- Setting build type to 'Release' as none was specified.
-- Tests will not be built
-- Performing Test CMAKE_HAVE_LIBC_PTHREAD
-- Performing Test CMAKE_HAVE_LIBC_PTHREAD - Success
-- Found Threads: TRUE  
-- Project will be installed to /home/seeed/ros2/ws/install/ugv_sdk with 'make install'
--  - To install LIB components to /home/seeed/ros2/ws/install/ugv_sdk/lib
--  - To install BIN components to /home/seeed/ros2/ws/install/ugv_sdk/bin
--  - To install INCLUDE components to /home/seeed/ros2/ws/install/ugv_sdk/include
--  - To install CMAKE components to /home/seeed/ros2/ws/install/ugv_sdk/share/cmake/ugv_sdk
-- Configuring done (1.5s)
-- Generating done (0.0s)
-- Build files have been written to: /home/seeed/ros2/ws/build/ugv_sdk
[  3%] [32mBuilding CXX object CMakeFiles/ugv_sdk.dir/src/utilities/protocol_detector.cpp.o[0m
[  6%] [32mBuilding CXX object CMakeFiles/ugv_sdk.dir/src/mobile_robot/scout_robot.cpp.o[0m
[ 10%] [32mBuilding CXX object CMakeFiles/ugv_sdk.dir/src/async_port/async_serial.cpp.o[0m
[ 13%] [32mBuilding CXX object CMakeFiles/ugv_sdk.dir/src/async_port/async_can.cpp.o[0m
[ 17%] [32mBuilding CXX object CMakeFiles/ugv_sdk.dir/src/mobile_robot/hunter_robot.cpp.o[0m
[ 20%] [32mBuilding CXX object CMakeFiles/ugv_sdk.dir/src/mobile_robot/bunker_robot.cpp.o[0m
[ 24%] [32mBuilding CXX object CMakeFiles/ugv_sdk.dir/src/mobile_robot/ranger_robot.cpp.o[0m
[ 27%] [32mBuilding CXX object CMakeFiles/ugv_sdk.dir/src/mobile_robot/titan_robot.cpp.o[0m
[ 31%] [32mBuilding C object CMakeFiles/ugv_sdk.dir/src/protocol_v1/agilex_msg_parser_v1.c.o[0m
[ 34%] [32mBuilding CXX object CMakeFiles/ugv_sdk.dir/src/protocol_v2/protocol_v2_parser.cpp.o[0m
[ 37%] [32mBuilding C object CMakeFiles/ugv_sdk.dir/src/protocol_v2/agilex_msg_parser_v2.c.o[0m
[ 41%] [32mBuilding CXX object CMakeFiles/ugv_sdk.dir/src/mobile_robot/tracer_robot.cpp.o[0m
[ 44%] [32m[1mLinking CXX static library lib/libugv_sdk.a[0m
[ 44%] Built target ugv_sdk
[ 48%] [32mBuilding CXX object sample/scout_demo/CMakeFiles/demo_scout_robot.dir/scout_robot_demo.cpp.o[0m
[ 51%] [32m[1mLinking CXX executable ../../bin/demo_scout_robot[0m
[ 51%] Built target demo_scout_robot
[ 55%] [32mBuilding CXX object sample/hunter_demo/CMakeFiles/demo_hunter_robot.dir/hunter_robot_demo.cpp.o[0m
[ 58%] [32m[1mLinking CXX executable ../../bin/demo_hunter_robot[0m
[ 58%] Built target demo_hunter_robot
[ 62%] [32mBuilding CXX object sample/utils_demo/CMakeFiles/demo_protocol_detector.dir/demo_protocol_detector.cpp.o[0m
[ 65%] [32m[1mLinking CXX executable ../../bin/demo_protocol_detector[0m
[ 65%] Built target demo_protocol_detector
[ 68%] [32mBuilding CXX object sample/utils_demo/CMakeFiles/demo_robot_version.dir/demo_robot_version.cpp.o[0m
[ 72%] [32m[1mLinking CXX executable ../../bin/demo_robot_version[0m
[ 72%] Built target demo_robot_version
[ 75%] [32mBuilding CXX object sample/bunker_demo/CMakeFiles/demo_bunker_robot.dir/bunker_robot_demo.cpp.o[0m
[ 79%] [32m[1mLinking CXX executable ../../bin/demo_bunker_robot[0m
[ 79%] Built target demo_bunker_robot
[ 82%] [32mBuilding CXX object sample/ranger_demo/CMakeFiles/demo_ranger_robot.dir/ranger_robot_demo.cpp.o[0m
[ 86%] [32m[1mLinking CXX executable ../../bin/demo_ranger_robot[0m
[ 86%] Built target demo_ranger_robot
[ 89%] [32mBuilding CXX object sample/tracer_demo/CMakeFiles/demo_tracer_robot.dir/tracer_robot_demo.cpp.o[0m
[ 93%] [32m[1mLinking CXX executable ../../bin/demo_tracer_robot[0m
[ 93%] Built target demo_tracer_robot
[ 96%] [32mBuilding CXX object sample/scout_demo/CMakeFiles/demo_scout_mini_omni_robot.dir/scout_mini_omni_demo.cpp.o[0m
[100%] [32m[1mLinking CXX executable ../../bin/demo_scout_mini_omni_robot[0m
[100%] Built target demo_scout_mini_omni_robot
-- Install configuration: "Release"
-- Installing: /home/seeed/ros2/ws/install/ugv_sdk/lib/libugv_sdk.a
-- Installing: /home/seeed/ros2/ws/install/ugv_sdk/include/ugv_sdk
-- Installing: /home/seeed/ros2/ws/install/ugv_sdk/include/ugv_sdk/mobile_robot
-- Installing: /home/seeed/ros2/ws/install/ugv_sdk/include/ugv_sdk/mobile_robot/scout_robot.hpp
-- Installing: /home/seeed/ros2/ws/install/ugv_sdk/include/ugv_sdk/mobile_robot/ranger_robot.hpp
-- Installing: /home/seeed/ros2/ws/install/ugv_sdk/include/ugv_sdk/mobile_robot/titan_robot.hpp
-- Installing: /home/seeed/ros2/ws/install/ugv_sdk/include/ugv_sdk/mobile_robot/tracer_robot.hpp
-- Installing: /home/seeed/ros2/ws/install/ugv_sdk/include/ugv_sdk/mobile_robot/bunker_robot.hpp
-- Installing: /home/seeed/ros2/ws/install/ugv_sdk/include/ugv_sdk/mobile_robot/hunter_robot.hpp
-- Installing: /home/seeed/ros2/ws/install/ugv_sdk/include/ugv_sdk/details
-- Installing: /home/seeed/ros2/ws/install/ugv_sdk/include/ugv_sdk/details/robot_base
-- Installing: /home/seeed/ros2/ws/install/ugv_sdk/include/ugv_sdk/details/robot_base/scout_base.hpp
-- Installing: /home/seeed/ros2/ws/install/ugv_sdk/include/ugv_sdk/details/robot_base/hunter_base.hpp
-- Installing: /home/seeed/ros2/ws/install/ugv_sdk/include/ugv_sdk/details/robot_base/ranger_base.hpp
-- Installing: /home/seeed/ros2/ws/install/ugv_sdk/include/ugv_sdk/details/robot_base/tracer_base.hpp
-- Installing: /home/seeed/ros2/ws/install/ugv_sdk/include/ugv_sdk/details/robot_base/agilex_base.hpp
-- Installing: /home/seeed/ros2/ws/install/ugv_sdk/include/ugv_sdk/details/robot_base/titan_base.hpp
-- Installing: /home/seeed/ros2/ws/install/ugv_sdk/include/ugv_sdk/details/robot_base/bunker_base.hpp
-- Installing: /home/seeed/ros2/ws/install/ugv_sdk/include/ugv_sdk/details/protocol_v1
-- Installing: /home/seeed/ros2/ws/install/ugv_sdk/include/ugv_sdk/details/protocol_v1/protocol_v1_parser.hpp
-- Installing: /home/seeed/ros2/ws/install/ugv_sdk/include/ugv_sdk/details/protocol_v1/robot_limits.hpp
-- Installing: /home/seeed/ros2/ws/install/ugv_sdk/include/ugv_sdk/details/protocol_v1/agilex_msg_parser_v1.h
-- Installing: /home/seeed/ros2/ws/install/ugv_sdk/include/ugv_sdk/details/parser_base.hpp
-- Installing: /home/seeed/ros2/ws/install/ugv_sdk/include/ugv_sdk/details/async_port
-- Installing: /home/seeed/ros2/ws/install/ugv_sdk/include/ugv_sdk/details/async_port/async_serial.hpp
-- Installing: /home/seeed/ros2/ws/install/ugv_sdk/include/ugv_sdk/details/async_port/ring_buffer.hpp
-- Installing: /home/seeed/ros2/ws/install/ugv_sdk/include/ugv_sdk/details/async_port/async_can.hpp
-- Installing: /home/seeed/ros2/ws/install/ugv_sdk/include/ugv_sdk/details/interface
-- Installing: /home/seeed/ros2/ws/install/ugv_sdk/include/ugv_sdk/details/interface/scout_interface.hpp
-- Installing: /home/seeed/ros2/ws/install/ugv_sdk/include/ugv_sdk/details/interface/tracer_interface.hpp
-- Installing: /home/seeed/ros2/ws/install/ugv_sdk/include/ugv_sdk/details/interface/agilex_message.h
-- Installing: /home/seeed/ros2/ws/install/ugv_sdk/include/ugv_sdk/details/interface/hunter_interface.hpp
-- Installing: /home/seeed/ros2/ws/install/ugv_sdk/include/ugv_sdk/details/interface/agilex_types.h
-- Installing: /home/seeed/ros2/ws/install/ugv_sdk/include/ugv_sdk/details/interface/bunker_interface.hpp
-- Installing: /home/seeed/ros2/ws/install/ugv_sdk/include/ugv_sdk/details/interface/robot_common_interface.hpp
-- Installing: /home/seeed/ros2/ws/install/ugv_sdk/include/ugv_sdk/details/interface/titan_interface.hpp
-- Installing: /home/seeed/ros2/ws/install/ugv_sdk/include/ugv_sdk/details/interface/ranger_interface.hpp
-- Installing: /home/seeed/ros2/ws/install/ugv_sdk/include/ugv_sdk/details/protocol_v2
-- Installing: /home/seeed/ros2/ws/install/ugv_sdk/include/ugv_sdk/details/protocol_v2/protocol_v2_parser.hpp
-- Installing: /home/seeed/ros2/ws/install/ugv_sdk/include/ugv_sdk/utilities
-- Installing: /home/seeed/ros2/ws/install/ugv_sdk/include/ugv_sdk/utilities/protocol_detector.hpp
-- Installing: /home/seeed/ros2/ws/install/ugv_sdk/lib/cmake/ugv_sdk/ugv_sdkTargets.cmake
-- Installing: /home/seeed/ros2/ws/install/ugv_sdk/lib/cmake/ugv_sdk/ugv_sdkTargets-release.cmake
-- Installing: /home/seeed/ros2/ws/install/ugv_sdk/lib/cmake/ugv_sdk/ugv_sdkConfig.cmake
-- Installing: /home/seeed/ros2/ws/install/ugv_sdk/lib/cmake/ugv_sdk/ugv_sdkConfigVersion.cmake
