[0.019s] Invoking command in '/home/seeed/ros2/ws/build/vikit_ros': CMAKE_PREFIX_PATH=/opt/ros/humble:/home/seeed/ros2/ws/install/vikit_common LD_LIBRARY_PATH=/home/seeed/ros2/ws/install/vikit_common/lib:${LD_LIBRARY_PATH} PKG_CONFIG_PATH=/home/seeed/ros2/ws/install/vikit_common/lib/aarch64-linux-gnu/pkgconfig:/home/seeed/ros2/ws/install/vikit_common/lib/pkgconfig ROS_PACKAGE_PATH=/home/seeed/ros2/ws/install/vikit_common/share /usr/local/bin/cmake /home/seeed/ros2/ws/src/depd/rpg_vikit/vikit_ros -DCMAKE_INSTALL_PREFIX=/home/seeed/ros2/ws/install/vikit_ros
[0.135s] -- The C compiler identification is GNU 11.4.0
[0.278s] -- The CXX compiler identification is GNU 11.4.0
[0.333s] -- Detecting C compiler ABI info
[0.494s] -- Detecting C compiler ABI info - done
[0.519s] -- Check for working C compiler: /usr/bin/cc - skipped
[0.521s] -- Detecting C compile features
[0.521s] -- Detecting C compile features - done
[0.543s] -- Detecting CXX compiler ABI info
[0.713s] -- Detecting CXX compiler ABI info - done
[0.737s] -- Check for working CXX compiler: /usr/bin/c++ - skipped
[0.738s] -- Detecting CXX compile features
[0.739s] -- Detecting CXX compile features - done
[0.745s] -- Found ament_cmake: 1.3.14 (/opt/ros/humble/share/ament_cmake/cmake)
[1.108s] -- Found Python3: /usr/bin/python3 (found version "3.10.12") found components: Interpreter 
[1.320s] -- Found rclcpp: 16.0.19 (/opt/ros/humble/share/rclcpp/cmake)
[1.462s] -- Found rosidl_generator_c: 3.1.8 (/opt/ros/humble/share/rosidl_generator_c/cmake)
[1.478s] -- Found rosidl_adapter: 3.1.8 (/opt/ros/humble/share/rosidl_adapter/cmake)
[1.511s] -- Found rosidl_generator_cpp: 3.1.8 (/opt/ros/humble/share/rosidl_generator_cpp/cmake)
[1.561s] -- Using all available rosidl_typesupport_c: rosidl_typesupport_fastrtps_c;rosidl_typesupport_introspection_c
[1.609s] -- Using all available rosidl_typesupport_cpp: rosidl_typesupport_fastrtps_cpp;rosidl_typesupport_introspection_cpp
[1.732s] -- Found rmw_implementation_cmake: 6.1.2 (/opt/ros/humble/share/rmw_implementation_cmake/cmake)
[1.738s] -- Found rmw_fastrtps_cpp: 6.2.10 (/opt/ros/humble/share/rmw_fastrtps_cpp/cmake)
[1.941s] -- Found OpenSSL: /usr/lib/aarch64-linux-gnu/libcrypto.so (found version "3.0.2")  
[2.017s] -- Found FastRTPS: /opt/ros/humble/include  
[2.121s] -- Using RMW implementation 'rmw_fastrtps_cpp' as default
[2.142s] -- Performing Test CMAKE_HAVE_LIBC_PTHREAD
[2.311s] -- Performing Test CMAKE_HAVE_LIBC_PTHREAD - Success
[2.315s] -- Found Threads: TRUE  
[2.475s] -- Found vikit_common: 0.0.0 (/home/seeed/ros2/ws/install/vikit_common/share/vikit_common/cmake)
[2.556s] -- Found visualization_msgs: 4.9.1 (/opt/ros/humble/share/visualization_msgs/cmake)
[2.737s] -- Found tf2_ros: 0.25.20 (/opt/ros/humble/share/tf2_ros/cmake)
[3.042s] -- Found OpenCV: /usr (found version "4.5.4") 
[3.050s] -- Found tf2_geometry_msgs: 0.25.20 (/opt/ros/humble/share/tf2_geometry_msgs/cmake)
[3.076s] -- Found eigen3_cmake_module: 0.1.1 (/opt/ros/humble/share/eigen3_cmake_module/cmake)
[3.082s] -- Found Eigen3: TRUE (found version "3.4.0") 
[3.083s] -- Ensuring Eigen3 include directory is part of orocos-kdl CMake target
[3.296s] -- Configuring done (3.3s)
[3.345s] -- Generating done (0.0s)
[3.358s] -- Build files have been written to: /home/seeed/ros2/ws/build/vikit_ros
[3.393s] Invoked command in '/home/seeed/ros2/ws/build/vikit_ros' returned '0': CMAKE_PREFIX_PATH=/opt/ros/humble:/home/seeed/ros2/ws/install/vikit_common LD_LIBRARY_PATH=/home/seeed/ros2/ws/install/vikit_common/lib:${LD_LIBRARY_PATH} PKG_CONFIG_PATH=/home/seeed/ros2/ws/install/vikit_common/lib/aarch64-linux-gnu/pkgconfig:/home/seeed/ros2/ws/install/vikit_common/lib/pkgconfig ROS_PACKAGE_PATH=/home/seeed/ros2/ws/install/vikit_common/share /usr/local/bin/cmake /home/seeed/ros2/ws/src/depd/rpg_vikit/vikit_ros -DCMAKE_INSTALL_PREFIX=/home/seeed/ros2/ws/install/vikit_ros
[3.394s] Invoking command in '/home/seeed/ros2/ws/build/vikit_ros': CMAKE_PREFIX_PATH=/opt/ros/humble:/home/seeed/ros2/ws/install/vikit_common LD_LIBRARY_PATH=/home/seeed/ros2/ws/install/vikit_common/lib:${LD_LIBRARY_PATH} PKG_CONFIG_PATH=/home/seeed/ros2/ws/install/vikit_common/lib/aarch64-linux-gnu/pkgconfig:/home/seeed/ros2/ws/install/vikit_common/lib/pkgconfig ROS_PACKAGE_PATH=/home/seeed/ros2/ws/install/vikit_common/share /usr/local/bin/cmake --build /home/seeed/ros2/ws/build/vikit_ros -- -j6 -l6
[3.461s] [ 50%] [32mBuilding CXX object CMakeFiles/vikit_ros.dir/src/output_helper.cpp.o[0m
[17.514s] [100%] [32m[1mLinking CXX shared library libvikit_ros.so[0m
[17.854s] [100%] Built target vikit_ros
[17.866s] Invoked command in '/home/seeed/ros2/ws/build/vikit_ros' returned '0': CMAKE_PREFIX_PATH=/opt/ros/humble:/home/seeed/ros2/ws/install/vikit_common LD_LIBRARY_PATH=/home/seeed/ros2/ws/install/vikit_common/lib:${LD_LIBRARY_PATH} PKG_CONFIG_PATH=/home/seeed/ros2/ws/install/vikit_common/lib/aarch64-linux-gnu/pkgconfig:/home/seeed/ros2/ws/install/vikit_common/lib/pkgconfig ROS_PACKAGE_PATH=/home/seeed/ros2/ws/install/vikit_common/share /usr/local/bin/cmake --build /home/seeed/ros2/ws/build/vikit_ros -- -j6 -l6
[17.871s] Invoking command in '/home/seeed/ros2/ws/build/vikit_ros': CMAKE_PREFIX_PATH=/opt/ros/humble:/home/seeed/ros2/ws/install/vikit_common LD_LIBRARY_PATH=/home/seeed/ros2/ws/install/vikit_common/lib:${LD_LIBRARY_PATH} PKG_CONFIG_PATH=/home/seeed/ros2/ws/install/vikit_common/lib/aarch64-linux-gnu/pkgconfig:/home/seeed/ros2/ws/install/vikit_common/lib/pkgconfig ROS_PACKAGE_PATH=/home/seeed/ros2/ws/install/vikit_common/share /usr/local/bin/cmake --install /home/seeed/ros2/ws/build/vikit_ros
[17.877s] -- Install configuration: "Release"
[17.877s] -- Installing: /home/seeed/ros2/ws/install/vikit_ros/include/vikit_ros
[17.877s] -- Installing: /home/seeed/ros2/ws/install/vikit_ros/include/vikit_ros/vikit
[17.878s] -- Installing: /home/seeed/ros2/ws/install/vikit_ros/include/vikit_ros/vikit/output_helper.h
[17.879s] -- Installing: /home/seeed/ros2/ws/install/vikit_ros/include/vikit_ros/vikit/camera_loader.h
[17.880s] -- Installing: /home/seeed/ros2/ws/install/vikit_ros/include/vikit_ros/vikit/params_helper.h
[17.880s] -- Installing: /home/seeed/ros2/ws/install/vikit_ros/lib/libvikit_ros.so
[17.880s] -- Set runtime path of "/home/seeed/ros2/ws/install/vikit_ros/lib/libvikit_ros.so" to ""
[17.881s] -- Installing: /home/seeed/ros2/ws/install/vikit_ros/share/vikit_ros/environment/library_path.sh
[17.881s] -- Installing: /home/seeed/ros2/ws/install/vikit_ros/share/vikit_ros/environment/library_path.dsv
[17.882s] -- Installing: /home/seeed/ros2/ws/install/vikit_ros/share/ament_index/resource_index/package_run_dependencies/vikit_ros
[17.882s] -- Installing: /home/seeed/ros2/ws/install/vikit_ros/share/ament_index/resource_index/parent_prefix_path/vikit_ros
[17.883s] -- Installing: /home/seeed/ros2/ws/install/vikit_ros/share/vikit_ros/environment/ament_prefix_path.sh
[17.883s] -- Installing: /home/seeed/ros2/ws/install/vikit_ros/share/vikit_ros/environment/ament_prefix_path.dsv
[17.883s] -- Installing: /home/seeed/ros2/ws/install/vikit_ros/share/vikit_ros/environment/path.sh
[17.884s] -- Installing: /home/seeed/ros2/ws/install/vikit_ros/share/vikit_ros/environment/path.dsv
[17.885s] -- Installing: /home/seeed/ros2/ws/install/vikit_ros/share/vikit_ros/local_setup.bash
[17.885s] -- Installing: /home/seeed/ros2/ws/install/vikit_ros/share/vikit_ros/local_setup.sh
[17.887s] -- Installing: /home/seeed/ros2/ws/install/vikit_ros/share/vikit_ros/local_setup.zsh
[17.890s] -- Installing: /home/seeed/ros2/ws/install/vikit_ros/share/vikit_ros/local_setup.dsv
[17.891s] -- Installing: /home/seeed/ros2/ws/install/vikit_ros/share/vikit_ros/package.dsv
[17.891s] -- Installing: /home/seeed/ros2/ws/install/vikit_ros/share/ament_index/resource_index/packages/vikit_ros
[17.891s] -- Installing: /home/seeed/ros2/ws/install/vikit_ros/share/vikit_ros/cmake/vikit_rosExport.cmake
[17.891s] -- Installing: /home/seeed/ros2/ws/install/vikit_ros/share/vikit_ros/cmake/vikit_rosExport-release.cmake
[17.891s] -- Installing: /home/seeed/ros2/ws/install/vikit_ros/share/vikit_ros/cmake/ament_cmake_export_dependencies-extras.cmake
[17.892s] -- Installing: /home/seeed/ros2/ws/install/vikit_ros/share/vikit_ros/cmake/ament_cmake_export_include_directories-extras.cmake
[17.892s] -- Installing: /home/seeed/ros2/ws/install/vikit_ros/share/vikit_ros/cmake/ament_cmake_export_libraries-extras.cmake
[17.892s] -- Installing: /home/seeed/ros2/ws/install/vikit_ros/share/vikit_ros/cmake/ament_cmake_export_targets-extras.cmake
[17.893s] -- Installing: /home/seeed/ros2/ws/install/vikit_ros/share/vikit_ros/cmake/vikit_rosConfig.cmake
[17.893s] -- Installing: /home/seeed/ros2/ws/install/vikit_ros/share/vikit_ros/cmake/vikit_rosConfig-version.cmake
[17.893s] -- Installing: /home/seeed/ros2/ws/install/vikit_ros/share/vikit_ros/package.xml
[17.897s] Invoked command in '/home/seeed/ros2/ws/build/vikit_ros' returned '0': CMAKE_PREFIX_PATH=/opt/ros/humble:/home/seeed/ros2/ws/install/vikit_common LD_LIBRARY_PATH=/home/seeed/ros2/ws/install/vikit_common/lib:${LD_LIBRARY_PATH} PKG_CONFIG_PATH=/home/seeed/ros2/ws/install/vikit_common/lib/aarch64-linux-gnu/pkgconfig:/home/seeed/ros2/ws/install/vikit_common/lib/pkgconfig ROS_PACKAGE_PATH=/home/seeed/ros2/ws/install/vikit_common/share /usr/local/bin/cmake --install /home/seeed/ros2/ws/build/vikit_ros
