[INFO] [launch]: All log files can be found below /home/seeed/.ros/log/2026-06-26-10-32-16-362099-seeed-2348
[INFO] [launch]: Default logging verbosity is set to INFO
[INFO] [fastlio_mapping-1]: process started with pid [2366]
[fastlio_mapping-1] [INFO] [1782441136.700175102] [laser_mapping]: p_pre->lidar_type 1
[fastlio_mapping-1] Multi thread started 
[fastlio_mapping-1] ~~~~/home/seeed/ros2/ws/src/slam/fast_lio/ file opened
[fastlio_mapping-1] [INFO] [1782441136.717427718] [laser_mapping]: Node init finished.
[fastlio_mapping-1] [WARN] [1782441137.228617647] [laser_mapping]: No point, skip this scan!
[fastlio_mapping-1] 
[fastlio_mapping-1] [WARN] [1782441137.330149501] [laser_mapping]: No point, skip this scan!
[fastlio_mapping-1] 
[fastlio_mapping-1] [WARN] [1782441137.426953681] [laser_mapping]: No point, skip this scan!
[fastlio_mapping-1] 
[fastlio_mapping-1] [WARN] [1782441137.526754878] [laser_mapping]: No point, skip this scan!
[fastlio_mapping-1] 
[fastlio_mapping-1] IMU Initial Done
[fastlio_mapping-1] [WARN] [1782441137.626743087] [laser_mapping]: No point, skip this scan!
[fastlio_mapping-1] 
[fastlio_mapping-1] [INFO] [1782441137.735205217] [laser_mapping]: Initialize the map kdtree
[fastlio_mapping-1] [INFO] [1782442245.177882357] [rclcpp]: signal_handler(SIGINT/SIGTERM)
