[0.044s] Invoking command in '/home/seeed/ros2/ws/build/fast_lio': AMENT_PREFIX_PATH=/home/seeed/ros2/ws/install/livox_ros_driver2:${AMENT_PREFIX_PATH} CMAKE_PREFIX_PATH=/home/seeed/ros2/ws/install/livox_ros_driver2:/opt/ros/humble LD_LIBRARY_PATH=/home/seeed/ros2/ws/install/livox_ros_driver2/lib:${LD_LIBRARY_PATH} PYTHONPATH=/home/seeed/ros2/ws/install/livox_ros_driver2/local/lib/python3.10/dist-packages:${PYTHONPATH} /usr/local/bin/cmake /home/seeed/ros2/ws/src/slam/fast_lio -DCMAKE_BUILD_TYPE=Release -DCMAKE_INSTALL_PREFIX=/home/seeed/ros2/ws/install/fast_lio
[0.136s] Current CPU archtecture: aarch64
[0.149s] CMake Warning (dev) at CMakeLists.txt:47 (find_package):
[0.149s]   Policy CMP0148 is not set: The FindPythonInterp and FindPythonLibs modules
[0.149s]   are removed.  Run "cmake --help-policy CMP0148" for policy details.  Use
[0.149s]   the cmake_policy command to set the policy and suppress this warning.
[0.149s] 
[0.149s] This warning is for project developers.  Use -Wno-dev to suppress it.
[0.150s] 
[0.158s] -- Found PythonLibs: /usr/lib/aarch64-linux-gnu/libpython3.10.so (found version "3.10.12") 
[0.163s] -- Found ament_cmake: 1.3.14 (/opt/ros/humble/share/ament_cmake/cmake)
[0.783s] -- Found rclcpp: 16.0.19 (/opt/ros/humble/share/rclcpp/cmake)
[0.924s] -- Found rosidl_generator_c: 3.1.8 (/opt/ros/humble/share/rosidl_generator_c/cmake)
[0.943s] -- Found rosidl_adapter: 3.1.8 (/opt/ros/humble/share/rosidl_adapter/cmake)
[0.972s] -- Found rosidl_generator_cpp: 3.1.8 (/opt/ros/humble/share/rosidl_generator_cpp/cmake)
[1.022s] -- Using all available rosidl_typesupport_c: rosidl_typesupport_fastrtps_c;rosidl_typesupport_introspection_c
[1.096s] -- Using all available rosidl_typesupport_cpp: rosidl_typesupport_fastrtps_cpp;rosidl_typesupport_introspection_cpp
[1.300s] -- Found rmw_implementation_cmake: 6.1.2 (/opt/ros/humble/share/rmw_implementation_cmake/cmake)
[1.308s] -- Found rmw_fastrtps_cpp: 6.2.10 (/opt/ros/humble/share/rmw_fastrtps_cpp/cmake)
[1.878s] -- Using RMW implementation 'rmw_fastrtps_cpp' as default
[2.503s] -- Found rclcpp_components: 16.0.19 (/opt/ros/humble/share/rclcpp_components/cmake)
[2.770s] -- Found geometry_msgs: 4.9.1 (/opt/ros/humble/share/geometry_msgs/cmake)
[2.863s] -- Found nav_msgs: 4.9.1 (/opt/ros/humble/share/nav_msgs/cmake)
[2.923s] -- Found sensor_msgs: 4.9.1 (/opt/ros/humble/share/sensor_msgs/cmake)
[2.992s] -- Found std_srvs: 4.9.1 (/opt/ros/humble/share/std_srvs/cmake)
[3.090s] -- Found visualization_msgs: 4.9.1 (/opt/ros/humble/share/visualization_msgs/cmake)
[3.171s] -- Found pcl_ros: 2.4.5 (/opt/ros/humble/share/pcl_ros/cmake)
[3.319s] CMake Warning (dev) at /usr/lib/aarch64-linux-gnu/cmake/pcl/PCLConfig.cmake:146 (find_package):
[3.319s]   Policy CMP0144 is not set: find_package uses upper-case <PACKAGENAME>_ROOT
[3.319s]   variables.  Run "cmake --help-policy CMP0144" for policy details.  Use the
[3.320s]   cmake_policy command to set the policy and suppress this warning.
[3.320s] 
[3.320s]   CMake variable EIGEN_ROOT is set to:
[3.320s] 
[3.320s]     /usr/include/eigen3
[3.320s] 
[3.320s]   For compatibility, find_package is ignoring the variable, but code in a
[3.321s]   .cmake module might still use it.
[3.321s] Call Stack (most recent call first):
[3.321s]   /usr/lib/aarch64-linux-gnu/cmake/pcl/PCLConfig.cmake:299 (find_eigen)
[3.321s]   /usr/lib/aarch64-linux-gnu/cmake/pcl/PCLConfig.cmake:543 (find_external_library)
[3.321s]   /opt/ros/humble/share/pcl_conversions/cmake/ament_cmake_export_dependencies-extras.cmake:21 (find_package)
[3.321s]   /opt/ros/humble/share/pcl_conversions/cmake/pcl_conversionsConfig.cmake:41 (include)
[3.322s]   /opt/ros/humble/share/pcl_ros/cmake/ament_cmake_export_dependencies-extras.cmake:21 (find_package)
[3.322s]   /opt/ros/humble/share/pcl_ros/cmake/pcl_rosConfig.cmake:41 (include)
[3.322s]   CMakeLists.txt:60 (find_package)
[3.322s] This warning is for project developers.  Use -Wno-dev to suppress it.
[3.331s] 
[3.353s] -- Eigen found (include: /usr/include/eigen3, version: 3.4.0)
[3.404s] CMake Warning (dev) at /usr/lib/aarch64-linux-gnu/cmake/pcl/Modules/FindFLANN.cmake:44 (find_package):
[3.404s]   Policy CMP0144 is not set: find_package uses upper-case <PACKAGENAME>_ROOT
[3.404s]   variables.  Run "cmake --help-policy CMP0144" for policy details.  Use the
[3.404s]   cmake_policy command to set the policy and suppress this warning.
[3.405s] 
[3.405s]   CMake variable FLANN_ROOT is set to:
[3.405s] 
[3.405s]     /usr
[3.405s] 
[3.405s]   For compatibility, find_package is ignoring the variable, but code in a
[3.405s]   .cmake module might still use it.
[3.406s] Call Stack (most recent call first):
[3.406s]   /usr/lib/aarch64-linux-gnu/cmake/pcl/PCLConfig.cmake:256 (find_package)
[3.406s]   /usr/lib/aarch64-linux-gnu/cmake/pcl/PCLConfig.cmake:301 (find_flann)
[3.406s]   /usr/lib/aarch64-linux-gnu/cmake/pcl/PCLConfig.cmake:543 (find_external_library)
[3.406s]   /opt/ros/humble/share/pcl_conversions/cmake/ament_cmake_export_dependencies-extras.cmake:21 (find_package)
[3.406s]   /opt/ros/humble/share/pcl_conversions/cmake/pcl_conversionsConfig.cmake:41 (include)
[3.406s]   /opt/ros/humble/share/pcl_ros/cmake/ament_cmake_export_dependencies-extras.cmake:21 (find_package)
[3.407s]   /opt/ros/humble/share/pcl_ros/cmake/pcl_rosConfig.cmake:41 (include)
[3.407s]   CMakeLists.txt:60 (find_package)
[3.407s] This warning is for project developers.  Use -Wno-dev to suppress it.
[3.407s] 
[3.469s] -- FLANN found (include: /usr/include, lib: /usr/lib/aarch64-linux-gnu/libflann_cpp.so)
[5.250s] -- OpenNI found (version: 1.5.4.0, include: /usr/include/ni, lib: /usr/lib/libOpenNI.so;libusb::libusb)
[5.271s] -- OpenNI2 found (version: 2.2.0.33, include: /usr/include/openni2, lib: /usr/lib/aarch64-linux-gnu/libOpenNI2.so;libusb::libusb)
[6.207s] -- Eigen found (include: /usr/include/eigen3, version: 3.4.0)
[6.231s] -- OpenNI found (version: 1.5.4.0, include: /usr/include/ni, lib: /usr/lib/libOpenNI.so;libusb::libusb)
[6.255s] -- OpenNI2 found (version: 2.2.0.33, include: /usr/include/openni2, lib: /usr/lib/aarch64-linux-gnu/libOpenNI2.so;libusb::libusb)
[6.873s] -- Found Qhull version 8.0.2
[7.665s] -- OpenNI found (version: 1.5.4.0, include: /usr/include/ni, lib: /usr/lib/libOpenNI.so;libusb::libusb)
[8.763s] -- Found eigen3_cmake_module: 0.1.1 (/opt/ros/humble/share/eigen3_cmake_module/cmake)
[8.768s] -- Ensuring Eigen3 include directory is part of orocos-kdl CMake target
[9.083s] -- Found livox_ros_driver2: 1.0.0 (/home/seeed/ros2/ws/install/livox_ros_driver2/share/livox_ros_driver2/cmake)
[9.230s] -- Found rosidl_default_generators: 1.2.1 (/opt/ros/humble/share/rosidl_default_generators/cmake)
[9.301s] CMake Warning (dev) at CMakeLists.txt:81 (find_package):
[9.301s]   Policy CMP0074 is not set: find_package uses <PackageName>_ROOT variables.
[9.301s]   Run "cmake --help-policy CMP0074" for policy details.  Use the cmake_policy
[9.302s]   command to set the policy and suppress this warning.
[9.302s] 
[9.302s]   CMake variable PCL_ROOT is set to:
[9.302s] 
[9.302s]     /usr
[9.302s] 
[9.303s]   For compatibility, CMake is ignoring the variable.
[9.303s] This warning is for project developers.  Use -Wno-dev to suppress it.
[9.303s] 
[9.325s] Eigen:/usr/include/eigen3
[9.326s] -- PCL: /usr/include/pcl-1.12
[11.064s] -- Found ament_cmake_ros: 0.10.0 (/opt/ros/humble/share/ament_cmake_ros/cmake)
[14.878s] -- Using all available rosidl_typesupport_c: rosidl_typesupport_fastrtps_c;rosidl_typesupport_introspection_c
[15.535s] -- Using all available rosidl_typesupport_cpp: rosidl_typesupport_fastrtps_cpp;rosidl_typesupport_introspection_cpp
[15.543s] CMake Warning (dev) at /opt/ros/humble/share/rosidl_generator_py/cmake/rosidl_generator_py_generate_interfaces.cmake:20 (find_package):
[15.543s]   Policy CMP0148 is not set: The FindPythonInterp and FindPythonLibs modules
[15.543s]   are removed.  Run "cmake --help-policy CMP0148" for policy details.  Use
[15.543s]   the cmake_policy command to set the policy and suppress this warning.
[15.543s] 
[15.543s] Call Stack (most recent call first):
[15.544s]   /opt/ros/humble/share/ament_cmake_core/cmake/core/ament_execute_extensions.cmake:48 (include)
[15.544s]   /opt/ros/humble/share/rosidl_cmake/cmake/rosidl_generate_interfaces.cmake:286 (ament_execute_extensions)
[15.544s]   CMakeLists.txt:90 (rosidl_generate_interfaces)
[15.544s] This warning is for project developers.  Use -Wno-dev to suppress it.
[15.545s] 
[15.598s] -- Found python_cmake_module: 0.10.0 (/opt/ros/humble/share/python_cmake_module/cmake)
[15.600s] CMake Warning (dev) at /opt/ros/humble/share/python_cmake_module/cmake/Modules/FindPythonExtra.cmake:52 (find_package):
[15.600s]   Policy CMP0148 is not set: The FindPythonInterp and FindPythonLibs modules
[15.601s]   are removed.  Run "cmake --help-policy CMP0148" for policy details.  Use
[15.601s]   the cmake_policy command to set the policy and suppress this warning.
[15.601s] 
[15.601s] Call Stack (most recent call first):
[15.601s]   /opt/ros/humble/share/rosidl_generator_py/cmake/rosidl_generator_py_generate_interfaces.cmake:23 (find_package)
[15.601s]   /opt/ros/humble/share/ament_cmake_core/cmake/core/ament_execute_extensions.cmake:48 (include)
[15.601s]   /opt/ros/humble/share/rosidl_cmake/cmake/rosidl_generate_interfaces.cmake:286 (ament_execute_extensions)
[15.602s]   CMakeLists.txt:90 (rosidl_generate_interfaces)
[15.602s] This warning is for project developers.  Use -Wno-dev to suppress it.
[15.602s] 
[15.654s] CMake Warning (dev) at /opt/ros/humble/share/python_cmake_module/cmake/Modules/FindPythonExtra.cmake:140 (find_package):
[15.654s]   Policy CMP0148 is not set: The FindPythonInterp and FindPythonLibs modules
[15.654s]   are removed.  Run "cmake --help-policy CMP0148" for policy details.  Use
[15.654s]   the cmake_policy command to set the policy and suppress this warning.
[15.654s] 
[15.655s] Call Stack (most recent call first):
[15.655s]   /opt/ros/humble/share/rosidl_generator_py/cmake/rosidl_generator_py_generate_interfaces.cmake:23 (find_package)
[15.655s]   /opt/ros/humble/share/ament_cmake_core/cmake/core/ament_execute_extensions.cmake:48 (include)
[15.655s]   /opt/ros/humble/share/rosidl_cmake/cmake/rosidl_generate_interfaces.cmake:286 (ament_execute_extensions)
[15.655s]   CMakeLists.txt:90 (rosidl_generate_interfaces)
[15.655s] This warning is for project developers.  Use -Wno-dev to suppress it.
[15.656s] 
[15.661s] -- Found PythonLibs: /usr/lib/aarch64-linux-gnu/libpython3.10.so (found suitable version "3.10.12", minimum required is "3.5") 
[15.663s] -- Using PYTHON_EXECUTABLE: /usr/bin/python3
[15.663s] -- Using PYTHON_INCLUDE_DIRS: /usr/include/python3.10
[15.664s] -- Using PYTHON_LIBRARIES: /usr/lib/aarch64-linux-gnu/libpython3.10.so
[16.155s] -- Configuring done (16.1s)
[16.694s] -- Generating done (0.4s)
[16.777s] -- Build files have been written to: /home/seeed/ros2/ws/build/fast_lio
[16.870s] Invoked command in '/home/seeed/ros2/ws/build/fast_lio' returned '0': AMENT_PREFIX_PATH=/home/seeed/ros2/ws/install/livox_ros_driver2:${AMENT_PREFIX_PATH} CMAKE_PREFIX_PATH=/home/seeed/ros2/ws/install/livox_ros_driver2:/opt/ros/humble LD_LIBRARY_PATH=/home/seeed/ros2/ws/install/livox_ros_driver2/lib:${LD_LIBRARY_PATH} PYTHONPATH=/home/seeed/ros2/ws/install/livox_ros_driver2/local/lib/python3.10/dist-packages:${PYTHONPATH} /usr/local/bin/cmake /home/seeed/ros2/ws/src/slam/fast_lio -DCMAKE_BUILD_TYPE=Release -DCMAKE_INSTALL_PREFIX=/home/seeed/ros2/ws/install/fast_lio
[16.871s] Invoking command in '/home/seeed/ros2/ws/build/fast_lio': AMENT_PREFIX_PATH=/home/seeed/ros2/ws/install/livox_ros_driver2:${AMENT_PREFIX_PATH} CMAKE_PREFIX_PATH=/home/seeed/ros2/ws/install/livox_ros_driver2:/opt/ros/humble LD_LIBRARY_PATH=/home/seeed/ros2/ws/install/livox_ros_driver2/lib:${LD_LIBRARY_PATH} PYTHONPATH=/home/seeed/ros2/ws/install/livox_ros_driver2/local/lib/python3.10/dist-packages:${PYTHONPATH} /usr/local/bin/cmake --build /home/seeed/ros2/ws/build/fast_lio -- -j6 -l6
[16.968s] [  2%] Built target fast_lio__rs
[17.000s] [  2%] Built target ament_cmake_python_copy_fast_lio
[17.041s] [  5%] Built target fast_lio__cpp
[17.746s] running egg_info
[17.750s] writing fast_lio.egg-info/PKG-INFO
[17.751s] writing dependency_links to fast_lio.egg-info/dependency_links.txt
[17.751s] writing top-level names to fast_lio.egg-info/top_level.txt
[17.762s] reading manifest file 'fast_lio.egg-info/SOURCES.txt'
[17.764s] writing manifest file 'fast_lio.egg-info/SOURCES.txt'
[17.893s] [  5%] Built target ament_cmake_python_build_fast_lio_egg
[17.934s] [ 13%] Built target fast_lio__rosidl_typesupport_cpp
[17.979s] [ 22%] Built target fast_lio__rosidl_typesupport_introspection_cpp
[18.171s] [ 33%] Built target fastlio_mapping
[18.247s] [ 41%] Built target fast_lio__rosidl_typesupport_fastrtps_cpp
[18.288s] [ 50%] Built target fast_lio__rosidl_generator_c
[18.317s] [ 58%] Built target fast_lio__rosidl_typesupport_fastrtps_c
[18.336s] [ 66%] Built target fast_lio__rosidl_typesupport_c
[18.359s] [ 75%] Built target fast_lio__rosidl_typesupport_introspection_c
[18.378s] [ 75%] Built target fast_lio
[18.408s] [ 77%] Built target fast_lio__py
[18.456s] [ 83%] Built target fast_lio__rosidl_generator_py
[18.483s] [ 88%] Built target fast_lio__rosidl_typesupport_fastrtps_c__pyext
[18.510s] [ 94%] Built target fast_lio__rosidl_typesupport_c__pyext
[18.578s] [100%] Built target fast_lio__rosidl_typesupport_introspection_c__pyext
[18.593s] Invoked command in '/home/seeed/ros2/ws/build/fast_lio' returned '0': AMENT_PREFIX_PATH=/home/seeed/ros2/ws/install/livox_ros_driver2:${AMENT_PREFIX_PATH} CMAKE_PREFIX_PATH=/home/seeed/ros2/ws/install/livox_ros_driver2:/opt/ros/humble LD_LIBRARY_PATH=/home/seeed/ros2/ws/install/livox_ros_driver2/lib:${LD_LIBRARY_PATH} PYTHONPATH=/home/seeed/ros2/ws/install/livox_ros_driver2/local/lib/python3.10/dist-packages:${PYTHONPATH} /usr/local/bin/cmake --build /home/seeed/ros2/ws/build/fast_lio -- -j6 -l6
[18.605s] Invoking command in '/home/seeed/ros2/ws/build/fast_lio': AMENT_PREFIX_PATH=/home/seeed/ros2/ws/install/livox_ros_driver2:${AMENT_PREFIX_PATH} CMAKE_PREFIX_PATH=/home/seeed/ros2/ws/install/livox_ros_driver2:/opt/ros/humble LD_LIBRARY_PATH=/home/seeed/ros2/ws/install/livox_ros_driver2/lib:${LD_LIBRARY_PATH} PYTHONPATH=/home/seeed/ros2/ws/install/livox_ros_driver2/local/lib/python3.10/dist-packages:${PYTHONPATH} /usr/local/bin/cmake --install /home/seeed/ros2/ws/build/fast_lio
[18.611s] -- Install configuration: "Release"
[18.611s] -- Up-to-date: /home/seeed/ros2/ws/install/fast_lio/share/ament_index/resource_index/rosidl_interfaces/fast_lio
[18.611s] -- Up-to-date: /home/seeed/ros2/ws/install/fast_lio/include/fast_lio/fast_lio
[18.611s] -- Up-to-date: /home/seeed/ros2/ws/install/fast_lio/include/fast_lio/fast_lio/msg
[18.612s] -- Up-to-date: /home/seeed/ros2/ws/install/fast_lio/include/fast_lio/fast_lio/msg/pose6_d.h
[18.612s] -- Up-to-date: /home/seeed/ros2/ws/install/fast_lio/include/fast_lio/fast_lio/msg/detail
[18.612s] -- Up-to-date: /home/seeed/ros2/ws/install/fast_lio/include/fast_lio/fast_lio/msg/detail/pose6_d__type_support.h
[18.612s] -- Up-to-date: /home/seeed/ros2/ws/install/fast_lio/include/fast_lio/fast_lio/msg/detail/pose6_d__struct.h
[18.612s] -- Up-to-date: /home/seeed/ros2/ws/install/fast_lio/include/fast_lio/fast_lio/msg/detail/pose6_d__functions.h
[18.615s] -- Up-to-date: /home/seeed/ros2/ws/install/fast_lio/include/fast_lio/fast_lio/msg/detail/pose6_d__functions.c
[18.615s] -- Up-to-date: /home/seeed/ros2/ws/install/fast_lio/include/fast_lio/fast_lio/msg/rosidl_generator_c__visibility_control.h
[18.615s] -- Up-to-date: /home/seeed/ros2/ws/install/fast_lio/share/fast_lio/environment/library_path.sh
[18.615s] -- Installing: /home/seeed/ros2/ws/install/fast_lio/share/fast_lio/environment/library_path.dsv
[18.616s] -- Up-to-date: /home/seeed/ros2/ws/install/fast_lio/lib/libfast_lio__rosidl_generator_c.so
[18.616s] -- Up-to-date: /home/seeed/ros2/ws/install/fast_lio/include/fast_lio/fast_lio
[18.616s] -- Up-to-date: /home/seeed/ros2/ws/install/fast_lio/include/fast_lio/fast_lio/msg
[18.616s] -- Up-to-date: /home/seeed/ros2/ws/install/fast_lio/include/fast_lio/fast_lio/msg/rosidl_typesupport_fastrtps_c__visibility_control.h
[18.618s] -- Up-to-date: /home/seeed/ros2/ws/install/fast_lio/include/fast_lio/fast_lio/msg/detail
[18.618s] -- Up-to-date: /home/seeed/ros2/ws/install/fast_lio/include/fast_lio/fast_lio/msg/detail/pose6_d__rosidl_typesupport_fastrtps_c.h
[18.618s] -- Up-to-date: /home/seeed/ros2/ws/install/fast_lio/lib/libfast_lio__rosidl_typesupport_fastrtps_c.so
[18.618s] -- Up-to-date: /home/seeed/ros2/ws/install/fast_lio/include/fast_lio/fast_lio
[18.619s] -- Up-to-date: /home/seeed/ros2/ws/install/fast_lio/include/fast_lio/fast_lio/msg
[18.619s] -- Up-to-date: /home/seeed/ros2/ws/install/fast_lio/include/fast_lio/fast_lio/msg/pose6_d.hpp
[18.619s] -- Up-to-date: /home/seeed/ros2/ws/install/fast_lio/include/fast_lio/fast_lio/msg/rosidl_generator_cpp__visibility_control.hpp
[18.619s] -- Up-to-date: /home/seeed/ros2/ws/install/fast_lio/include/fast_lio/fast_lio/msg/detail
[18.623s] -- Up-to-date: /home/seeed/ros2/ws/install/fast_lio/include/fast_lio/fast_lio/msg/detail/pose6_d__traits.hpp
[18.623s] -- Up-to-date: /home/seeed/ros2/ws/install/fast_lio/include/fast_lio/fast_lio/msg/detail/pose6_d__type_support.hpp
[18.623s] -- Up-to-date: /home/seeed/ros2/ws/install/fast_lio/include/fast_lio/fast_lio/msg/detail/pose6_d__builder.hpp
[18.624s] -- Up-to-date: /home/seeed/ros2/ws/install/fast_lio/include/fast_lio/fast_lio/msg/detail/pose6_d__struct.hpp
[18.624s] -- Up-to-date: /home/seeed/ros2/ws/install/fast_lio/include/fast_lio/fast_lio
[18.624s] -- Up-to-date: /home/seeed/ros2/ws/install/fast_lio/include/fast_lio/fast_lio/msg
[18.624s] -- Up-to-date: /home/seeed/ros2/ws/install/fast_lio/include/fast_lio/fast_lio/msg/rosidl_typesupport_fastrtps_cpp__visibility_control.h
[18.624s] -- Up-to-date: /home/seeed/ros2/ws/install/fast_lio/include/fast_lio/fast_lio/msg/detail
[18.624s] -- Up-to-date: /home/seeed/ros2/ws/install/fast_lio/include/fast_lio/fast_lio/msg/detail/pose6_d__rosidl_typesupport_fastrtps_cpp.hpp
[18.624s] -- Up-to-date: /home/seeed/ros2/ws/install/fast_lio/include/fast_lio/fast_lio/msg/detail/dds_fastrtps
[18.627s] -- Up-to-date: /home/seeed/ros2/ws/install/fast_lio/lib/libfast_lio__rosidl_typesupport_fastrtps_cpp.so
[18.627s] -- Up-to-date: /home/seeed/ros2/ws/install/fast_lio/include/fast_lio/fast_lio
[18.627s] -- Up-to-date: /home/seeed/ros2/ws/install/fast_lio/include/fast_lio/fast_lio/msg
[18.627s] -- Up-to-date: /home/seeed/ros2/ws/install/fast_lio/include/fast_lio/fast_lio/msg/rosidl_typesupport_introspection_c__visibility_control.h
[18.627s] -- Up-to-date: /home/seeed/ros2/ws/install/fast_lio/include/fast_lio/fast_lio/msg/detail
[18.627s] -- Up-to-date: /home/seeed/ros2/ws/install/fast_lio/include/fast_lio/fast_lio/msg/detail/pose6_d__type_support.c
[18.628s] -- Up-to-date: /home/seeed/ros2/ws/install/fast_lio/include/fast_lio/fast_lio/msg/detail/pose6_d__rosidl_typesupport_introspection_c.h
[18.631s] -- Up-to-date: /home/seeed/ros2/ws/install/fast_lio/lib/libfast_lio__rosidl_typesupport_introspection_c.so
[18.635s] -- Up-to-date: /home/seeed/ros2/ws/install/fast_lio/lib/libfast_lio__rosidl_typesupport_c.so
[18.636s] -- Up-to-date: /home/seeed/ros2/ws/install/fast_lio/include/fast_lio/fast_lio
[18.636s] -- Up-to-date: /home/seeed/ros2/ws/install/fast_lio/include/fast_lio/fast_lio/msg
[18.636s] -- Up-to-date: /home/seeed/ros2/ws/install/fast_lio/include/fast_lio/fast_lio/msg/detail
[18.637s] -- Up-to-date: /home/seeed/ros2/ws/install/fast_lio/include/fast_lio/fast_lio/msg/detail/pose6_d__type_support.cpp
[18.638s] -- Up-to-date: /home/seeed/ros2/ws/install/fast_lio/include/fast_lio/fast_lio/msg/detail/pose6_d__rosidl_typesupport_introspection_cpp.hpp
[18.644s] -- Up-to-date: /home/seeed/ros2/ws/install/fast_lio/lib/libfast_lio__rosidl_typesupport_introspection_cpp.so
[18.646s] -- Up-to-date: /home/seeed/ros2/ws/install/fast_lio/lib/libfast_lio__rosidl_typesupport_cpp.so
[18.647s] -- Up-to-date: /home/seeed/ros2/ws/install/fast_lio/share/fast_lio/environment/pythonpath.sh
[18.647s] -- Installing: /home/seeed/ros2/ws/install/fast_lio/share/fast_lio/environment/pythonpath.dsv
[18.649s] -- Up-to-date: /home/seeed/ros2/ws/install/fast_lio/local/lib/python3.10/dist-packages/fast_lio-0.0.0-py3.10.egg-info
[18.649s] -- Installing: /home/seeed/ros2/ws/install/fast_lio/local/lib/python3.10/dist-packages/fast_lio-0.0.0-py3.10.egg-info/SOURCES.txt
[18.650s] -- Installing: /home/seeed/ros2/ws/install/fast_lio/local/lib/python3.10/dist-packages/fast_lio-0.0.0-py3.10.egg-info/PKG-INFO
[18.651s] -- Installing: /home/seeed/ros2/ws/install/fast_lio/local/lib/python3.10/dist-packages/fast_lio-0.0.0-py3.10.egg-info/dependency_links.txt
[18.652s] -- Installing: /home/seeed/ros2/ws/install/fast_lio/local/lib/python3.10/dist-packages/fast_lio-0.0.0-py3.10.egg-info/top_level.txt
[18.653s] -- Up-to-date: /home/seeed/ros2/ws/install/fast_lio/local/lib/python3.10/dist-packages/fast_lio
[18.655s] -- Up-to-date: /home/seeed/ros2/ws/install/fast_lio/local/lib/python3.10/dist-packages/fast_lio/_fast_lio_s.ep.rosidl_typesupport_introspection_c.c
[18.656s] -- Up-to-date: /home/seeed/ros2/ws/install/fast_lio/local/lib/python3.10/dist-packages/fast_lio/fast_lio_s__rosidl_typesupport_introspection_c.cpython-310-aarch64-linux-gnu.so
[18.656s] -- Up-to-date: /home/seeed/ros2/ws/install/fast_lio/local/lib/python3.10/dist-packages/fast_lio/libfast_lio__rosidl_generator_py.so
[18.657s] -- Up-to-date: /home/seeed/ros2/ws/install/fast_lio/local/lib/python3.10/dist-packages/fast_lio/fast_lio_s__rosidl_typesupport_fastrtps_c.cpython-310-aarch64-linux-gnu.so
[18.657s] -- Up-to-date: /home/seeed/ros2/ws/install/fast_lio/local/lib/python3.10/dist-packages/fast_lio/_fast_lio_s.ep.rosidl_typesupport_c.c
[18.658s] -- Up-to-date: /home/seeed/ros2/ws/install/fast_lio/local/lib/python3.10/dist-packages/fast_lio/msg
[18.659s] -- Up-to-date: /home/seeed/ros2/ws/install/fast_lio/local/lib/python3.10/dist-packages/fast_lio/msg/_pose6_d_s.c
[18.660s] -- Up-to-date: /home/seeed/ros2/ws/install/fast_lio/local/lib/python3.10/dist-packages/fast_lio/msg/_pose6_d.py
[18.661s] -- Up-to-date: /home/seeed/ros2/ws/install/fast_lio/local/lib/python3.10/dist-packages/fast_lio/msg/__init__.py
[18.661s] -- Up-to-date: /home/seeed/ros2/ws/install/fast_lio/local/lib/python3.10/dist-packages/fast_lio/_fast_lio_s.ep.rosidl_typesupport_fastrtps_c.c
[18.662s] -- Installing: /home/seeed/ros2/ws/install/fast_lio/local/lib/python3.10/dist-packages/fast_lio/__init__.py
[18.663s] -- Up-to-date: /home/seeed/ros2/ws/install/fast_lio/local/lib/python3.10/dist-packages/fast_lio/fast_lio_s__rosidl_typesupport_c.cpython-310-aarch64-linux-gnu.so
[18.783s] Listing '/home/seeed/ros2/ws/install/fast_lio/local/lib/python3.10/dist-packages/fast_lio'...
[18.783s] Compiling '/home/seeed/ros2/ws/install/fast_lio/local/lib/python3.10/dist-packages/fast_lio/__init__.py'...
[18.784s] Listing '/home/seeed/ros2/ws/install/fast_lio/local/lib/python3.10/dist-packages/fast_lio/msg'...
[18.802s] -- Up-to-date: /home/seeed/ros2/ws/install/fast_lio/local/lib/python3.10/dist-packages/fast_lio/fast_lio_s__rosidl_typesupport_fastrtps_c.cpython-310-aarch64-linux-gnu.so
[18.807s] -- Up-to-date: /home/seeed/ros2/ws/install/fast_lio/local/lib/python3.10/dist-packages/fast_lio/fast_lio_s__rosidl_typesupport_introspection_c.cpython-310-aarch64-linux-gnu.so
[18.809s] -- Up-to-date: /home/seeed/ros2/ws/install/fast_lio/local/lib/python3.10/dist-packages/fast_lio/fast_lio_s__rosidl_typesupport_c.cpython-310-aarch64-linux-gnu.so
[18.812s] -- Up-to-date: /home/seeed/ros2/ws/install/fast_lio/lib/libfast_lio__rosidl_generator_py.so
[18.812s] -- Up-to-date: /home/seeed/ros2/ws/install/fast_lio/share/ament_index/resource_index/rust_packages/fast_lio
[18.812s] -- Up-to-date: /home/seeed/ros2/ws/install/fast_lio/share/fast_lio/rust
[18.812s] -- Up-to-date: /home/seeed/ros2/ws/install/fast_lio/share/fast_lio/rust/build.rs
[18.812s] -- Up-to-date: /home/seeed/ros2/ws/install/fast_lio/share/fast_lio/rust/src
[18.813s] -- Up-to-date: /home/seeed/ros2/ws/install/fast_lio/share/fast_lio/rust/src/msg.rs
[18.814s] -- Up-to-date: /home/seeed/ros2/ws/install/fast_lio/share/fast_lio/rust/src/msg
[18.814s] -- Up-to-date: /home/seeed/ros2/ws/install/fast_lio/share/fast_lio/rust/src/msg/rmw.rs
[18.814s] -- Up-to-date: /home/seeed/ros2/ws/install/fast_lio/share/fast_lio/rust/src/lib.rs
[18.815s] -- Up-to-date: /home/seeed/ros2/ws/install/fast_lio/share/fast_lio/rust/Cargo.toml
[18.815s] -- Up-to-date: /home/seeed/ros2/ws/install/fast_lio/share/fast_lio/msg/Pose6D.idl
[18.815s] -- Up-to-date: /home/seeed/ros2/ws/install/fast_lio/share/fast_lio/msg/Pose6D.msg
[18.815s] -- Up-to-date: /home/seeed/ros2/ws/install/fast_lio/lib/fast_lio/fastlio_mapping
[18.816s] -- Up-to-date: /home/seeed/ros2/ws/install/fast_lio/share/fast_lio/config
[18.816s] -- Up-to-date: /home/seeed/ros2/ws/install/fast_lio/share/fast_lio/config/horizon.yaml
[18.817s] -- Up-to-date: /home/seeed/ros2/ws/install/fast_lio/share/fast_lio/config/ouster64.yaml
[18.817s] -- Up-to-date: /home/seeed/ros2/ws/install/fast_lio/share/fast_lio/config/avia.yaml
[18.817s] -- Up-to-date: /home/seeed/ros2/ws/install/fast_lio/share/fast_lio/config/velodyne.yaml
[18.817s] -- Installing: /home/seeed/ros2/ws/install/fast_lio/share/fast_lio/config/mid360.yaml
[18.818s] -- Up-to-date: /home/seeed/ros2/ws/install/fast_lio/share/fast_lio/launch
[18.818s] -- Up-to-date: /home/seeed/ros2/ws/install/fast_lio/share/fast_lio/launch/gdb_debug_example.launch
[18.819s] -- Up-to-date: /home/seeed/ros2/ws/install/fast_lio/share/fast_lio/launch/mapping.launch.py
[18.819s] -- Up-to-date: /home/seeed/ros2/ws/install/fast_lio/share/fast_lio/rviz
[18.819s] -- Up-to-date: /home/seeed/ros2/ws/install/fast_lio/share/fast_lio/rviz/fastlio.rviz
[18.819s] -- Up-to-date: /home/seeed/ros2/ws/install/fast_lio/share/ament_index/resource_index/package_run_dependencies/fast_lio
[18.819s] -- Up-to-date: /home/seeed/ros2/ws/install/fast_lio/share/ament_index/resource_index/parent_prefix_path/fast_lio
[18.819s] -- Up-to-date: /home/seeed/ros2/ws/install/fast_lio/share/fast_lio/environment/ament_prefix_path.sh
[18.819s] -- Installing: /home/seeed/ros2/ws/install/fast_lio/share/fast_lio/environment/ament_prefix_path.dsv
[18.820s] -- Up-to-date: /home/seeed/ros2/ws/install/fast_lio/share/fast_lio/environment/path.sh
[18.821s] -- Installing: /home/seeed/ros2/ws/install/fast_lio/share/fast_lio/environment/path.dsv
[18.821s] -- Up-to-date: /home/seeed/ros2/ws/install/fast_lio/share/fast_lio/local_setup.bash
[18.821s] -- Up-to-date: /home/seeed/ros2/ws/install/fast_lio/share/fast_lio/local_setup.sh
[18.821s] -- Up-to-date: /home/seeed/ros2/ws/install/fast_lio/share/fast_lio/local_setup.zsh
[18.821s] -- Installing: /home/seeed/ros2/ws/install/fast_lio/share/fast_lio/local_setup.dsv
[18.821s] -- Installing: /home/seeed/ros2/ws/install/fast_lio/share/fast_lio/package.dsv
[18.826s] -- Up-to-date: /home/seeed/ros2/ws/install/fast_lio/share/ament_index/resource_index/packages/fast_lio
[18.827s] -- Up-to-date: /home/seeed/ros2/ws/install/fast_lio/share/fast_lio/cmake/export_fast_lio__rosidl_generator_cExport.cmake
[18.828s] -- Up-to-date: /home/seeed/ros2/ws/install/fast_lio/share/fast_lio/cmake/export_fast_lio__rosidl_generator_cExport-release.cmake
[18.828s] -- Up-to-date: /home/seeed/ros2/ws/install/fast_lio/share/fast_lio/cmake/export_fast_lio__rosidl_typesupport_fastrtps_cExport.cmake
[18.828s] -- Up-to-date: /home/seeed/ros2/ws/install/fast_lio/share/fast_lio/cmake/export_fast_lio__rosidl_typesupport_fastrtps_cExport-release.cmake
[18.829s] -- Up-to-date: /home/seeed/ros2/ws/install/fast_lio/share/fast_lio/cmake/export_fast_lio__rosidl_generator_cppExport.cmake
[18.830s] -- Up-to-date: /home/seeed/ros2/ws/install/fast_lio/share/fast_lio/cmake/export_fast_lio__rosidl_typesupport_fastrtps_cppExport.cmake
[18.830s] -- Up-to-date: /home/seeed/ros2/ws/install/fast_lio/share/fast_lio/cmake/export_fast_lio__rosidl_typesupport_fastrtps_cppExport-release.cmake
[18.831s] -- Up-to-date: /home/seeed/ros2/ws/install/fast_lio/share/fast_lio/cmake/fast_lio__rosidl_typesupport_introspection_cExport.cmake
[18.831s] -- Up-to-date: /home/seeed/ros2/ws/install/fast_lio/share/fast_lio/cmake/fast_lio__rosidl_typesupport_introspection_cExport-release.cmake
[18.832s] -- Up-to-date: /home/seeed/ros2/ws/install/fast_lio/share/fast_lio/cmake/fast_lio__rosidl_typesupport_cExport.cmake
[18.832s] -- Up-to-date: /home/seeed/ros2/ws/install/fast_lio/share/fast_lio/cmake/fast_lio__rosidl_typesupport_cExport-release.cmake
[18.833s] -- Up-to-date: /home/seeed/ros2/ws/install/fast_lio/share/fast_lio/cmake/fast_lio__rosidl_typesupport_introspection_cppExport.cmake
[18.835s] -- Up-to-date: /home/seeed/ros2/ws/install/fast_lio/share/fast_lio/cmake/fast_lio__rosidl_typesupport_introspection_cppExport-release.cmake
[18.835s] -- Up-to-date: /home/seeed/ros2/ws/install/fast_lio/share/fast_lio/cmake/fast_lio__rosidl_typesupport_cppExport.cmake
[18.835s] -- Up-to-date: /home/seeed/ros2/ws/install/fast_lio/share/fast_lio/cmake/fast_lio__rosidl_typesupport_cppExport-release.cmake
[18.835s] -- Up-to-date: /home/seeed/ros2/ws/install/fast_lio/share/fast_lio/cmake/export_fast_lio__rosidl_generator_pyExport.cmake
[18.836s] -- Up-to-date: /home/seeed/ros2/ws/install/fast_lio/share/fast_lio/cmake/export_fast_lio__rosidl_generator_pyExport-release.cmake
[18.836s] -- Up-to-date: /home/seeed/ros2/ws/install/fast_lio/share/fast_lio/cmake/rosidl_cmake-extras.cmake
[18.836s] -- Up-to-date: /home/seeed/ros2/ws/install/fast_lio/share/fast_lio/cmake/ament_cmake_export_include_directories-extras.cmake
[18.836s] -- Up-to-date: /home/seeed/ros2/ws/install/fast_lio/share/fast_lio/cmake/ament_cmake_export_libraries-extras.cmake
[18.836s] -- Up-to-date: /home/seeed/ros2/ws/install/fast_lio/share/fast_lio/cmake/ament_cmake_export_targets-extras.cmake
[18.836s] -- Up-to-date: /home/seeed/ros2/ws/install/fast_lio/share/fast_lio/cmake/rosidl_cmake_export_typesupport_targets-extras.cmake
[18.837s] -- Up-to-date: /home/seeed/ros2/ws/install/fast_lio/share/fast_lio/cmake/ament_cmake_export_dependencies-extras.cmake
[18.837s] -- Up-to-date: /home/seeed/ros2/ws/install/fast_lio/share/fast_lio/cmake/rosidl_cmake_export_typesupport_libraries-extras.cmake
[18.837s] -- Up-to-date: /home/seeed/ros2/ws/install/fast_lio/share/fast_lio/cmake/fast_lioConfig.cmake
[18.844s] -- Up-to-date: /home/seeed/ros2/ws/install/fast_lio/share/fast_lio/cmake/fast_lioConfig-version.cmake
[18.847s] -- Up-to-date: /home/seeed/ros2/ws/install/fast_lio/share/fast_lio/package.xml
[18.848s] Invoked command in '/home/seeed/ros2/ws/build/fast_lio' returned '0': AMENT_PREFIX_PATH=/home/seeed/ros2/ws/install/livox_ros_driver2:${AMENT_PREFIX_PATH} CMAKE_PREFIX_PATH=/home/seeed/ros2/ws/install/livox_ros_driver2:/opt/ros/humble LD_LIBRARY_PATH=/home/seeed/ros2/ws/install/livox_ros_driver2/lib:${LD_LIBRARY_PATH} PYTHONPATH=/home/seeed/ros2/ws/install/livox_ros_driver2/local/lib/python3.10/dist-packages:${PYTHONPATH} /usr/local/bin/cmake --install /home/seeed/ros2/ws/build/fast_lio
