-- The C compiler identification is GNU 11.4.0
-- The CXX compiler identification is GNU 11.4.0
-- Detecting C compiler ABI info
-- Detecting C compiler ABI info - done
-- Check for working C compiler: /usr/bin/cc - skipped
-- Detecting C compile features
-- Detecting C compile features - done
-- Detecting CXX compiler ABI info
-- Detecting CXX compiler ABI info - done
-- Check for working CXX compiler: /usr/bin/c++ - skipped
-- Detecting CXX compile features
-- Detecting CXX compile features - done
-- Found ament_cmake: 1.3.14 (/opt/ros/humble/share/ament_cmake/cmake)
-- Found Python3: /usr/bin/python3 (found version "3.10.12") found components: Interpreter 
-- Found builtin_interfaces: 1.2.2 (/opt/ros/humble/share/builtin_interfaces/cmake)
-- Found rosidl_generator_c: 3.1.8 (/opt/ros/humble/share/rosidl_generator_c/cmake)
-- Found rosidl_adapter: 3.1.8 (/opt/ros/humble/share/rosidl_adapter/cmake)
-- Found rosidl_generator_cpp: 3.1.8 (/opt/ros/humble/share/rosidl_generator_cpp/cmake)
-- Using all available rosidl_typesupport_c: rosidl_typesupport_fastrtps_c;rosidl_typesupport_introspection_c
-- Using all available rosidl_typesupport_cpp: rosidl_typesupport_fastrtps_cpp;rosidl_typesupport_introspection_cpp
-- Found rosidl_default_generators: 1.2.1 (/opt/ros/humble/share/rosidl_default_generators/cmake)
-- Found std_msgs: 4.9.1 (/opt/ros/humble/share/std_msgs/cmake)
-- Found ament_cmake_ros: 0.10.0 (/opt/ros/humble/share/ament_cmake_ros/cmake)
-- Using all available rosidl_typesupport_c: rosidl_typesupport_fastrtps_c;rosidl_typesupport_introspection_c
-- Using all available rosidl_typesupport_cpp: rosidl_typesupport_fastrtps_cpp;rosidl_typesupport_introspection_cpp
-- Found PythonInterp: /usr/bin/python3 (found suitable version "3.10.12", minimum required is "3.6") 
-- Found python_cmake_module: 0.10.0 (/opt/ros/humble/share/python_cmake_module/cmake)
-- Found PythonLibs: /usr/lib/aarch64-linux-gnu/libpython3.10.so (found suitable version "3.10.12", minimum required is "3.5") 
-- Using PYTHON_EXECUTABLE: /usr/bin/python3
-- Using PYTHON_INCLUDE_DIRS: /usr/include/python3.10
-- Using PYTHON_LIBRARIES: /usr/lib/aarch64-linux-gnu/libpython3.10.so
-- Found PythonExtra: .so  
-- Found ament_lint_auto: 0.12.15 (/opt/ros/humble/share/ament_lint_auto/cmake)
-- Added test 'copyright' to check source files copyright and LICENSE
-- Added test 'lint_cmake' to check CMake code style
-- Added test 'xmllint' to check XML markup files
-- Configuring done (18.6s)
-- Generating done (0.3s)
-- Build files have been written to: /home/seeed/ros2/ws/build/ranger_msgs
[  1%] [34m[1mGenerating C code for ROS interfaces[0m
[  2%] [32mBuilding C object CMakeFiles/ranger_msgs__rosidl_generator_c.dir/rosidl_generator_c/ranger_msgs/msg/detail/actuator_state__functions.c.o[0m
[  4%] [32mBuilding C object CMakeFiles/ranger_msgs__rosidl_generator_c.dir/rosidl_generator_c/ranger_msgs/msg/detail/driver_state__functions.c.o[0m
[  5%] [32mBuilding C object CMakeFiles/ranger_msgs__rosidl_generator_c.dir/rosidl_generator_c/ranger_msgs/msg/detail/motion_state__functions.c.o[0m
[  6%] [32mBuilding C object CMakeFiles/ranger_msgs__rosidl_generator_c.dir/rosidl_generator_c/ranger_msgs/msg/detail/motor_state__functions.c.o[0m
[  8%] [32mBuilding C object CMakeFiles/ranger_msgs__rosidl_generator_c.dir/rosidl_generator_c/ranger_msgs/msg/detail/system_state__functions.c.o[0m
[  9%] [32mBuilding C object CMakeFiles/ranger_msgs__rosidl_generator_c.dir/rosidl_generator_c/ranger_msgs/msg/detail/actuator_state_array__functions.c.o[0m
[ 11%] [32m[1mLinking C shared library libranger_msgs__rosidl_generator_c.so[0m
[ 11%] Built target ranger_msgs__rosidl_generator_c
[ 11%] Built target ament_cmake_python_copy_ranger_msgs
[ 12%] [34m[1mGenerating C introspection for ROS interfaces[0m
[ 13%] [32mBuilding C object CMakeFiles/ranger_msgs__rosidl_typesupport_introspection_c.dir/rosidl_typesupport_introspection_c/ranger_msgs/msg/detail/actuator_state__type_support.c.o[0m
[ 15%] [32mBuilding C object CMakeFiles/ranger_msgs__rosidl_typesupport_introspection_c.dir/rosidl_typesupport_introspection_c/ranger_msgs/msg/detail/actuator_state_array__type_support.c.o[0m
[ 16%] [32mBuilding C object CMakeFiles/ranger_msgs__rosidl_typesupport_introspection_c.dir/rosidl_typesupport_introspection_c/ranger_msgs/msg/detail/driver_state__type_support.c.o[0m
[ 18%] [32mBuilding C object CMakeFiles/ranger_msgs__rosidl_typesupport_introspection_c.dir/rosidl_typesupport_introspection_c/ranger_msgs/msg/detail/motion_state__type_support.c.o[0m
[ 19%] [32mBuilding C object CMakeFiles/ranger_msgs__rosidl_typesupport_introspection_c.dir/rosidl_typesupport_introspection_c/ranger_msgs/msg/detail/motor_state__type_support.c.o[0m
[ 20%] [32mBuilding C object CMakeFiles/ranger_msgs__rosidl_typesupport_introspection_c.dir/rosidl_typesupport_introspection_c/ranger_msgs/msg/detail/system_state__type_support.c.o[0m
[ 22%] [32m[1mLinking C shared library libranger_msgs__rosidl_typesupport_introspection_c.so[0m
[ 22%] Built target ranger_msgs__rosidl_typesupport_introspection_c
running egg_info
creating ranger_msgs.egg-info
writing ranger_msgs.egg-info/PKG-INFO
writing dependency_links to ranger_msgs.egg-info/dependency_links.txt
writing top-level names to ranger_msgs.egg-info/top_level.txt
writing manifest file 'ranger_msgs.egg-info/SOURCES.txt'
reading manifest file 'ranger_msgs.egg-info/SOURCES.txt'
writing manifest file 'ranger_msgs.egg-info/SOURCES.txt'
[ 22%] Built target ament_cmake_python_build_ranger_msgs_egg
[ 23%] [34m[1mGenerating C type support dispatch for ROS interfaces[0m
[ 25%] [32mBuilding CXX object CMakeFiles/ranger_msgs__rosidl_typesupport_c.dir/rosidl_typesupport_c/ranger_msgs/msg/actuator_state__type_support.cpp.o[0m
[ 26%] [32mBuilding CXX object CMakeFiles/ranger_msgs__rosidl_typesupport_c.dir/rosidl_typesupport_c/ranger_msgs/msg/driver_state__type_support.cpp.o[0m
[ 27%] [32mBuilding CXX object CMakeFiles/ranger_msgs__rosidl_typesupport_c.dir/rosidl_typesupport_c/ranger_msgs/msg/motion_state__type_support.cpp.o[0m
[ 29%] [32mBuilding CXX object CMakeFiles/ranger_msgs__rosidl_typesupport_c.dir/rosidl_typesupport_c/ranger_msgs/msg/motor_state__type_support.cpp.o[0m
[ 30%] [32mBuilding CXX object CMakeFiles/ranger_msgs__rosidl_typesupport_c.dir/rosidl_typesupport_c/ranger_msgs/msg/system_state__type_support.cpp.o[0m
[ 31%] [32mBuilding CXX object CMakeFiles/ranger_msgs__rosidl_typesupport_c.dir/rosidl_typesupport_c/ranger_msgs/msg/actuator_state_array__type_support.cpp.o[0m
[ 33%] [32m[1mLinking CXX shared library libranger_msgs__rosidl_typesupport_c.so[0m
[ 33%] Built target ranger_msgs__rosidl_typesupport_c
[ 34%] [34m[1mGenerating C type support for eProsima Fast-RTPS[0m
[ 36%] [32mBuilding CXX object CMakeFiles/ranger_msgs__rosidl_typesupport_fastrtps_c.dir/rosidl_typesupport_fastrtps_c/ranger_msgs/msg/detail/actuator_state__type_support_c.cpp.o[0m
[ 37%] [32mBuilding CXX object CMakeFiles/ranger_msgs__rosidl_typesupport_fastrtps_c.dir/rosidl_typesupport_fastrtps_c/ranger_msgs/msg/detail/motion_state__type_support_c.cpp.o[0m
[ 38%] [32mBuilding CXX object CMakeFiles/ranger_msgs__rosidl_typesupport_fastrtps_c.dir/rosidl_typesupport_fastrtps_c/ranger_msgs/msg/detail/motor_state__type_support_c.cpp.o[0m
[ 40%] [32mBuilding CXX object CMakeFiles/ranger_msgs__rosidl_typesupport_fastrtps_c.dir/rosidl_typesupport_fastrtps_c/ranger_msgs/msg/detail/system_state__type_support_c.cpp.o[0m
[ 41%] [32mBuilding CXX object CMakeFiles/ranger_msgs__rosidl_typesupport_fastrtps_c.dir/rosidl_typesupport_fastrtps_c/ranger_msgs/msg/detail/driver_state__type_support_c.cpp.o[0m
[ 43%] [32mBuilding CXX object CMakeFiles/ranger_msgs__rosidl_typesupport_fastrtps_c.dir/rosidl_typesupport_fastrtps_c/ranger_msgs/msg/detail/actuator_state_array__type_support_c.cpp.o[0m
[ 44%] [32m[1mLinking CXX shared library libranger_msgs__rosidl_typesupport_fastrtps_c.so[0m
[ 44%] Built target ranger_msgs__rosidl_typesupport_fastrtps_c
[ 45%] [34m[1mGenerating Rust code for ROS interfaces[0m
[ 45%] Built target ranger_msgs__rs
[ 47%] [34m[1mGenerating C++ code for ROS interfaces[0m
[ 47%] Built target ranger_msgs__cpp
[ 48%] [34m[1mGenerating C++ introspection for ROS interfaces[0m
[ 50%] [32mBuilding CXX object CMakeFiles/ranger_msgs__rosidl_typesupport_introspection_cpp.dir/rosidl_typesupport_introspection_cpp/ranger_msgs/msg/detail/actuator_state__type_support.cpp.o[0m
[ 51%] [32mBuilding CXX object CMakeFiles/ranger_msgs__rosidl_typesupport_introspection_cpp.dir/rosidl_typesupport_introspection_cpp/ranger_msgs/msg/detail/motion_state__type_support.cpp.o[0m
[ 52%] [32mBuilding CXX object CMakeFiles/ranger_msgs__rosidl_typesupport_introspection_cpp.dir/rosidl_typesupport_introspection_cpp/ranger_msgs/msg/detail/motor_state__type_support.cpp.o[0m
[ 54%] [32mBuilding CXX object CMakeFiles/ranger_msgs__rosidl_typesupport_introspection_cpp.dir/rosidl_typesupport_introspection_cpp/ranger_msgs/msg/detail/system_state__type_support.cpp.o[0m
[ 55%] [32mBuilding CXX object CMakeFiles/ranger_msgs__rosidl_typesupport_introspection_cpp.dir/rosidl_typesupport_introspection_cpp/ranger_msgs/msg/detail/driver_state__type_support.cpp.o[0m
[ 56%] [32mBuilding CXX object CMakeFiles/ranger_msgs__rosidl_typesupport_introspection_cpp.dir/rosidl_typesupport_introspection_cpp/ranger_msgs/msg/detail/actuator_state_array__type_support.cpp.o[0m
[ 58%] [32m[1mLinking CXX shared library libranger_msgs__rosidl_typesupport_introspection_cpp.so[0m
[ 58%] Built target ranger_msgs__rosidl_typesupport_introspection_cpp
[ 59%] [34m[1mGenerating C++ type support for eProsima Fast-RTPS[0m
[ 61%] [32mBuilding CXX object CMakeFiles/ranger_msgs__rosidl_typesupport_fastrtps_cpp.dir/rosidl_typesupport_fastrtps_cpp/ranger_msgs/msg/detail/dds_fastrtps/actuator_state__type_support.cpp.o[0m
[ 62%] [32mBuilding CXX object CMakeFiles/ranger_msgs__rosidl_typesupport_fastrtps_cpp.dir/rosidl_typesupport_fastrtps_cpp/ranger_msgs/msg/detail/dds_fastrtps/motor_state__type_support.cpp.o[0m
[ 63%] [32mBuilding CXX object CMakeFiles/ranger_msgs__rosidl_typesupport_fastrtps_cpp.dir/rosidl_typesupport_fastrtps_cpp/ranger_msgs/msg/detail/dds_fastrtps/system_state__type_support.cpp.o[0m
[ 65%] [32mBuilding CXX object CMakeFiles/ranger_msgs__rosidl_typesupport_fastrtps_cpp.dir/rosidl_typesupport_fastrtps_cpp/ranger_msgs/msg/detail/dds_fastrtps/motion_state__type_support.cpp.o[0m
[ 66%] [32mBuilding CXX object CMakeFiles/ranger_msgs__rosidl_typesupport_fastrtps_cpp.dir/rosidl_typesupport_fastrtps_cpp/ranger_msgs/msg/detail/dds_fastrtps/driver_state__type_support.cpp.o[0m
[ 68%] [32mBuilding CXX object CMakeFiles/ranger_msgs__rosidl_typesupport_fastrtps_cpp.dir/rosidl_typesupport_fastrtps_cpp/ranger_msgs/msg/detail/dds_fastrtps/actuator_state_array__type_support.cpp.o[0m
[ 69%] [32m[1mLinking CXX shared library libranger_msgs__rosidl_typesupport_fastrtps_cpp.so[0m
[ 69%] Built target ranger_msgs__rosidl_typesupport_fastrtps_cpp
[ 70%] [34m[1mGenerating C++ type support dispatch for ROS interfaces[0m
[ 72%] [32mBuilding CXX object CMakeFiles/ranger_msgs__rosidl_typesupport_cpp.dir/rosidl_typesupport_cpp/ranger_msgs/msg/actuator_state__type_support.cpp.o[0m
[ 73%] [32mBuilding CXX object CMakeFiles/ranger_msgs__rosidl_typesupport_cpp.dir/rosidl_typesupport_cpp/ranger_msgs/msg/system_state__type_support.cpp.o[0m
[ 75%] [32mBuilding CXX object CMakeFiles/ranger_msgs__rosidl_typesupport_cpp.dir/rosidl_typesupport_cpp/ranger_msgs/msg/motor_state__type_support.cpp.o[0m
[ 76%] [32mBuilding CXX object CMakeFiles/ranger_msgs__rosidl_typesupport_cpp.dir/rosidl_typesupport_cpp/ranger_msgs/msg/motion_state__type_support.cpp.o[0m
[ 77%] [32mBuilding CXX object CMakeFiles/ranger_msgs__rosidl_typesupport_cpp.dir/rosidl_typesupport_cpp/ranger_msgs/msg/driver_state__type_support.cpp.o[0m
[ 79%] [32mBuilding CXX object CMakeFiles/ranger_msgs__rosidl_typesupport_cpp.dir/rosidl_typesupport_cpp/ranger_msgs/msg/actuator_state_array__type_support.cpp.o[0m
[ 80%] [32m[1mLinking CXX shared library libranger_msgs__rosidl_typesupport_cpp.so[0m
[ 80%] Built target ranger_msgs__rosidl_typesupport_cpp
[ 80%] Built target ranger_msgs
[ 81%] [34m[1mGenerating Python code for ROS interfaces[0m
[ 81%] Built target ranger_msgs__py
[ 83%] [32mBuilding C object CMakeFiles/ranger_msgs__rosidl_generator_py.dir/rosidl_generator_py/ranger_msgs/msg/_actuator_state_s.c.o[0m
[ 84%] [32mBuilding C object CMakeFiles/ranger_msgs__rosidl_generator_py.dir/rosidl_generator_py/ranger_msgs/msg/_system_state_s.c.o[0m
[ 86%] [32mBuilding C object CMakeFiles/ranger_msgs__rosidl_generator_py.dir/rosidl_generator_py/ranger_msgs/msg/_motor_state_s.c.o[0m
[ 87%] [32mBuilding C object CMakeFiles/ranger_msgs__rosidl_generator_py.dir/rosidl_generator_py/ranger_msgs/msg/_motion_state_s.c.o[0m
[ 88%] [32mBuilding C object CMakeFiles/ranger_msgs__rosidl_generator_py.dir/rosidl_generator_py/ranger_msgs/msg/_driver_state_s.c.o[0m
[ 90%] [32mBuilding C object CMakeFiles/ranger_msgs__rosidl_generator_py.dir/rosidl_generator_py/ranger_msgs/msg/_actuator_state_array_s.c.o[0m
[ 91%] [32m[1mLinking C shared library rosidl_generator_py/ranger_msgs/libranger_msgs__rosidl_generator_py.so[0m
[ 91%] Built target ranger_msgs__rosidl_generator_py
[ 93%] [32mBuilding C object CMakeFiles/ranger_msgs__rosidl_typesupport_fastrtps_c__pyext.dir/rosidl_generator_py/ranger_msgs/_ranger_msgs_s.ep.rosidl_typesupport_fastrtps_c.c.o[0m
[ 94%] [32m[1mLinking C shared library rosidl_generator_py/ranger_msgs/ranger_msgs_s__rosidl_typesupport_fastrtps_c.cpython-310-aarch64-linux-gnu.so[0m
[ 94%] Built target ranger_msgs__rosidl_typesupport_fastrtps_c__pyext
[ 95%] [32mBuilding C object CMakeFiles/ranger_msgs__rosidl_typesupport_c__pyext.dir/rosidl_generator_py/ranger_msgs/_ranger_msgs_s.ep.rosidl_typesupport_c.c.o[0m
[ 97%] [32m[1mLinking C shared library rosidl_generator_py/ranger_msgs/ranger_msgs_s__rosidl_typesupport_c.cpython-310-aarch64-linux-gnu.so[0m
[ 97%] Built target ranger_msgs__rosidl_typesupport_c__pyext
[ 98%] [32mBuilding C object CMakeFiles/ranger_msgs__rosidl_typesupport_introspection_c__pyext.dir/rosidl_generator_py/ranger_msgs/_ranger_msgs_s.ep.rosidl_typesupport_introspection_c.c.o[0m
[100%] [32m[1mLinking C shared library rosidl_generator_py/ranger_msgs/ranger_msgs_s__rosidl_typesupport_introspection_c.cpython-310-aarch64-linux-gnu.so[0m
[100%] Built target ranger_msgs__rosidl_typesupport_introspection_c__pyext
-- Install configuration: ""
-- Installing: /home/seeed/ros2/ws/install/ranger_msgs/share/ament_index/resource_index/rosidl_interfaces/ranger_msgs
-- Installing: /home/seeed/ros2/ws/install/ranger_msgs/include/ranger_msgs/ranger_msgs
-- Installing: /home/seeed/ros2/ws/install/ranger_msgs/include/ranger_msgs/ranger_msgs/msg
-- Installing: /home/seeed/ros2/ws/install/ranger_msgs/include/ranger_msgs/ranger_msgs/msg/motor_state.h
-- Installing: /home/seeed/ros2/ws/install/ranger_msgs/include/ranger_msgs/ranger_msgs/msg/actuator_state_array.h
-- Installing: /home/seeed/ros2/ws/install/ranger_msgs/include/ranger_msgs/ranger_msgs/msg/motion_state.h
-- Installing: /home/seeed/ros2/ws/install/ranger_msgs/include/ranger_msgs/ranger_msgs/msg/actuator_state.h
-- Installing: /home/seeed/ros2/ws/install/ranger_msgs/include/ranger_msgs/ranger_msgs/msg/driver_state.h
-- Installing: /home/seeed/ros2/ws/install/ranger_msgs/include/ranger_msgs/ranger_msgs/msg/system_state.h
-- Installing: /home/seeed/ros2/ws/install/ranger_msgs/include/ranger_msgs/ranger_msgs/msg/detail
-- Installing: /home/seeed/ros2/ws/install/ranger_msgs/include/ranger_msgs/ranger_msgs/msg/detail/actuator_state__functions.c
-- Installing: /home/seeed/ros2/ws/install/ranger_msgs/include/ranger_msgs/ranger_msgs/msg/detail/motion_state__functions.c
-- Installing: /home/seeed/ros2/ws/install/ranger_msgs/include/ranger_msgs/ranger_msgs/msg/detail/actuator_state_array__functions.c
-- Installing: /home/seeed/ros2/ws/install/ranger_msgs/include/ranger_msgs/ranger_msgs/msg/detail/actuator_state__functions.h
-- Installing: /home/seeed/ros2/ws/install/ranger_msgs/include/ranger_msgs/ranger_msgs/msg/detail/system_state__type_support.h
-- Installing: /home/seeed/ros2/ws/install/ranger_msgs/include/ranger_msgs/ranger_msgs/msg/detail/system_state__functions.c
-- Installing: /home/seeed/ros2/ws/install/ranger_msgs/include/ranger_msgs/ranger_msgs/msg/detail/motor_state__struct.h
-- Installing: /home/seeed/ros2/ws/install/ranger_msgs/include/ranger_msgs/ranger_msgs/msg/detail/motion_state__functions.h
-- Installing: /home/seeed/ros2/ws/install/ranger_msgs/include/ranger_msgs/ranger_msgs/msg/detail/driver_state__type_support.h
-- Installing: /home/seeed/ros2/ws/install/ranger_msgs/include/ranger_msgs/ranger_msgs/msg/detail/motion_state__struct.h
-- Installing: /home/seeed/ros2/ws/install/ranger_msgs/include/ranger_msgs/ranger_msgs/msg/detail/actuator_state__struct.h
-- Installing: /home/seeed/ros2/ws/install/ranger_msgs/include/ranger_msgs/ranger_msgs/msg/detail/motor_state__type_support.h
-- Installing: /home/seeed/ros2/ws/install/ranger_msgs/include/ranger_msgs/ranger_msgs/msg/detail/actuator_state_array__struct.h
-- Installing: /home/seeed/ros2/ws/install/ranger_msgs/include/ranger_msgs/ranger_msgs/msg/detail/driver_state__struct.h
-- Installing: /home/seeed/ros2/ws/install/ranger_msgs/include/ranger_msgs/ranger_msgs/msg/detail/motor_state__functions.c
-- Installing: /home/seeed/ros2/ws/install/ranger_msgs/include/ranger_msgs/ranger_msgs/msg/detail/system_state__functions.h
-- Installing: /home/seeed/ros2/ws/install/ranger_msgs/include/ranger_msgs/ranger_msgs/msg/detail/actuator_state_array__type_support.h
-- Installing: /home/seeed/ros2/ws/install/ranger_msgs/include/ranger_msgs/ranger_msgs/msg/detail/motor_state__functions.h
-- Installing: /home/seeed/ros2/ws/install/ranger_msgs/include/ranger_msgs/ranger_msgs/msg/detail/actuator_state__type_support.h
-- Installing: /home/seeed/ros2/ws/install/ranger_msgs/include/ranger_msgs/ranger_msgs/msg/detail/actuator_state_array__functions.h
-- Installing: /home/seeed/ros2/ws/install/ranger_msgs/include/ranger_msgs/ranger_msgs/msg/detail/driver_state__functions.h
-- Installing: /home/seeed/ros2/ws/install/ranger_msgs/include/ranger_msgs/ranger_msgs/msg/detail/driver_state__functions.c
-- Installing: /home/seeed/ros2/ws/install/ranger_msgs/include/ranger_msgs/ranger_msgs/msg/detail/system_state__struct.h
-- Installing: /home/seeed/ros2/ws/install/ranger_msgs/include/ranger_msgs/ranger_msgs/msg/detail/motion_state__type_support.h
-- Installing: /home/seeed/ros2/ws/install/ranger_msgs/include/ranger_msgs/ranger_msgs/msg/rosidl_generator_c__visibility_control.h
-- Installing: /home/seeed/ros2/ws/install/ranger_msgs/share/ranger_msgs/environment/library_path.sh
-- Installing: /home/seeed/ros2/ws/install/ranger_msgs/share/ranger_msgs/environment/library_path.dsv
-- Installing: /home/seeed/ros2/ws/install/ranger_msgs/lib/libranger_msgs__rosidl_generator_c.so
-- Set runtime path of "/home/seeed/ros2/ws/install/ranger_msgs/lib/libranger_msgs__rosidl_generator_c.so" to ""
-- Up-to-date: /home/seeed/ros2/ws/install/ranger_msgs/include/ranger_msgs/ranger_msgs
-- Up-to-date: /home/seeed/ros2/ws/install/ranger_msgs/include/ranger_msgs/ranger_msgs/msg
-- Installing: /home/seeed/ros2/ws/install/ranger_msgs/include/ranger_msgs/ranger_msgs/msg/rosidl_typesupport_fastrtps_c__visibility_control.h
-- Up-to-date: /home/seeed/ros2/ws/install/ranger_msgs/include/ranger_msgs/ranger_msgs/msg/detail
-- Installing: /home/seeed/ros2/ws/install/ranger_msgs/include/ranger_msgs/ranger_msgs/msg/detail/motion_state__rosidl_typesupport_fastrtps_c.h
-- Installing: /home/seeed/ros2/ws/install/ranger_msgs/include/ranger_msgs/ranger_msgs/msg/detail/actuator_state_array__rosidl_typesupport_fastrtps_c.h
-- Installing: /home/seeed/ros2/ws/install/ranger_msgs/include/ranger_msgs/ranger_msgs/msg/detail/motor_state__rosidl_typesupport_fastrtps_c.h
-- Installing: /home/seeed/ros2/ws/install/ranger_msgs/include/ranger_msgs/ranger_msgs/msg/detail/driver_state__rosidl_typesupport_fastrtps_c.h
-- Installing: /home/seeed/ros2/ws/install/ranger_msgs/include/ranger_msgs/ranger_msgs/msg/detail/actuator_state__rosidl_typesupport_fastrtps_c.h
-- Installing: /home/seeed/ros2/ws/install/ranger_msgs/include/ranger_msgs/ranger_msgs/msg/detail/system_state__rosidl_typesupport_fastrtps_c.h
-- Installing: /home/seeed/ros2/ws/install/ranger_msgs/lib/libranger_msgs__rosidl_typesupport_fastrtps_c.so
-- Set runtime path of "/home/seeed/ros2/ws/install/ranger_msgs/lib/libranger_msgs__rosidl_typesupport_fastrtps_c.so" to ""
-- Up-to-date: /home/seeed/ros2/ws/install/ranger_msgs/include/ranger_msgs/ranger_msgs
-- Up-to-date: /home/seeed/ros2/ws/install/ranger_msgs/include/ranger_msgs/ranger_msgs/msg
-- Installing: /home/seeed/ros2/ws/install/ranger_msgs/include/ranger_msgs/ranger_msgs/msg/system_state.hpp
-- Installing: /home/seeed/ros2/ws/install/ranger_msgs/include/ranger_msgs/ranger_msgs/msg/actuator_state_array.hpp
-- Installing: /home/seeed/ros2/ws/install/ranger_msgs/include/ranger_msgs/ranger_msgs/msg/motor_state.hpp
-- Installing: /home/seeed/ros2/ws/install/ranger_msgs/include/ranger_msgs/ranger_msgs/msg/actuator_state.hpp
-- Installing: /home/seeed/ros2/ws/install/ranger_msgs/include/ranger_msgs/ranger_msgs/msg/rosidl_generator_cpp__visibility_control.hpp
-- Installing: /home/seeed/ros2/ws/install/ranger_msgs/include/ranger_msgs/ranger_msgs/msg/driver_state.hpp
-- Up-to-date: /home/seeed/ros2/ws/install/ranger_msgs/include/ranger_msgs/ranger_msgs/msg/detail
-- Installing: /home/seeed/ros2/ws/install/ranger_msgs/include/ranger_msgs/ranger_msgs/msg/detail/driver_state__traits.hpp
-- Installing: /home/seeed/ros2/ws/install/ranger_msgs/include/ranger_msgs/ranger_msgs/msg/detail/motor_state__type_support.hpp
-- Installing: /home/seeed/ros2/ws/install/ranger_msgs/include/ranger_msgs/ranger_msgs/msg/detail/actuator_state_array__traits.hpp
-- Installing: /home/seeed/ros2/ws/install/ranger_msgs/include/ranger_msgs/ranger_msgs/msg/detail/driver_state__struct.hpp
-- Installing: /home/seeed/ros2/ws/install/ranger_msgs/include/ranger_msgs/ranger_msgs/msg/detail/system_state__traits.hpp
-- Installing: /home/seeed/ros2/ws/install/ranger_msgs/include/ranger_msgs/ranger_msgs/msg/detail/actuator_state_array__builder.hpp
-- Installing: /home/seeed/ros2/ws/install/ranger_msgs/include/ranger_msgs/ranger_msgs/msg/detail/motor_state__traits.hpp
-- Installing: /home/seeed/ros2/ws/install/ranger_msgs/include/ranger_msgs/ranger_msgs/msg/detail/actuator_state__traits.hpp
-- Installing: /home/seeed/ros2/ws/install/ranger_msgs/include/ranger_msgs/ranger_msgs/msg/detail/motion_state__builder.hpp
-- Installing: /home/seeed/ros2/ws/install/ranger_msgs/include/ranger_msgs/ranger_msgs/msg/detail/system_state__type_support.hpp
-- Installing: /home/seeed/ros2/ws/install/ranger_msgs/include/ranger_msgs/ranger_msgs/msg/detail/actuator_state__struct.hpp
-- Installing: /home/seeed/ros2/ws/install/ranger_msgs/include/ranger_msgs/ranger_msgs/msg/detail/motion_state__traits.hpp
-- Installing: /home/seeed/ros2/ws/install/ranger_msgs/include/ranger_msgs/ranger_msgs/msg/detail/motor_state__builder.hpp
-- Installing: /home/seeed/ros2/ws/install/ranger_msgs/include/ranger_msgs/ranger_msgs/msg/detail/driver_state__type_support.hpp
-- Installing: /home/seeed/ros2/ws/install/ranger_msgs/include/ranger_msgs/ranger_msgs/msg/detail/motor_state__struct.hpp
-- Installing: /home/seeed/ros2/ws/install/ranger_msgs/include/ranger_msgs/ranger_msgs/msg/detail/driver_state__builder.hpp
-- Installing: /home/seeed/ros2/ws/install/ranger_msgs/include/ranger_msgs/ranger_msgs/msg/detail/system_state__struct.hpp
-- Installing: /home/seeed/ros2/ws/install/ranger_msgs/include/ranger_msgs/ranger_msgs/msg/detail/motion_state__type_support.hpp
-- Installing: /home/seeed/ros2/ws/install/ranger_msgs/include/ranger_msgs/ranger_msgs/msg/detail/actuator_state__builder.hpp
-- Installing: /home/seeed/ros2/ws/install/ranger_msgs/include/ranger_msgs/ranger_msgs/msg/detail/motion_state__struct.hpp
-- Installing: /home/seeed/ros2/ws/install/ranger_msgs/include/ranger_msgs/ranger_msgs/msg/detail/system_state__builder.hpp
-- Installing: /home/seeed/ros2/ws/install/ranger_msgs/include/ranger_msgs/ranger_msgs/msg/detail/actuator_state_array__type_support.hpp
-- Installing: /home/seeed/ros2/ws/install/ranger_msgs/include/ranger_msgs/ranger_msgs/msg/detail/actuator_state__type_support.hpp
-- Installing: /home/seeed/ros2/ws/install/ranger_msgs/include/ranger_msgs/ranger_msgs/msg/detail/actuator_state_array__struct.hpp
-- Installing: /home/seeed/ros2/ws/install/ranger_msgs/include/ranger_msgs/ranger_msgs/msg/motion_state.hpp
-- Up-to-date: /home/seeed/ros2/ws/install/ranger_msgs/include/ranger_msgs/ranger_msgs
-- Up-to-date: /home/seeed/ros2/ws/install/ranger_msgs/include/ranger_msgs/ranger_msgs/msg
-- Installing: /home/seeed/ros2/ws/install/ranger_msgs/include/ranger_msgs/ranger_msgs/msg/rosidl_typesupport_fastrtps_cpp__visibility_control.h
-- Up-to-date: /home/seeed/ros2/ws/install/ranger_msgs/include/ranger_msgs/ranger_msgs/msg/detail
-- Installing: /home/seeed/ros2/ws/install/ranger_msgs/include/ranger_msgs/ranger_msgs/msg/detail/actuator_state_array__rosidl_typesupport_fastrtps_cpp.hpp
-- Installing: /home/seeed/ros2/ws/install/ranger_msgs/include/ranger_msgs/ranger_msgs/msg/detail/motion_state__rosidl_typesupport_fastrtps_cpp.hpp
-- Installing: /home/seeed/ros2/ws/install/ranger_msgs/include/ranger_msgs/ranger_msgs/msg/detail/dds_fastrtps
-- Installing: /home/seeed/ros2/ws/install/ranger_msgs/include/ranger_msgs/ranger_msgs/msg/detail/system_state__rosidl_typesupport_fastrtps_cpp.hpp
-- Installing: /home/seeed/ros2/ws/install/ranger_msgs/include/ranger_msgs/ranger_msgs/msg/detail/actuator_state__rosidl_typesupport_fastrtps_cpp.hpp
-- Installing: /home/seeed/ros2/ws/install/ranger_msgs/include/ranger_msgs/ranger_msgs/msg/detail/motor_state__rosidl_typesupport_fastrtps_cpp.hpp
-- Installing: /home/seeed/ros2/ws/install/ranger_msgs/include/ranger_msgs/ranger_msgs/msg/detail/driver_state__rosidl_typesupport_fastrtps_cpp.hpp
-- Installing: /home/seeed/ros2/ws/install/ranger_msgs/lib/libranger_msgs__rosidl_typesupport_fastrtps_cpp.so
-- Set runtime path of "/home/seeed/ros2/ws/install/ranger_msgs/lib/libranger_msgs__rosidl_typesupport_fastrtps_cpp.so" to ""
-- Up-to-date: /home/seeed/ros2/ws/install/ranger_msgs/include/ranger_msgs/ranger_msgs
-- Up-to-date: /home/seeed/ros2/ws/install/ranger_msgs/include/ranger_msgs/ranger_msgs/msg
-- Installing: /home/seeed/ros2/ws/install/ranger_msgs/include/ranger_msgs/ranger_msgs/msg/rosidl_typesupport_introspection_c__visibility_control.h
-- Up-to-date: /home/seeed/ros2/ws/install/ranger_msgs/include/ranger_msgs/ranger_msgs/msg/detail
-- Installing: /home/seeed/ros2/ws/install/ranger_msgs/include/ranger_msgs/ranger_msgs/msg/detail/motor_state__type_support.c
-- Installing: /home/seeed/ros2/ws/install/ranger_msgs/include/ranger_msgs/ranger_msgs/msg/detail/actuator_state__type_support.c
-- Installing: /home/seeed/ros2/ws/install/ranger_msgs/include/ranger_msgs/ranger_msgs/msg/detail/actuator_state_array__type_support.c
-- Installing: /home/seeed/ros2/ws/install/ranger_msgs/include/ranger_msgs/ranger_msgs/msg/detail/driver_state__rosidl_typesupport_introspection_c.h
-- Installing: /home/seeed/ros2/ws/install/ranger_msgs/include/ranger_msgs/ranger_msgs/msg/detail/system_state__rosidl_typesupport_introspection_c.h
-- Installing: /home/seeed/ros2/ws/install/ranger_msgs/include/ranger_msgs/ranger_msgs/msg/detail/actuator_state_array__rosidl_typesupport_introspection_c.h
-- Installing: /home/seeed/ros2/ws/install/ranger_msgs/include/ranger_msgs/ranger_msgs/msg/detail/driver_state__type_support.c
-- Installing: /home/seeed/ros2/ws/install/ranger_msgs/include/ranger_msgs/ranger_msgs/msg/detail/system_state__type_support.c
-- Installing: /home/seeed/ros2/ws/install/ranger_msgs/include/ranger_msgs/ranger_msgs/msg/detail/motor_state__rosidl_typesupport_introspection_c.h
-- Installing: /home/seeed/ros2/ws/install/ranger_msgs/include/ranger_msgs/ranger_msgs/msg/detail/motion_state__rosidl_typesupport_introspection_c.h
-- Installing: /home/seeed/ros2/ws/install/ranger_msgs/include/ranger_msgs/ranger_msgs/msg/detail/motion_state__type_support.c
-- Installing: /home/seeed/ros2/ws/install/ranger_msgs/include/ranger_msgs/ranger_msgs/msg/detail/actuator_state__rosidl_typesupport_introspection_c.h
-- Installing: /home/seeed/ros2/ws/install/ranger_msgs/lib/libranger_msgs__rosidl_typesupport_introspection_c.so
-- Set runtime path of "/home/seeed/ros2/ws/install/ranger_msgs/lib/libranger_msgs__rosidl_typesupport_introspection_c.so" to ""
-- Installing: /home/seeed/ros2/ws/install/ranger_msgs/lib/libranger_msgs__rosidl_typesupport_c.so
-- Set runtime path of "/home/seeed/ros2/ws/install/ranger_msgs/lib/libranger_msgs__rosidl_typesupport_c.so" to ""
-- Up-to-date: /home/seeed/ros2/ws/install/ranger_msgs/include/ranger_msgs/ranger_msgs
-- Up-to-date: /home/seeed/ros2/ws/install/ranger_msgs/include/ranger_msgs/ranger_msgs/msg
-- Up-to-date: /home/seeed/ros2/ws/install/ranger_msgs/include/ranger_msgs/ranger_msgs/msg/detail
-- Installing: /home/seeed/ros2/ws/install/ranger_msgs/include/ranger_msgs/ranger_msgs/msg/detail/driver_state__type_support.cpp
-- Installing: /home/seeed/ros2/ws/install/ranger_msgs/include/ranger_msgs/ranger_msgs/msg/detail/motor_state__rosidl_typesupport_introspection_cpp.hpp
-- Installing: /home/seeed/ros2/ws/install/ranger_msgs/include/ranger_msgs/ranger_msgs/msg/detail/motion_state__type_support.cpp
-- Installing: /home/seeed/ros2/ws/install/ranger_msgs/include/ranger_msgs/ranger_msgs/msg/detail/actuator_state_array__type_support.cpp
-- Installing: /home/seeed/ros2/ws/install/ranger_msgs/include/ranger_msgs/ranger_msgs/msg/detail/system_state__type_support.cpp
-- Installing: /home/seeed/ros2/ws/install/ranger_msgs/include/ranger_msgs/ranger_msgs/msg/detail/actuator_state_array__rosidl_typesupport_introspection_cpp.hpp
-- Installing: /home/seeed/ros2/ws/install/ranger_msgs/include/ranger_msgs/ranger_msgs/msg/detail/motor_state__type_support.cpp
-- Installing: /home/seeed/ros2/ws/install/ranger_msgs/include/ranger_msgs/ranger_msgs/msg/detail/driver_state__rosidl_typesupport_introspection_cpp.hpp
-- Installing: /home/seeed/ros2/ws/install/ranger_msgs/include/ranger_msgs/ranger_msgs/msg/detail/actuator_state__type_support.cpp
-- Installing: /home/seeed/ros2/ws/install/ranger_msgs/include/ranger_msgs/ranger_msgs/msg/detail/actuator_state__rosidl_typesupport_introspection_cpp.hpp
-- Installing: /home/seeed/ros2/ws/install/ranger_msgs/include/ranger_msgs/ranger_msgs/msg/detail/motion_state__rosidl_typesupport_introspection_cpp.hpp
-- Installing: /home/seeed/ros2/ws/install/ranger_msgs/include/ranger_msgs/ranger_msgs/msg/detail/system_state__rosidl_typesupport_introspection_cpp.hpp
-- Installing: /home/seeed/ros2/ws/install/ranger_msgs/lib/libranger_msgs__rosidl_typesupport_introspection_cpp.so
-- Set runtime path of "/home/seeed/ros2/ws/install/ranger_msgs/lib/libranger_msgs__rosidl_typesupport_introspection_cpp.so" to ""
-- Installing: /home/seeed/ros2/ws/install/ranger_msgs/lib/libranger_msgs__rosidl_typesupport_cpp.so
-- Set runtime path of "/home/seeed/ros2/ws/install/ranger_msgs/lib/libranger_msgs__rosidl_typesupport_cpp.so" to ""
-- Installing: /home/seeed/ros2/ws/install/ranger_msgs/share/ranger_msgs/environment/pythonpath.sh
-- Installing: /home/seeed/ros2/ws/install/ranger_msgs/share/ranger_msgs/environment/pythonpath.dsv
-- Installing: /home/seeed/ros2/ws/install/ranger_msgs/local/lib/python3.10/dist-packages/ranger_msgs-0.0.1-py3.10.egg-info
-- Installing: /home/seeed/ros2/ws/install/ranger_msgs/local/lib/python3.10/dist-packages/ranger_msgs-0.0.1-py3.10.egg-info/SOURCES.txt
-- Installing: /home/seeed/ros2/ws/install/ranger_msgs/local/lib/python3.10/dist-packages/ranger_msgs-0.0.1-py3.10.egg-info/PKG-INFO
-- Installing: /home/seeed/ros2/ws/install/ranger_msgs/local/lib/python3.10/dist-packages/ranger_msgs-0.0.1-py3.10.egg-info/dependency_links.txt
-- Installing: /home/seeed/ros2/ws/install/ranger_msgs/local/lib/python3.10/dist-packages/ranger_msgs-0.0.1-py3.10.egg-info/top_level.txt
-- Installing: /home/seeed/ros2/ws/install/ranger_msgs/local/lib/python3.10/dist-packages/ranger_msgs
-- Installing: /home/seeed/ros2/ws/install/ranger_msgs/local/lib/python3.10/dist-packages/ranger_msgs/ranger_msgs_s__rosidl_typesupport_introspection_c.cpython-310-aarch64-linux-gnu.so
-- Installing: /home/seeed/ros2/ws/install/ranger_msgs/local/lib/python3.10/dist-packages/ranger_msgs/_ranger_msgs_s.ep.rosidl_typesupport_c.c
-- Installing: /home/seeed/ros2/ws/install/ranger_msgs/local/lib/python3.10/dist-packages/ranger_msgs/_ranger_msgs_s.ep.rosidl_typesupport_fastrtps_c.c
-- Installing: /home/seeed/ros2/ws/install/ranger_msgs/local/lib/python3.10/dist-packages/ranger_msgs/ranger_msgs_s__rosidl_typesupport_fastrtps_c.cpython-310-aarch64-linux-gnu.so
-- Installing: /home/seeed/ros2/ws/install/ranger_msgs/local/lib/python3.10/dist-packages/ranger_msgs/msg
-- Installing: /home/seeed/ros2/ws/install/ranger_msgs/local/lib/python3.10/dist-packages/ranger_msgs/msg/_actuator_state_array.py
-- Installing: /home/seeed/ros2/ws/install/ranger_msgs/local/lib/python3.10/dist-packages/ranger_msgs/msg/_actuator_state.py
-- Installing: /home/seeed/ros2/ws/install/ranger_msgs/local/lib/python3.10/dist-packages/ranger_msgs/msg/_actuator_state_array_s.c
-- Installing: /home/seeed/ros2/ws/install/ranger_msgs/local/lib/python3.10/dist-packages/ranger_msgs/msg/_motor_state_s.c
-- Installing: /home/seeed/ros2/ws/install/ranger_msgs/local/lib/python3.10/dist-packages/ranger_msgs/msg/_driver_state_s.c
-- Installing: /home/seeed/ros2/ws/install/ranger_msgs/local/lib/python3.10/dist-packages/ranger_msgs/msg/_motion_state_s.c
-- Installing: /home/seeed/ros2/ws/install/ranger_msgs/local/lib/python3.10/dist-packages/ranger_msgs/msg/_actuator_state_s.c
-- Installing: /home/seeed/ros2/ws/install/ranger_msgs/local/lib/python3.10/dist-packages/ranger_msgs/msg/_motion_state.py
-- Installing: /home/seeed/ros2/ws/install/ranger_msgs/local/lib/python3.10/dist-packages/ranger_msgs/msg/_system_state.py
-- Installing: /home/seeed/ros2/ws/install/ranger_msgs/local/lib/python3.10/dist-packages/ranger_msgs/msg/_system_state_s.c
-- Installing: /home/seeed/ros2/ws/install/ranger_msgs/local/lib/python3.10/dist-packages/ranger_msgs/msg/_motor_state.py
-- Installing: /home/seeed/ros2/ws/install/ranger_msgs/local/lib/python3.10/dist-packages/ranger_msgs/msg/_driver_state.py
-- Installing: /home/seeed/ros2/ws/install/ranger_msgs/local/lib/python3.10/dist-packages/ranger_msgs/msg/__init__.py
-- Installing: /home/seeed/ros2/ws/install/ranger_msgs/local/lib/python3.10/dist-packages/ranger_msgs/_ranger_msgs_s.ep.rosidl_typesupport_introspection_c.c
-- Installing: /home/seeed/ros2/ws/install/ranger_msgs/local/lib/python3.10/dist-packages/ranger_msgs/ranger_msgs_s__rosidl_typesupport_c.cpython-310-aarch64-linux-gnu.so
-- Installing: /home/seeed/ros2/ws/install/ranger_msgs/local/lib/python3.10/dist-packages/ranger_msgs/libranger_msgs__rosidl_generator_py.so
-- Installing: /home/seeed/ros2/ws/install/ranger_msgs/local/lib/python3.10/dist-packages/ranger_msgs/__init__.py
Listing '/home/seeed/ros2/ws/install/ranger_msgs/local/lib/python3.10/dist-packages/ranger_msgs'...
Compiling '/home/seeed/ros2/ws/install/ranger_msgs/local/lib/python3.10/dist-packages/ranger_msgs/__init__.py'...
Listing '/home/seeed/ros2/ws/install/ranger_msgs/local/lib/python3.10/dist-packages/ranger_msgs/msg'...
Compiling '/home/seeed/ros2/ws/install/ranger_msgs/local/lib/python3.10/dist-packages/ranger_msgs/msg/__init__.py'...
Compiling '/home/seeed/ros2/ws/install/ranger_msgs/local/lib/python3.10/dist-packages/ranger_msgs/msg/_actuator_state.py'...
Compiling '/home/seeed/ros2/ws/install/ranger_msgs/local/lib/python3.10/dist-packages/ranger_msgs/msg/_actuator_state_array.py'...
Compiling '/home/seeed/ros2/ws/install/ranger_msgs/local/lib/python3.10/dist-packages/ranger_msgs/msg/_driver_state.py'...
Compiling '/home/seeed/ros2/ws/install/ranger_msgs/local/lib/python3.10/dist-packages/ranger_msgs/msg/_motion_state.py'...
Compiling '/home/seeed/ros2/ws/install/ranger_msgs/local/lib/python3.10/dist-packages/ranger_msgs/msg/_motor_state.py'...
Compiling '/home/seeed/ros2/ws/install/ranger_msgs/local/lib/python3.10/dist-packages/ranger_msgs/msg/_system_state.py'...
-- Installing: /home/seeed/ros2/ws/install/ranger_msgs/local/lib/python3.10/dist-packages/ranger_msgs/ranger_msgs_s__rosidl_typesupport_fastrtps_c.cpython-310-aarch64-linux-gnu.so
-- Set runtime path of "/home/seeed/ros2/ws/install/ranger_msgs/local/lib/python3.10/dist-packages/ranger_msgs/ranger_msgs_s__rosidl_typesupport_fastrtps_c.cpython-310-aarch64-linux-gnu.so" to ""
-- Installing: /home/seeed/ros2/ws/install/ranger_msgs/local/lib/python3.10/dist-packages/ranger_msgs/ranger_msgs_s__rosidl_typesupport_introspection_c.cpython-310-aarch64-linux-gnu.so
-- Set runtime path of "/home/seeed/ros2/ws/install/ranger_msgs/local/lib/python3.10/dist-packages/ranger_msgs/ranger_msgs_s__rosidl_typesupport_introspection_c.cpython-310-aarch64-linux-gnu.so" to ""
-- Installing: /home/seeed/ros2/ws/install/ranger_msgs/local/lib/python3.10/dist-packages/ranger_msgs/ranger_msgs_s__rosidl_typesupport_c.cpython-310-aarch64-linux-gnu.so
-- Set runtime path of "/home/seeed/ros2/ws/install/ranger_msgs/local/lib/python3.10/dist-packages/ranger_msgs/ranger_msgs_s__rosidl_typesupport_c.cpython-310-aarch64-linux-gnu.so" to ""
-- Installing: /home/seeed/ros2/ws/install/ranger_msgs/lib/libranger_msgs__rosidl_generator_py.so
-- Set runtime path of "/home/seeed/ros2/ws/install/ranger_msgs/lib/libranger_msgs__rosidl_generator_py.so" to ""
-- Installing: /home/seeed/ros2/ws/install/ranger_msgs/share/ament_index/resource_index/rust_packages/ranger_msgs
-- Installing: /home/seeed/ros2/ws/install/ranger_msgs/share/ranger_msgs/rust
-- Installing: /home/seeed/ros2/ws/install/ranger_msgs/share/ranger_msgs/rust/build.rs
-- Installing: /home/seeed/ros2/ws/install/ranger_msgs/share/ranger_msgs/rust/src
-- Installing: /home/seeed/ros2/ws/install/ranger_msgs/share/ranger_msgs/rust/src/msg.rs
-- Installing: /home/seeed/ros2/ws/install/ranger_msgs/share/ranger_msgs/rust/src/msg
-- Installing: /home/seeed/ros2/ws/install/ranger_msgs/share/ranger_msgs/rust/src/msg/rmw.rs
-- Installing: /home/seeed/ros2/ws/install/ranger_msgs/share/ranger_msgs/rust/src/lib.rs
-- Installing: /home/seeed/ros2/ws/install/ranger_msgs/share/ranger_msgs/rust/Cargo.toml
-- Installing: /home/seeed/ros2/ws/install/ranger_msgs/share/ranger_msgs/msg/ActuatorState.idl
-- Installing: /home/seeed/ros2/ws/install/ranger_msgs/share/ranger_msgs/msg/ActuatorStateArray.idl
-- Installing: /home/seeed/ros2/ws/install/ranger_msgs/share/ranger_msgs/msg/DriverState.idl
-- Installing: /home/seeed/ros2/ws/install/ranger_msgs/share/ranger_msgs/msg/MotionState.idl
-- Installing: /home/seeed/ros2/ws/install/ranger_msgs/share/ranger_msgs/msg/MotorState.idl
-- Installing: /home/seeed/ros2/ws/install/ranger_msgs/share/ranger_msgs/msg/SystemState.idl
-- Installing: /home/seeed/ros2/ws/install/ranger_msgs/share/ranger_msgs/msg/ActuatorState.msg
-- Installing: /home/seeed/ros2/ws/install/ranger_msgs/share/ranger_msgs/msg/ActuatorStateArray.msg
-- Installing: /home/seeed/ros2/ws/install/ranger_msgs/share/ranger_msgs/msg/DriverState.msg
-- Installing: /home/seeed/ros2/ws/install/ranger_msgs/share/ranger_msgs/msg/MotionState.msg
-- Installing: /home/seeed/ros2/ws/install/ranger_msgs/share/ranger_msgs/msg/MotorState.msg
-- Installing: /home/seeed/ros2/ws/install/ranger_msgs/share/ranger_msgs/msg/SystemState.msg
-- Installing: /home/seeed/ros2/ws/install/ranger_msgs/share/ament_index/resource_index/package_run_dependencies/ranger_msgs
-- Installing: /home/seeed/ros2/ws/install/ranger_msgs/share/ament_index/resource_index/parent_prefix_path/ranger_msgs
-- Installing: /home/seeed/ros2/ws/install/ranger_msgs/share/ranger_msgs/environment/ament_prefix_path.sh
-- Installing: /home/seeed/ros2/ws/install/ranger_msgs/share/ranger_msgs/environment/ament_prefix_path.dsv
-- Installing: /home/seeed/ros2/ws/install/ranger_msgs/share/ranger_msgs/environment/path.sh
-- Installing: /home/seeed/ros2/ws/install/ranger_msgs/share/ranger_msgs/environment/path.dsv
-- Installing: /home/seeed/ros2/ws/install/ranger_msgs/share/ranger_msgs/local_setup.bash
-- Installing: /home/seeed/ros2/ws/install/ranger_msgs/share/ranger_msgs/local_setup.sh
-- Installing: /home/seeed/ros2/ws/install/ranger_msgs/share/ranger_msgs/local_setup.zsh
-- Installing: /home/seeed/ros2/ws/install/ranger_msgs/share/ranger_msgs/local_setup.dsv
-- Installing: /home/seeed/ros2/ws/install/ranger_msgs/share/ranger_msgs/package.dsv
-- Installing: /home/seeed/ros2/ws/install/ranger_msgs/share/ament_index/resource_index/packages/ranger_msgs
-- Installing: /home/seeed/ros2/ws/install/ranger_msgs/share/ranger_msgs/cmake/export_ranger_msgs__rosidl_generator_cExport.cmake
-- Installing: /home/seeed/ros2/ws/install/ranger_msgs/share/ranger_msgs/cmake/export_ranger_msgs__rosidl_generator_cExport-noconfig.cmake
-- Installing: /home/seeed/ros2/ws/install/ranger_msgs/share/ranger_msgs/cmake/export_ranger_msgs__rosidl_typesupport_fastrtps_cExport.cmake
-- Installing: /home/seeed/ros2/ws/install/ranger_msgs/share/ranger_msgs/cmake/export_ranger_msgs__rosidl_typesupport_fastrtps_cExport-noconfig.cmake
-- Installing: /home/seeed/ros2/ws/install/ranger_msgs/share/ranger_msgs/cmake/export_ranger_msgs__rosidl_generator_cppExport.cmake
-- Installing: /home/seeed/ros2/ws/install/ranger_msgs/share/ranger_msgs/cmake/export_ranger_msgs__rosidl_typesupport_fastrtps_cppExport.cmake
-- Installing: /home/seeed/ros2/ws/install/ranger_msgs/share/ranger_msgs/cmake/export_ranger_msgs__rosidl_typesupport_fastrtps_cppExport-noconfig.cmake
-- Installing: /home/seeed/ros2/ws/install/ranger_msgs/share/ranger_msgs/cmake/ranger_msgs__rosidl_typesupport_introspection_cExport.cmake
-- Installing: /home/seeed/ros2/ws/install/ranger_msgs/share/ranger_msgs/cmake/ranger_msgs__rosidl_typesupport_introspection_cExport-noconfig.cmake
-- Installing: /home/seeed/ros2/ws/install/ranger_msgs/share/ranger_msgs/cmake/ranger_msgs__rosidl_typesupport_cExport.cmake
-- Installing: /home/seeed/ros2/ws/install/ranger_msgs/share/ranger_msgs/cmake/ranger_msgs__rosidl_typesupport_cExport-noconfig.cmake
-- Installing: /home/seeed/ros2/ws/install/ranger_msgs/share/ranger_msgs/cmake/ranger_msgs__rosidl_typesupport_introspection_cppExport.cmake
-- Installing: /home/seeed/ros2/ws/install/ranger_msgs/share/ranger_msgs/cmake/ranger_msgs__rosidl_typesupport_introspection_cppExport-noconfig.cmake
-- Installing: /home/seeed/ros2/ws/install/ranger_msgs/share/ranger_msgs/cmake/ranger_msgs__rosidl_typesupport_cppExport.cmake
-- Installing: /home/seeed/ros2/ws/install/ranger_msgs/share/ranger_msgs/cmake/ranger_msgs__rosidl_typesupport_cppExport-noconfig.cmake
-- Installing: /home/seeed/ros2/ws/install/ranger_msgs/share/ranger_msgs/cmake/export_ranger_msgs__rosidl_generator_pyExport.cmake
-- Installing: /home/seeed/ros2/ws/install/ranger_msgs/share/ranger_msgs/cmake/export_ranger_msgs__rosidl_generator_pyExport-noconfig.cmake
-- Installing: /home/seeed/ros2/ws/install/ranger_msgs/share/ranger_msgs/cmake/rosidl_cmake-extras.cmake
-- Installing: /home/seeed/ros2/ws/install/ranger_msgs/share/ranger_msgs/cmake/ament_cmake_export_dependencies-extras.cmake
-- Installing: /home/seeed/ros2/ws/install/ranger_msgs/share/ranger_msgs/cmake/ament_cmake_export_include_directories-extras.cmake
-- Installing: /home/seeed/ros2/ws/install/ranger_msgs/share/ranger_msgs/cmake/ament_cmake_export_libraries-extras.cmake
-- Installing: /home/seeed/ros2/ws/install/ranger_msgs/share/ranger_msgs/cmake/ament_cmake_export_targets-extras.cmake
-- Installing: /home/seeed/ros2/ws/install/ranger_msgs/share/ranger_msgs/cmake/rosidl_cmake_export_typesupport_targets-extras.cmake
-- Installing: /home/seeed/ros2/ws/install/ranger_msgs/share/ranger_msgs/cmake/rosidl_cmake_export_typesupport_libraries-extras.cmake
-- Installing: /home/seeed/ros2/ws/install/ranger_msgs/share/ranger_msgs/cmake/ranger_msgsConfig.cmake
-- Installing: /home/seeed/ros2/ws/install/ranger_msgs/share/ranger_msgs/cmake/ranger_msgsConfig-version.cmake
-- Installing: /home/seeed/ros2/ws/install/ranger_msgs/share/ranger_msgs/package.xml
