[0.022s] Invoking command in '/home/seeed/ros2/ws/build/fast_lio': AMENT_PREFIX_PATH=/home/seeed/ros2/ws/install/livox_ros_driver2:${AMENT_PREFIX_PATH} CMAKE_PREFIX_PATH=/home/seeed/ros2/ws/install/livox_ros_driver2:/opt/ros/humble LD_LIBRARY_PATH=/home/seeed/ros2/ws/install/livox_ros_driver2/lib:${LD_LIBRARY_PATH} PYTHONPATH=/home/seeed/ros2/ws/install/livox_ros_driver2/local/lib/python3.10/dist-packages:${PYTHONPATH} /usr/local/bin/cmake --build /home/seeed/ros2/ws/build/fast_lio -- -j6 -l6
[0.142s] [  0%] Built target ament_cmake_python_copy_fast_lio
[0.148s] [  2%] Built target fast_lio__rs
[0.163s] [ 11%] Built target fast_lio__rosidl_generator_c
[0.167s] [ 13%] Built target fast_lio__cpp
[0.224s] [ 22%] Built target fast_lio__rosidl_typesupport_fastrtps_c
[0.256s] [ 30%] Built target fast_lio__rosidl_typesupport_c
[0.262s] [ 38%] Built target fast_lio__rosidl_typesupport_introspection_c
[0.265s] [ 47%] Built target fast_lio__rosidl_typesupport_cpp
[0.313s] [ 55%] Built target fast_lio__rosidl_typesupport_fastrtps_cpp
[0.321s] [ 63%] Built target fast_lio__rosidl_typesupport_introspection_cpp
[0.407s] [ 63%] Built target fast_lio
[0.432s] [ 75%] Built target fastlio_mapping
[0.463s] [ 77%] Built target fast_lio__py
[0.499s] [ 83%] Built target fast_lio__rosidl_generator_py
[0.571s] [ 88%] Built target fast_lio__rosidl_typesupport_fastrtps_c__pyext
[0.603s] [ 94%] Built target fast_lio__rosidl_typesupport_c__pyext
[0.628s] [100%] Built target fast_lio__rosidl_typesupport_introspection_c__pyext
[1.257s] running egg_info
[1.262s] writing fast_lio.egg-info/PKG-INFO
[1.262s] writing dependency_links to fast_lio.egg-info/dependency_links.txt
[1.262s] writing top-level names to fast_lio.egg-info/top_level.txt
[1.284s] reading manifest file 'fast_lio.egg-info/SOURCES.txt'
[1.294s] writing manifest file 'fast_lio.egg-info/SOURCES.txt'
[1.492s] [100%] Built target ament_cmake_python_build_fast_lio_egg
[1.519s] Invoked command in '/home/seeed/ros2/ws/build/fast_lio' returned '0': AMENT_PREFIX_PATH=/home/seeed/ros2/ws/install/livox_ros_driver2:${AMENT_PREFIX_PATH} CMAKE_PREFIX_PATH=/home/seeed/ros2/ws/install/livox_ros_driver2:/opt/ros/humble LD_LIBRARY_PATH=/home/seeed/ros2/ws/install/livox_ros_driver2/lib:${LD_LIBRARY_PATH} PYTHONPATH=/home/seeed/ros2/ws/install/livox_ros_driver2/local/lib/python3.10/dist-packages:${PYTHONPATH} /usr/local/bin/cmake --build /home/seeed/ros2/ws/build/fast_lio -- -j6 -l6
[1.536s] Invoking command in '/home/seeed/ros2/ws/build/fast_lio': AMENT_PREFIX_PATH=/home/seeed/ros2/ws/install/livox_ros_driver2:${AMENT_PREFIX_PATH} CMAKE_PREFIX_PATH=/home/seeed/ros2/ws/install/livox_ros_driver2:/opt/ros/humble LD_LIBRARY_PATH=/home/seeed/ros2/ws/install/livox_ros_driver2/lib:${LD_LIBRARY_PATH} PYTHONPATH=/home/seeed/ros2/ws/install/livox_ros_driver2/local/lib/python3.10/dist-packages:${PYTHONPATH} /usr/local/bin/cmake --install /home/seeed/ros2/ws/build/fast_lio
[1.557s] -- Install configuration: "Release"
[1.566s] -- Up-to-date: /home/seeed/ros2/ws/install/fast_lio/share/ament_index/resource_index/rosidl_interfaces/fast_lio
[1.566s] -- Up-to-date: /home/seeed/ros2/ws/install/fast_lio/include/fast_lio/fast_lio
[1.566s] -- Up-to-date: /home/seeed/ros2/ws/install/fast_lio/include/fast_lio/fast_lio/msg
[1.566s] -- Up-to-date: /home/seeed/ros2/ws/install/fast_lio/include/fast_lio/fast_lio/msg/pose6_d.h
[1.567s] -- Up-to-date: /home/seeed/ros2/ws/install/fast_lio/include/fast_lio/fast_lio/msg/detail
[1.567s] -- Up-to-date: /home/seeed/ros2/ws/install/fast_lio/include/fast_lio/fast_lio/msg/detail/pose6_d__type_support.h
[1.567s] -- Up-to-date: /home/seeed/ros2/ws/install/fast_lio/include/fast_lio/fast_lio/msg/detail/pose6_d__struct.h
[1.567s] -- Up-to-date: /home/seeed/ros2/ws/install/fast_lio/include/fast_lio/fast_lio/msg/detail/pose6_d__functions.h
[1.567s] -- Up-to-date: /home/seeed/ros2/ws/install/fast_lio/include/fast_lio/fast_lio/msg/detail/pose6_d__functions.c
[1.568s] -- Up-to-date: /home/seeed/ros2/ws/install/fast_lio/include/fast_lio/fast_lio/msg/rosidl_generator_c__visibility_control.h
[1.568s] -- Up-to-date: /home/seeed/ros2/ws/install/fast_lio/share/fast_lio/environment/library_path.sh
[1.568s] -- Up-to-date: /home/seeed/ros2/ws/install/fast_lio/share/fast_lio/environment/library_path.dsv
[1.568s] -- Up-to-date: /home/seeed/ros2/ws/install/fast_lio/lib/libfast_lio__rosidl_generator_c.so
[1.568s] -- Up-to-date: /home/seeed/ros2/ws/install/fast_lio/include/fast_lio/fast_lio
[1.569s] -- Up-to-date: /home/seeed/ros2/ws/install/fast_lio/include/fast_lio/fast_lio/msg
[1.569s] -- Up-to-date: /home/seeed/ros2/ws/install/fast_lio/include/fast_lio/fast_lio/msg/rosidl_typesupport_fastrtps_c__visibility_control.h
[1.569s] -- Up-to-date: /home/seeed/ros2/ws/install/fast_lio/include/fast_lio/fast_lio/msg/detail
[1.569s] -- Up-to-date: /home/seeed/ros2/ws/install/fast_lio/include/fast_lio/fast_lio/msg/detail/pose6_d__rosidl_typesupport_fastrtps_c.h
[1.569s] -- Up-to-date: /home/seeed/ros2/ws/install/fast_lio/lib/libfast_lio__rosidl_typesupport_fastrtps_c.so
[1.569s] -- Up-to-date: /home/seeed/ros2/ws/install/fast_lio/include/fast_lio/fast_lio
[1.569s] -- Up-to-date: /home/seeed/ros2/ws/install/fast_lio/include/fast_lio/fast_lio/msg
[1.570s] -- Up-to-date: /home/seeed/ros2/ws/install/fast_lio/include/fast_lio/fast_lio/msg/pose6_d.hpp
[1.571s] -- Up-to-date: /home/seeed/ros2/ws/install/fast_lio/include/fast_lio/fast_lio/msg/rosidl_generator_cpp__visibility_control.hpp
[1.571s] -- Up-to-date: /home/seeed/ros2/ws/install/fast_lio/include/fast_lio/fast_lio/msg/detail
[1.574s] -- Up-to-date: /home/seeed/ros2/ws/install/fast_lio/include/fast_lio/fast_lio/msg/detail/pose6_d__traits.hpp
[1.575s] -- Up-to-date: /home/seeed/ros2/ws/install/fast_lio/include/fast_lio/fast_lio/msg/detail/pose6_d__type_support.hpp
[1.575s] -- Up-to-date: /home/seeed/ros2/ws/install/fast_lio/include/fast_lio/fast_lio/msg/detail/pose6_d__builder.hpp
[1.577s] -- Up-to-date: /home/seeed/ros2/ws/install/fast_lio/include/fast_lio/fast_lio/msg/detail/pose6_d__struct.hpp
[1.579s] -- Up-to-date: /home/seeed/ros2/ws/install/fast_lio/include/fast_lio/fast_lio
[1.579s] -- Up-to-date: /home/seeed/ros2/ws/install/fast_lio/include/fast_lio/fast_lio/msg
[1.581s] -- Up-to-date: /home/seeed/ros2/ws/install/fast_lio/include/fast_lio/fast_lio/msg/rosidl_typesupport_fastrtps_cpp__visibility_control.h
[1.581s] -- Up-to-date: /home/seeed/ros2/ws/install/fast_lio/include/fast_lio/fast_lio/msg/detail
[1.583s] -- Up-to-date: /home/seeed/ros2/ws/install/fast_lio/include/fast_lio/fast_lio/msg/detail/pose6_d__rosidl_typesupport_fastrtps_cpp.hpp
[1.583s] -- Up-to-date: /home/seeed/ros2/ws/install/fast_lio/include/fast_lio/fast_lio/msg/detail/dds_fastrtps
[1.583s] -- Up-to-date: /home/seeed/ros2/ws/install/fast_lio/lib/libfast_lio__rosidl_typesupport_fastrtps_cpp.so
[1.583s] -- Up-to-date: /home/seeed/ros2/ws/install/fast_lio/include/fast_lio/fast_lio
[1.587s] -- Up-to-date: /home/seeed/ros2/ws/install/fast_lio/include/fast_lio/fast_lio/msg
[1.590s] -- Up-to-date: /home/seeed/ros2/ws/install/fast_lio/include/fast_lio/fast_lio/msg/rosidl_typesupport_introspection_c__visibility_control.h
[1.591s] -- Up-to-date: /home/seeed/ros2/ws/install/fast_lio/include/fast_lio/fast_lio/msg/detail
[1.594s] -- Up-to-date: /home/seeed/ros2/ws/install/fast_lio/include/fast_lio/fast_lio/msg/detail/pose6_d__type_support.c
[1.595s] -- Up-to-date: /home/seeed/ros2/ws/install/fast_lio/include/fast_lio/fast_lio/msg/detail/pose6_d__rosidl_typesupport_introspection_c.h
[1.602s] -- Up-to-date: /home/seeed/ros2/ws/install/fast_lio/lib/libfast_lio__rosidl_typesupport_introspection_c.so
[1.606s] -- Up-to-date: /home/seeed/ros2/ws/install/fast_lio/lib/libfast_lio__rosidl_typesupport_c.so
[1.616s] -- Up-to-date: /home/seeed/ros2/ws/install/fast_lio/include/fast_lio/fast_lio
[1.617s] -- Up-to-date: /home/seeed/ros2/ws/install/fast_lio/include/fast_lio/fast_lio/msg
[1.617s] -- Up-to-date: /home/seeed/ros2/ws/install/fast_lio/include/fast_lio/fast_lio/msg/detail
[1.617s] -- Up-to-date: /home/seeed/ros2/ws/install/fast_lio/include/fast_lio/fast_lio/msg/detail/pose6_d__type_support.cpp
[1.617s] -- Up-to-date: /home/seeed/ros2/ws/install/fast_lio/include/fast_lio/fast_lio/msg/detail/pose6_d__rosidl_typesupport_introspection_cpp.hpp
[1.617s] -- Up-to-date: /home/seeed/ros2/ws/install/fast_lio/lib/libfast_lio__rosidl_typesupport_introspection_cpp.so
[1.621s] -- Up-to-date: /home/seeed/ros2/ws/install/fast_lio/lib/libfast_lio__rosidl_typesupport_cpp.so
[1.622s] -- Up-to-date: /home/seeed/ros2/ws/install/fast_lio/share/fast_lio/environment/pythonpath.sh
[1.623s] -- Up-to-date: /home/seeed/ros2/ws/install/fast_lio/share/fast_lio/environment/pythonpath.dsv
[1.623s] -- Up-to-date: /home/seeed/ros2/ws/install/fast_lio/local/lib/python3.10/dist-packages/fast_lio-0.0.0-py3.10.egg-info
[1.623s] -- Installing: /home/seeed/ros2/ws/install/fast_lio/local/lib/python3.10/dist-packages/fast_lio-0.0.0-py3.10.egg-info/SOURCES.txt
[1.625s] -- Installing: /home/seeed/ros2/ws/install/fast_lio/local/lib/python3.10/dist-packages/fast_lio-0.0.0-py3.10.egg-info/PKG-INFO
[1.625s] -- Installing: /home/seeed/ros2/ws/install/fast_lio/local/lib/python3.10/dist-packages/fast_lio-0.0.0-py3.10.egg-info/dependency_links.txt
[1.625s] -- Installing: /home/seeed/ros2/ws/install/fast_lio/local/lib/python3.10/dist-packages/fast_lio-0.0.0-py3.10.egg-info/top_level.txt
[1.627s] -- Up-to-date: /home/seeed/ros2/ws/install/fast_lio/local/lib/python3.10/dist-packages/fast_lio
[1.633s] -- Up-to-date: /home/seeed/ros2/ws/install/fast_lio/local/lib/python3.10/dist-packages/fast_lio/_fast_lio_s.ep.rosidl_typesupport_introspection_c.c
[1.636s] -- Up-to-date: /home/seeed/ros2/ws/install/fast_lio/local/lib/python3.10/dist-packages/fast_lio/fast_lio_s__rosidl_typesupport_introspection_c.cpython-310-aarch64-linux-gnu.so
[1.638s] -- Up-to-date: /home/seeed/ros2/ws/install/fast_lio/local/lib/python3.10/dist-packages/fast_lio/libfast_lio__rosidl_generator_py.so
[1.639s] -- Up-to-date: /home/seeed/ros2/ws/install/fast_lio/local/lib/python3.10/dist-packages/fast_lio/fast_lio_s__rosidl_typesupport_fastrtps_c.cpython-310-aarch64-linux-gnu.so
[1.639s] -- Up-to-date: /home/seeed/ros2/ws/install/fast_lio/local/lib/python3.10/dist-packages/fast_lio/_fast_lio_s.ep.rosidl_typesupport_c.c
[1.642s] -- Up-to-date: /home/seeed/ros2/ws/install/fast_lio/local/lib/python3.10/dist-packages/fast_lio/msg
[1.643s] -- Up-to-date: /home/seeed/ros2/ws/install/fast_lio/local/lib/python3.10/dist-packages/fast_lio/msg/_pose6_d_s.c
[1.646s] -- Up-to-date: /home/seeed/ros2/ws/install/fast_lio/local/lib/python3.10/dist-packages/fast_lio/msg/_pose6_d.py
[1.647s] -- Up-to-date: /home/seeed/ros2/ws/install/fast_lio/local/lib/python3.10/dist-packages/fast_lio/msg/__init__.py
[1.649s] -- Up-to-date: /home/seeed/ros2/ws/install/fast_lio/local/lib/python3.10/dist-packages/fast_lio/_fast_lio_s.ep.rosidl_typesupport_fastrtps_c.c
[1.650s] -- Up-to-date: /home/seeed/ros2/ws/install/fast_lio/local/lib/python3.10/dist-packages/fast_lio/__init__.py
[1.651s] -- Up-to-date: /home/seeed/ros2/ws/install/fast_lio/local/lib/python3.10/dist-packages/fast_lio/fast_lio_s__rosidl_typesupport_c.cpython-310-aarch64-linux-gnu.so
[1.700s] Listing '/home/seeed/ros2/ws/install/fast_lio/local/lib/python3.10/dist-packages/fast_lio'...
[1.701s] Listing '/home/seeed/ros2/ws/install/fast_lio/local/lib/python3.10/dist-packages/fast_lio/msg'...
[1.715s] -- Up-to-date: /home/seeed/ros2/ws/install/fast_lio/local/lib/python3.10/dist-packages/fast_lio/fast_lio_s__rosidl_typesupport_fastrtps_c.cpython-310-aarch64-linux-gnu.so
[1.717s] -- Up-to-date: /home/seeed/ros2/ws/install/fast_lio/local/lib/python3.10/dist-packages/fast_lio/fast_lio_s__rosidl_typesupport_introspection_c.cpython-310-aarch64-linux-gnu.so
[1.718s] -- Up-to-date: /home/seeed/ros2/ws/install/fast_lio/local/lib/python3.10/dist-packages/fast_lio/fast_lio_s__rosidl_typesupport_c.cpython-310-aarch64-linux-gnu.so
[1.718s] -- Up-to-date: /home/seeed/ros2/ws/install/fast_lio/lib/libfast_lio__rosidl_generator_py.so
[1.719s] -- Up-to-date: /home/seeed/ros2/ws/install/fast_lio/share/ament_index/resource_index/rust_packages/fast_lio
[1.719s] -- Up-to-date: /home/seeed/ros2/ws/install/fast_lio/share/fast_lio/rust
[1.719s] -- Up-to-date: /home/seeed/ros2/ws/install/fast_lio/share/fast_lio/rust/build.rs
[1.719s] -- Up-to-date: /home/seeed/ros2/ws/install/fast_lio/share/fast_lio/rust/src
[1.720s] -- Up-to-date: /home/seeed/ros2/ws/install/fast_lio/share/fast_lio/rust/src/msg.rs
[1.720s] -- Up-to-date: /home/seeed/ros2/ws/install/fast_lio/share/fast_lio/rust/src/msg
[1.720s] -- Up-to-date: /home/seeed/ros2/ws/install/fast_lio/share/fast_lio/rust/src/msg/rmw.rs
[1.721s] -- Up-to-date: /home/seeed/ros2/ws/install/fast_lio/share/fast_lio/rust/src/lib.rs
[1.722s] -- Up-to-date: /home/seeed/ros2/ws/install/fast_lio/share/fast_lio/rust/Cargo.toml
[1.722s] -- Up-to-date: /home/seeed/ros2/ws/install/fast_lio/share/fast_lio/msg/Pose6D.idl
[1.723s] -- Up-to-date: /home/seeed/ros2/ws/install/fast_lio/share/fast_lio/msg/Pose6D.msg
[1.723s] -- Up-to-date: /home/seeed/ros2/ws/install/fast_lio/lib/fast_lio/fastlio_mapping
[1.724s] -- Up-to-date: /home/seeed/ros2/ws/install/fast_lio/share/fast_lio/config
[1.725s] -- Up-to-date: /home/seeed/ros2/ws/install/fast_lio/share/fast_lio/config/horizon.yaml
[1.725s] -- Up-to-date: /home/seeed/ros2/ws/install/fast_lio/share/fast_lio/config/ouster64.yaml
[1.725s] -- Up-to-date: /home/seeed/ros2/ws/install/fast_lio/share/fast_lio/config/avia.yaml
[1.726s] -- Up-to-date: /home/seeed/ros2/ws/install/fast_lio/share/fast_lio/config/velodyne.yaml
[1.726s] -- Up-to-date: /home/seeed/ros2/ws/install/fast_lio/share/fast_lio/config/mid360.yaml
[1.727s] -- Up-to-date: /home/seeed/ros2/ws/install/fast_lio/share/fast_lio/launch
[1.727s] -- Up-to-date: /home/seeed/ros2/ws/install/fast_lio/share/fast_lio/launch/gdb_debug_example.launch
[1.728s] -- Up-to-date: /home/seeed/ros2/ws/install/fast_lio/share/fast_lio/launch/mapping.launch.py
[1.728s] -- Up-to-date: /home/seeed/ros2/ws/install/fast_lio/share/fast_lio/rviz
[1.740s] -- Up-to-date: /home/seeed/ros2/ws/install/fast_lio/share/fast_lio/rviz/fastlio.rviz
[1.744s] -- Up-to-date: /home/seeed/ros2/ws/install/fast_lio/share/ament_index/resource_index/package_run_dependencies/fast_lio
[1.745s] -- Up-to-date: /home/seeed/ros2/ws/install/fast_lio/share/ament_index/resource_index/parent_prefix_path/fast_lio
[1.745s] -- Up-to-date: /home/seeed/ros2/ws/install/fast_lio/share/fast_lio/environment/ament_prefix_path.sh
[1.745s] -- Up-to-date: /home/seeed/ros2/ws/install/fast_lio/share/fast_lio/environment/ament_prefix_path.dsv
[1.745s] -- Up-to-date: /home/seeed/ros2/ws/install/fast_lio/share/fast_lio/environment/path.sh
[1.745s] -- Up-to-date: /home/seeed/ros2/ws/install/fast_lio/share/fast_lio/environment/path.dsv
[1.745s] -- Up-to-date: /home/seeed/ros2/ws/install/fast_lio/share/fast_lio/local_setup.bash
[1.746s] -- Up-to-date: /home/seeed/ros2/ws/install/fast_lio/share/fast_lio/local_setup.sh
[1.746s] -- Up-to-date: /home/seeed/ros2/ws/install/fast_lio/share/fast_lio/local_setup.zsh
[1.746s] -- Up-to-date: /home/seeed/ros2/ws/install/fast_lio/share/fast_lio/local_setup.dsv
[1.746s] -- Installing: /home/seeed/ros2/ws/install/fast_lio/share/fast_lio/package.dsv
[1.746s] -- Up-to-date: /home/seeed/ros2/ws/install/fast_lio/share/ament_index/resource_index/packages/fast_lio
[1.746s] -- Up-to-date: /home/seeed/ros2/ws/install/fast_lio/share/fast_lio/cmake/export_fast_lio__rosidl_generator_cExport.cmake
[1.746s] -- Up-to-date: /home/seeed/ros2/ws/install/fast_lio/share/fast_lio/cmake/export_fast_lio__rosidl_generator_cExport-release.cmake
[1.747s] -- Up-to-date: /home/seeed/ros2/ws/install/fast_lio/share/fast_lio/cmake/export_fast_lio__rosidl_typesupport_fastrtps_cExport.cmake
[1.747s] -- Up-to-date: /home/seeed/ros2/ws/install/fast_lio/share/fast_lio/cmake/export_fast_lio__rosidl_typesupport_fastrtps_cExport-release.cmake
[1.747s] -- Up-to-date: /home/seeed/ros2/ws/install/fast_lio/share/fast_lio/cmake/export_fast_lio__rosidl_generator_cppExport.cmake
[1.749s] -- Up-to-date: /home/seeed/ros2/ws/install/fast_lio/share/fast_lio/cmake/export_fast_lio__rosidl_typesupport_fastrtps_cppExport.cmake
[1.759s] -- Up-to-date: /home/seeed/ros2/ws/install/fast_lio/share/fast_lio/cmake/export_fast_lio__rosidl_typesupport_fastrtps_cppExport-release.cmake
[1.761s] -- Up-to-date: /home/seeed/ros2/ws/install/fast_lio/share/fast_lio/cmake/fast_lio__rosidl_typesupport_introspection_cExport.cmake
[1.762s] -- Up-to-date: /home/seeed/ros2/ws/install/fast_lio/share/fast_lio/cmake/fast_lio__rosidl_typesupport_introspection_cExport-release.cmake
[1.762s] -- Up-to-date: /home/seeed/ros2/ws/install/fast_lio/share/fast_lio/cmake/fast_lio__rosidl_typesupport_cExport.cmake
[1.764s] -- Up-to-date: /home/seeed/ros2/ws/install/fast_lio/share/fast_lio/cmake/fast_lio__rosidl_typesupport_cExport-release.cmake
[1.764s] -- Up-to-date: /home/seeed/ros2/ws/install/fast_lio/share/fast_lio/cmake/fast_lio__rosidl_typesupport_introspection_cppExport.cmake
[1.765s] -- Up-to-date: /home/seeed/ros2/ws/install/fast_lio/share/fast_lio/cmake/fast_lio__rosidl_typesupport_introspection_cppExport-release.cmake
[1.766s] -- Up-to-date: /home/seeed/ros2/ws/install/fast_lio/share/fast_lio/cmake/fast_lio__rosidl_typesupport_cppExport.cmake
[1.771s] -- Up-to-date: /home/seeed/ros2/ws/install/fast_lio/share/fast_lio/cmake/fast_lio__rosidl_typesupport_cppExport-release.cmake
[1.773s] -- Up-to-date: /home/seeed/ros2/ws/install/fast_lio/share/fast_lio/cmake/export_fast_lio__rosidl_generator_pyExport.cmake
[1.773s] -- Up-to-date: /home/seeed/ros2/ws/install/fast_lio/share/fast_lio/cmake/export_fast_lio__rosidl_generator_pyExport-release.cmake
[1.773s] -- Up-to-date: /home/seeed/ros2/ws/install/fast_lio/share/fast_lio/cmake/rosidl_cmake-extras.cmake
[1.774s] -- Up-to-date: /home/seeed/ros2/ws/install/fast_lio/share/fast_lio/cmake/ament_cmake_export_include_directories-extras.cmake
[1.774s] -- Up-to-date: /home/seeed/ros2/ws/install/fast_lio/share/fast_lio/cmake/ament_cmake_export_libraries-extras.cmake
[1.774s] -- Up-to-date: /home/seeed/ros2/ws/install/fast_lio/share/fast_lio/cmake/ament_cmake_export_targets-extras.cmake
[1.774s] -- Up-to-date: /home/seeed/ros2/ws/install/fast_lio/share/fast_lio/cmake/rosidl_cmake_export_typesupport_targets-extras.cmake
[1.774s] -- Up-to-date: /home/seeed/ros2/ws/install/fast_lio/share/fast_lio/cmake/ament_cmake_export_dependencies-extras.cmake
[1.774s] -- Up-to-date: /home/seeed/ros2/ws/install/fast_lio/share/fast_lio/cmake/rosidl_cmake_export_typesupport_libraries-extras.cmake
[1.775s] -- Up-to-date: /home/seeed/ros2/ws/install/fast_lio/share/fast_lio/cmake/fast_lioConfig.cmake
[1.775s] -- Up-to-date: /home/seeed/ros2/ws/install/fast_lio/share/fast_lio/cmake/fast_lioConfig-version.cmake
[1.775s] -- Up-to-date: /home/seeed/ros2/ws/install/fast_lio/share/fast_lio/package.xml
[1.778s] Invoked command in '/home/seeed/ros2/ws/build/fast_lio' returned '0': AMENT_PREFIX_PATH=/home/seeed/ros2/ws/install/livox_ros_driver2:${AMENT_PREFIX_PATH} CMAKE_PREFIX_PATH=/home/seeed/ros2/ws/install/livox_ros_driver2:/opt/ros/humble LD_LIBRARY_PATH=/home/seeed/ros2/ws/install/livox_ros_driver2/lib:${LD_LIBRARY_PATH} PYTHONPATH=/home/seeed/ros2/ws/install/livox_ros_driver2/local/lib/python3.10/dist-packages:${PYTHONPATH} /usr/local/bin/cmake --install /home/seeed/ros2/ws/build/fast_lio
