[0.050s] Invoking command in '/home/seeed/ros2/ws/build/vikit_common': /usr/local/bin/cmake /home/seeed/ros2/ws/src/depd/rpg_vikit/vikit_common -DCATKIN_INSTALL_INTO_PREFIX_ROOT=0 -DCMAKE_INSTALL_PREFIX=/home/seeed/ros2/ws/install/vikit_common
[0.298s] -- The C compiler identification is GNU 11.4.0
[0.514s] -- The CXX compiler identification is GNU 11.4.0
[0.584s] -- Detecting C compiler ABI info
[0.795s] -- Detecting C compiler ABI info - done
[0.822s] -- Check for working C compiler: /usr/bin/cc - skipped
[0.824s] -- Detecting C compile features
[0.825s] -- Detecting C compile features - done
[0.858s] -- Detecting CXX compiler ABI info
[1.077s] -- Detecting CXX compiler ABI info - done
[1.138s] -- Check for working CXX compiler: /usr/bin/c++ - skipped
[1.139s] -- Detecting CXX compile features
[1.140s] -- Detecting CXX compile features - done
[1.142s] [0mCurrent CPU archtecture: aarch64[0m
[1.146s] -- Found ament_cmake: 1.3.14 (/opt/ros/humble/share/ament_cmake/cmake)
[1.532s] -- Found Python3: /usr/bin/python3 (found version "3.10.12") found components: Interpreter 
[1.988s] -- Found OpenCV: /usr (found version "4.5.4") found components: core calib3d features2d highgui imgproc 
[2.732s] -- Configuring done (2.7s)
[2.849s] -- Generating done (0.1s)
[2.887s] [33mCMake Warning:
[2.889s]   Manually-specified variables were not used by the project:
[2.889s] 
[2.889s]     CATKIN_INSTALL_INTO_PREFIX_ROOT
[2.889s] 
[2.890s] [0m
[2.909s] -- Build files have been written to: /home/seeed/ros2/ws/build/vikit_common
[3.016s] Invoked command in '/home/seeed/ros2/ws/build/vikit_common' returned '0': /usr/local/bin/cmake /home/seeed/ros2/ws/src/depd/rpg_vikit/vikit_common -DCATKIN_INSTALL_INTO_PREFIX_ROOT=0 -DCMAKE_INSTALL_PREFIX=/home/seeed/ros2/ws/install/vikit_common
[3.019s] Invoking command in '/home/seeed/ros2/ws/build/vikit_common': /usr/local/bin/cmake --build /home/seeed/ros2/ws/build/vikit_common -- -j6 -l6
[3.197s] [  5%] [32mBuilding CXX object CMakeFiles/vikit_common.dir/src/atan_camera.cpp.o[0m
[3.223s] [ 10%] [32mBuilding CXX object CMakeFiles/vikit_common.dir/src/omni_camera.cpp.o[0m
[3.263s] [ 15%] [32mBuilding CXX object CMakeFiles/vikit_common.dir/src/math_utils.cpp.o[0m
[3.281s] [ 21%] [32mBuilding CXX object CMakeFiles/vikit_common.dir/src/vision.cpp.o[0m
[3.288s] [ 26%] [32mBuilding CXX object CMakeFiles/vikit_common.dir/src/performance_monitor.cpp.o[0m
[3.318s] [ 31%] [32mBuilding CXX object CMakeFiles/vikit_common.dir/src/robust_cost.cpp.o[0m
[9.843s] [ 36%] [32mBuilding CXX object CMakeFiles/vikit_common.dir/src/user_input_thread.cpp.o[0m
[12.175s] [ 42%] [32mBuilding CXX object CMakeFiles/vikit_common.dir/src/pinhole_camera.cpp.o[0m
[30.198s] [ 47%] [32mBuilding CXX object CMakeFiles/vikit_common.dir/src/img_align.cpp.o[0m
[52.372s] [ 52%] [32mBuilding CXX object CMakeFiles/vikit_common.dir/src/homography.cpp.o[0m
[85.863s] [ 57%] [32mBuilding CXX object CMakeFiles/vikit_common.dir/src/polynomial_camera.cpp.o[0m
[94.408s] [ 63%] [32mBuilding CXX object CMakeFiles/vikit_common.dir/src/equidistant_camera.cpp.o[0m
[102.974s] [ 68%] [32m[1mLinking CXX shared library libvikit_common.so[0m
[103.199s] [ 68%] Built target vikit_common
[103.222s] [ 73%] [32mBuilding CXX object CMakeFiles/test_vk_common_camera.dir/test/test_camera.cpp.o[0m
[111.710s] [ 78%] [32m[1mLinking CXX executable test_vk_common_camera[0m
[112.756s] [ 78%] Built target test_vk_common_camera
[112.785s] [ 84%] [32mBuilding CXX object CMakeFiles/test_vk_common_patch_score.dir/test/test_patch_score.cpp.o[0m
[118.494s] [ 89%] [32m[1mLinking CXX executable test_vk_common_patch_score[0m
[119.240s] [ 89%] Built target test_vk_common_patch_score
[119.263s] [ 94%] [32mBuilding CXX object CMakeFiles/test_vk_common_triangulation.dir/test/test_triangulation.cpp.o[0m
[128.322s] [100%] [32m[1mLinking CXX executable test_vk_common_triangulation[0m
[129.230s] [100%] Built target test_vk_common_triangulation
[129.242s] Invoked command in '/home/seeed/ros2/ws/build/vikit_common' returned '0': /usr/local/bin/cmake --build /home/seeed/ros2/ws/build/vikit_common -- -j6 -l6
[129.247s] Invoking command in '/home/seeed/ros2/ws/build/vikit_common': /usr/local/bin/cmake --install /home/seeed/ros2/ws/build/vikit_common
[129.253s] -- Install configuration: "Release"
[129.254s] -- Installing: /home/seeed/ros2/ws/install/vikit_common/lib/libvikit_common.so
[129.255s] -- Installing: /home/seeed/ros2/ws/install/vikit_common/lib/vikit_common/test_vk_common_camera
[129.256s] -- Set runtime path of "/home/seeed/ros2/ws/install/vikit_common/lib/vikit_common/test_vk_common_camera" to ""
[129.257s] -- Installing: /home/seeed/ros2/ws/install/vikit_common/lib/vikit_common/test_vk_common_triangulation
[129.257s] -- Set runtime path of "/home/seeed/ros2/ws/install/vikit_common/lib/vikit_common/test_vk_common_triangulation" to ""
[129.257s] -- Installing: /home/seeed/ros2/ws/install/vikit_common/lib/vikit_common/test_vk_common_patch_score
[129.258s] -- Set runtime path of "/home/seeed/ros2/ws/install/vikit_common/lib/vikit_common/test_vk_common_patch_score" to ""
[129.258s] -- Installing: /home/seeed/ros2/ws/install/vikit_common/include/vikit_common
[129.258s] -- Installing: /home/seeed/ros2/ws/install/vikit_common/include/vikit_common/vikit
[129.258s] -- Installing: /home/seeed/ros2/ws/install/vikit_common/include/vikit_common/vikit/patch_score.h
[129.259s] -- Installing: /home/seeed/ros2/ws/install/vikit_common/include/vikit_common/vikit/user_input_thread.h
[129.259s] -- Installing: /home/seeed/ros2/ws/install/vikit_common/include/vikit_common/vikit/polynomial_camera.h
[129.259s] -- Installing: /home/seeed/ros2/ws/install/vikit_common/include/vikit_common/vikit/timer.h
[129.259s] -- Installing: /home/seeed/ros2/ws/install/vikit_common/include/vikit_common/vikit/atan_camera.h
[129.260s] -- Installing: /home/seeed/ros2/ws/install/vikit_common/include/vikit_common/vikit/performance_monitor.h
[129.260s] -- Installing: /home/seeed/ros2/ws/install/vikit_common/include/vikit_common/vikit/sample.h
[129.260s] -- Installing: /home/seeed/ros2/ws/install/vikit_common/include/vikit_common/vikit/img_align.h
[129.260s] -- Installing: /home/seeed/ros2/ws/install/vikit_common/include/vikit_common/vikit/robust_cost.h
[129.261s] -- Installing: /home/seeed/ros2/ws/install/vikit_common/include/vikit_common/vikit/pinhole_camera.h
[129.261s] -- Installing: /home/seeed/ros2/ws/install/vikit_common/include/vikit_common/vikit/abstract_camera.h
[129.261s] -- Installing: /home/seeed/ros2/ws/install/vikit_common/include/vikit_common/vikit/aligned_mem.h
[129.262s] -- Installing: /home/seeed/ros2/ws/install/vikit_common/include/vikit_common/vikit/omni_camera.h
[129.263s] -- Installing: /home/seeed/ros2/ws/install/vikit_common/include/vikit_common/vikit/homography.h
[129.264s] -- Installing: /home/seeed/ros2/ws/install/vikit_common/include/vikit_common/vikit/equidistant_camera.h
[129.264s] -- Installing: /home/seeed/ros2/ws/install/vikit_common/include/vikit_common/vikit/vision.h
[129.264s] -- Installing: /home/seeed/ros2/ws/install/vikit_common/include/vikit_common/vikit/nlls_solver.h
[129.264s] -- Installing: /home/seeed/ros2/ws/install/vikit_common/include/vikit_common/vikit/blender_utils.h
[129.265s] -- Installing: /home/seeed/ros2/ws/install/vikit_common/include/vikit_common/vikit/file_reader_types.h
[129.266s] -- Installing: /home/seeed/ros2/ws/install/vikit_common/include/vikit_common/vikit/math_utils.h
[129.266s] -- Installing: /home/seeed/ros2/ws/install/vikit_common/include/vikit_common/vikit/ringbuffer.h
[129.269s] -- Installing: /home/seeed/ros2/ws/install/vikit_common/include/vikit_common/vikit/nlls_solver_impl.hpp
[129.270s] -- Installing: /home/seeed/ros2/ws/install/vikit_common/include/vikit_common/vikit/file_reader.h
[129.271s] -- Installing: /home/seeed/ros2/ws/install/vikit_common/share/vikit_common/environment/library_path.sh
[129.271s] -- Installing: /home/seeed/ros2/ws/install/vikit_common/share/vikit_common/environment/library_path.dsv
[129.272s] -- Installing: /home/seeed/ros2/ws/install/vikit_common/share/ament_index/resource_index/package_run_dependencies/vikit_common
[129.272s] -- Installing: /home/seeed/ros2/ws/install/vikit_common/share/ament_index/resource_index/parent_prefix_path/vikit_common
[129.273s] -- Installing: /home/seeed/ros2/ws/install/vikit_common/share/vikit_common/environment/ament_prefix_path.sh
[129.273s] -- Installing: /home/seeed/ros2/ws/install/vikit_common/share/vikit_common/environment/ament_prefix_path.dsv
[129.274s] -- Installing: /home/seeed/ros2/ws/install/vikit_common/share/vikit_common/environment/path.sh
[129.274s] -- Installing: /home/seeed/ros2/ws/install/vikit_common/share/vikit_common/environment/path.dsv
[129.274s] -- Installing: /home/seeed/ros2/ws/install/vikit_common/share/vikit_common/local_setup.bash
[129.275s] -- Installing: /home/seeed/ros2/ws/install/vikit_common/share/vikit_common/local_setup.sh
[129.275s] -- Installing: /home/seeed/ros2/ws/install/vikit_common/share/vikit_common/local_setup.zsh
[129.275s] -- Installing: /home/seeed/ros2/ws/install/vikit_common/share/vikit_common/local_setup.dsv
[129.276s] -- Installing: /home/seeed/ros2/ws/install/vikit_common/share/vikit_common/package.dsv
[129.276s] -- Installing: /home/seeed/ros2/ws/install/vikit_common/share/ament_index/resource_index/packages/vikit_common
[129.277s] -- Installing: /home/seeed/ros2/ws/install/vikit_common/share/vikit_common/cmake/vikit_commonExport.cmake
[129.278s] -- Installing: /home/seeed/ros2/ws/install/vikit_common/share/vikit_common/cmake/vikit_commonExport-release.cmake
[129.278s] -- Installing: /home/seeed/ros2/ws/install/vikit_common/share/vikit_common/cmake/ament_cmake_export_include_directories-extras.cmake
[129.278s] -- Installing: /home/seeed/ros2/ws/install/vikit_common/share/vikit_common/cmake/ament_cmake_export_libraries-extras.cmake
[129.279s] -- Installing: /home/seeed/ros2/ws/install/vikit_common/share/vikit_common/cmake/ament_cmake_export_dependencies-extras.cmake
[129.280s] -- Installing: /home/seeed/ros2/ws/install/vikit_common/share/vikit_common/cmake/ament_cmake_export_targets-extras.cmake
[129.280s] -- Installing: /home/seeed/ros2/ws/install/vikit_common/share/vikit_common/cmake/vikit_commonConfig.cmake
[129.280s] -- Installing: /home/seeed/ros2/ws/install/vikit_common/share/vikit_common/cmake/vikit_commonConfig-version.cmake
[129.280s] -- Installing: /home/seeed/ros2/ws/install/vikit_common/share/vikit_common/package.xml
[129.284s] Invoked command in '/home/seeed/ros2/ws/build/vikit_common' returned '0': /usr/local/bin/cmake --install /home/seeed/ros2/ws/build/vikit_common
