[0.047s] Invoking command in '/home/seeed/ros2/ws/build/fast_lio': AMENT_PREFIX_PATH=/home/seeed/ros2/ws/install/livox_ros_driver2:${AMENT_PREFIX_PATH} CMAKE_PREFIX_PATH=/home/seeed/ros2/ws/install/livox_ros_driver2:/opt/ros/humble LD_LIBRARY_PATH=/home/seeed/ros2/ws/install/livox_ros_driver2/lib:${LD_LIBRARY_PATH} PYTHONPATH=/home/seeed/ros2/ws/install/livox_ros_driver2/local/lib/python3.10/dist-packages:${PYTHONPATH} /usr/local/bin/cmake --build /home/seeed/ros2/ws/build/fast_lio -- -j6 -l6
[0.170s] [  2%] Built target fast_lio__rs
[0.259s] [  2%] Built target ament_cmake_python_copy_fast_lio
[0.335s] [  5%] Built target fast_lio__cpp
[1.008s] running egg_info
[1.010s] writing fast_lio.egg-info/PKG-INFO
[1.010s] writing dependency_links to fast_lio.egg-info/dependency_links.txt
[1.015s] writing top-level names to fast_lio.egg-info/top_level.txt
[1.018s] reading manifest file 'fast_lio.egg-info/SOURCES.txt'
[1.019s] writing manifest file 'fast_lio.egg-info/SOURCES.txt'
[1.113s] [  5%] Built target ament_cmake_python_build_fast_lio_egg
[1.212s] [ 13%] Built target fast_lio__rosidl_typesupport_cpp
[1.317s] [ 22%] Built target fast_lio__rosidl_typesupport_introspection_cpp
[1.517s] [ 33%] Built target fastlio_mapping
[1.567s] [ 41%] Built target fast_lio__rosidl_typesupport_fastrtps_cpp
[1.624s] [ 50%] Built target fast_lio__rosidl_generator_c
[1.658s] [ 58%] Built target fast_lio__rosidl_typesupport_fastrtps_c
[1.726s] [ 66%] Built target fast_lio__rosidl_typesupport_c
[1.762s] [ 75%] Built target fast_lio__rosidl_typesupport_introspection_c
[1.796s] [ 75%] Built target fast_lio
[1.828s] [ 77%] Built target fast_lio__py
[1.860s] [ 83%] Built target fast_lio__rosidl_generator_py
[1.901s] [ 88%] Built target fast_lio__rosidl_typesupport_fastrtps_c__pyext
[1.929s] [ 94%] Built target fast_lio__rosidl_typesupport_c__pyext
[1.963s] [100%] Built target fast_lio__rosidl_typesupport_introspection_c__pyext
[1.978s] Invoked command in '/home/seeed/ros2/ws/build/fast_lio' returned '0': AMENT_PREFIX_PATH=/home/seeed/ros2/ws/install/livox_ros_driver2:${AMENT_PREFIX_PATH} CMAKE_PREFIX_PATH=/home/seeed/ros2/ws/install/livox_ros_driver2:/opt/ros/humble LD_LIBRARY_PATH=/home/seeed/ros2/ws/install/livox_ros_driver2/lib:${LD_LIBRARY_PATH} PYTHONPATH=/home/seeed/ros2/ws/install/livox_ros_driver2/local/lib/python3.10/dist-packages:${PYTHONPATH} /usr/local/bin/cmake --build /home/seeed/ros2/ws/build/fast_lio -- -j6 -l6
[1.991s] Invoking command in '/home/seeed/ros2/ws/build/fast_lio': AMENT_PREFIX_PATH=/home/seeed/ros2/ws/install/livox_ros_driver2:${AMENT_PREFIX_PATH} CMAKE_PREFIX_PATH=/home/seeed/ros2/ws/install/livox_ros_driver2:/opt/ros/humble LD_LIBRARY_PATH=/home/seeed/ros2/ws/install/livox_ros_driver2/lib:${LD_LIBRARY_PATH} PYTHONPATH=/home/seeed/ros2/ws/install/livox_ros_driver2/local/lib/python3.10/dist-packages:${PYTHONPATH} /usr/local/bin/cmake --install /home/seeed/ros2/ws/build/fast_lio
[2.002s] -- Install configuration: "Release"
[2.002s] -- Up-to-date: /home/seeed/ros2/ws/install/fast_lio/share/ament_index/resource_index/rosidl_interfaces/fast_lio
[2.003s] -- Up-to-date: /home/seeed/ros2/ws/install/fast_lio/include/fast_lio/fast_lio
[2.003s] -- Up-to-date: /home/seeed/ros2/ws/install/fast_lio/include/fast_lio/fast_lio/msg
[2.003s] -- Up-to-date: /home/seeed/ros2/ws/install/fast_lio/include/fast_lio/fast_lio/msg/pose6_d.h
[2.003s] -- Up-to-date: /home/seeed/ros2/ws/install/fast_lio/include/fast_lio/fast_lio/msg/detail
[2.003s] -- Up-to-date: /home/seeed/ros2/ws/install/fast_lio/include/fast_lio/fast_lio/msg/detail/pose6_d__type_support.h
[2.003s] -- Up-to-date: /home/seeed/ros2/ws/install/fast_lio/include/fast_lio/fast_lio/msg/detail/pose6_d__struct.h
[2.003s] -- Up-to-date: /home/seeed/ros2/ws/install/fast_lio/include/fast_lio/fast_lio/msg/detail/pose6_d__functions.h
[2.004s] -- Up-to-date: /home/seeed/ros2/ws/install/fast_lio/include/fast_lio/fast_lio/msg/detail/pose6_d__functions.c
[2.004s] -- Up-to-date: /home/seeed/ros2/ws/install/fast_lio/include/fast_lio/fast_lio/msg/rosidl_generator_c__visibility_control.h
[2.004s] -- Up-to-date: /home/seeed/ros2/ws/install/fast_lio/share/fast_lio/environment/library_path.sh
[2.004s] -- Up-to-date: /home/seeed/ros2/ws/install/fast_lio/share/fast_lio/environment/library_path.dsv
[2.004s] -- Up-to-date: /home/seeed/ros2/ws/install/fast_lio/lib/libfast_lio__rosidl_generator_c.so
[2.004s] -- Up-to-date: /home/seeed/ros2/ws/install/fast_lio/include/fast_lio/fast_lio
[2.005s] -- Up-to-date: /home/seeed/ros2/ws/install/fast_lio/include/fast_lio/fast_lio/msg
[2.005s] -- Up-to-date: /home/seeed/ros2/ws/install/fast_lio/include/fast_lio/fast_lio/msg/rosidl_typesupport_fastrtps_c__visibility_control.h
[2.005s] -- Up-to-date: /home/seeed/ros2/ws/install/fast_lio/include/fast_lio/fast_lio/msg/detail
[2.005s] -- Up-to-date: /home/seeed/ros2/ws/install/fast_lio/include/fast_lio/fast_lio/msg/detail/pose6_d__rosidl_typesupport_fastrtps_c.h
[2.007s] -- Up-to-date: /home/seeed/ros2/ws/install/fast_lio/lib/libfast_lio__rosidl_typesupport_fastrtps_c.so
[2.008s] -- Up-to-date: /home/seeed/ros2/ws/install/fast_lio/include/fast_lio/fast_lio
[2.009s] -- Up-to-date: /home/seeed/ros2/ws/install/fast_lio/include/fast_lio/fast_lio/msg
[2.009s] -- Up-to-date: /home/seeed/ros2/ws/install/fast_lio/include/fast_lio/fast_lio/msg/pose6_d.hpp
[2.009s] -- Up-to-date: /home/seeed/ros2/ws/install/fast_lio/include/fast_lio/fast_lio/msg/rosidl_generator_cpp__visibility_control.hpp
[2.009s] -- Up-to-date: /home/seeed/ros2/ws/install/fast_lio/include/fast_lio/fast_lio/msg/detail
[2.009s] -- Up-to-date: /home/seeed/ros2/ws/install/fast_lio/include/fast_lio/fast_lio/msg/detail/pose6_d__traits.hpp
[2.009s] -- Up-to-date: /home/seeed/ros2/ws/install/fast_lio/include/fast_lio/fast_lio/msg/detail/pose6_d__type_support.hpp
[2.010s] -- Up-to-date: /home/seeed/ros2/ws/install/fast_lio/include/fast_lio/fast_lio/msg/detail/pose6_d__builder.hpp
[2.010s] -- Up-to-date: /home/seeed/ros2/ws/install/fast_lio/include/fast_lio/fast_lio/msg/detail/pose6_d__struct.hpp
[2.010s] -- Up-to-date: /home/seeed/ros2/ws/install/fast_lio/include/fast_lio/fast_lio
[2.011s] -- Up-to-date: /home/seeed/ros2/ws/install/fast_lio/include/fast_lio/fast_lio/msg
[2.011s] -- Up-to-date: /home/seeed/ros2/ws/install/fast_lio/include/fast_lio/fast_lio/msg/rosidl_typesupport_fastrtps_cpp__visibility_control.h
[2.011s] -- Up-to-date: /home/seeed/ros2/ws/install/fast_lio/include/fast_lio/fast_lio/msg/detail
[2.011s] -- Up-to-date: /home/seeed/ros2/ws/install/fast_lio/include/fast_lio/fast_lio/msg/detail/pose6_d__rosidl_typesupport_fastrtps_cpp.hpp
[2.011s] -- Up-to-date: /home/seeed/ros2/ws/install/fast_lio/include/fast_lio/fast_lio/msg/detail/dds_fastrtps
[2.011s] -- Up-to-date: /home/seeed/ros2/ws/install/fast_lio/lib/libfast_lio__rosidl_typesupport_fastrtps_cpp.so
[2.011s] -- Up-to-date: /home/seeed/ros2/ws/install/fast_lio/include/fast_lio/fast_lio
[2.012s] -- Up-to-date: /home/seeed/ros2/ws/install/fast_lio/include/fast_lio/fast_lio/msg
[2.012s] -- Up-to-date: /home/seeed/ros2/ws/install/fast_lio/include/fast_lio/fast_lio/msg/rosidl_typesupport_introspection_c__visibility_control.h
[2.012s] -- Up-to-date: /home/seeed/ros2/ws/install/fast_lio/include/fast_lio/fast_lio/msg/detail
[2.012s] -- Up-to-date: /home/seeed/ros2/ws/install/fast_lio/include/fast_lio/fast_lio/msg/detail/pose6_d__type_support.c
[2.012s] -- Up-to-date: /home/seeed/ros2/ws/install/fast_lio/include/fast_lio/fast_lio/msg/detail/pose6_d__rosidl_typesupport_introspection_c.h
[2.013s] -- Up-to-date: /home/seeed/ros2/ws/install/fast_lio/lib/libfast_lio__rosidl_typesupport_introspection_c.so
[2.013s] -- Up-to-date: /home/seeed/ros2/ws/install/fast_lio/lib/libfast_lio__rosidl_typesupport_c.so
[2.014s] -- Up-to-date: /home/seeed/ros2/ws/install/fast_lio/include/fast_lio/fast_lio
[2.014s] -- Up-to-date: /home/seeed/ros2/ws/install/fast_lio/include/fast_lio/fast_lio/msg
[2.015s] -- Up-to-date: /home/seeed/ros2/ws/install/fast_lio/include/fast_lio/fast_lio/msg/detail
[2.016s] -- Up-to-date: /home/seeed/ros2/ws/install/fast_lio/include/fast_lio/fast_lio/msg/detail/pose6_d__type_support.cpp
[2.016s] -- Up-to-date: /home/seeed/ros2/ws/install/fast_lio/include/fast_lio/fast_lio/msg/detail/pose6_d__rosidl_typesupport_introspection_cpp.hpp
[2.017s] -- Up-to-date: /home/seeed/ros2/ws/install/fast_lio/lib/libfast_lio__rosidl_typesupport_introspection_cpp.so
[2.017s] -- Up-to-date: /home/seeed/ros2/ws/install/fast_lio/lib/libfast_lio__rosidl_typesupport_cpp.so
[2.017s] -- Up-to-date: /home/seeed/ros2/ws/install/fast_lio/share/fast_lio/environment/pythonpath.sh
[2.017s] -- Up-to-date: /home/seeed/ros2/ws/install/fast_lio/share/fast_lio/environment/pythonpath.dsv
[2.018s] -- Up-to-date: /home/seeed/ros2/ws/install/fast_lio/local/lib/python3.10/dist-packages/fast_lio-0.0.0-py3.10.egg-info
[2.018s] -- Installing: /home/seeed/ros2/ws/install/fast_lio/local/lib/python3.10/dist-packages/fast_lio-0.0.0-py3.10.egg-info/SOURCES.txt
[2.018s] -- Installing: /home/seeed/ros2/ws/install/fast_lio/local/lib/python3.10/dist-packages/fast_lio-0.0.0-py3.10.egg-info/PKG-INFO
[2.019s] -- Installing: /home/seeed/ros2/ws/install/fast_lio/local/lib/python3.10/dist-packages/fast_lio-0.0.0-py3.10.egg-info/dependency_links.txt
[2.019s] -- Installing: /home/seeed/ros2/ws/install/fast_lio/local/lib/python3.10/dist-packages/fast_lio-0.0.0-py3.10.egg-info/top_level.txt
[2.019s] -- Up-to-date: /home/seeed/ros2/ws/install/fast_lio/local/lib/python3.10/dist-packages/fast_lio
[2.019s] -- Up-to-date: /home/seeed/ros2/ws/install/fast_lio/local/lib/python3.10/dist-packages/fast_lio/_fast_lio_s.ep.rosidl_typesupport_introspection_c.c
[2.020s] -- Up-to-date: /home/seeed/ros2/ws/install/fast_lio/local/lib/python3.10/dist-packages/fast_lio/fast_lio_s__rosidl_typesupport_introspection_c.cpython-310-aarch64-linux-gnu.so
[2.020s] -- Up-to-date: /home/seeed/ros2/ws/install/fast_lio/local/lib/python3.10/dist-packages/fast_lio/libfast_lio__rosidl_generator_py.so
[2.021s] -- Up-to-date: /home/seeed/ros2/ws/install/fast_lio/local/lib/python3.10/dist-packages/fast_lio/fast_lio_s__rosidl_typesupport_fastrtps_c.cpython-310-aarch64-linux-gnu.so
[2.022s] -- Up-to-date: /home/seeed/ros2/ws/install/fast_lio/local/lib/python3.10/dist-packages/fast_lio/_fast_lio_s.ep.rosidl_typesupport_c.c
[2.023s] -- Up-to-date: /home/seeed/ros2/ws/install/fast_lio/local/lib/python3.10/dist-packages/fast_lio/msg
[2.024s] -- Up-to-date: /home/seeed/ros2/ws/install/fast_lio/local/lib/python3.10/dist-packages/fast_lio/msg/_pose6_d_s.c
[2.025s] -- Up-to-date: /home/seeed/ros2/ws/install/fast_lio/local/lib/python3.10/dist-packages/fast_lio/msg/_pose6_d.py
[2.026s] -- Up-to-date: /home/seeed/ros2/ws/install/fast_lio/local/lib/python3.10/dist-packages/fast_lio/msg/__init__.py
[2.027s] -- Up-to-date: /home/seeed/ros2/ws/install/fast_lio/local/lib/python3.10/dist-packages/fast_lio/_fast_lio_s.ep.rosidl_typesupport_fastrtps_c.c
[2.027s] -- Up-to-date: /home/seeed/ros2/ws/install/fast_lio/local/lib/python3.10/dist-packages/fast_lio/__init__.py
[2.028s] -- Up-to-date: /home/seeed/ros2/ws/install/fast_lio/local/lib/python3.10/dist-packages/fast_lio/fast_lio_s__rosidl_typesupport_c.cpython-310-aarch64-linux-gnu.so
[2.097s] Listing '/home/seeed/ros2/ws/install/fast_lio/local/lib/python3.10/dist-packages/fast_lio'...
[2.097s] Listing '/home/seeed/ros2/ws/install/fast_lio/local/lib/python3.10/dist-packages/fast_lio/msg'...
[2.117s] -- Up-to-date: /home/seeed/ros2/ws/install/fast_lio/local/lib/python3.10/dist-packages/fast_lio/fast_lio_s__rosidl_typesupport_fastrtps_c.cpython-310-aarch64-linux-gnu.so
[2.117s] -- Up-to-date: /home/seeed/ros2/ws/install/fast_lio/local/lib/python3.10/dist-packages/fast_lio/fast_lio_s__rosidl_typesupport_introspection_c.cpython-310-aarch64-linux-gnu.so
[2.117s] -- Up-to-date: /home/seeed/ros2/ws/install/fast_lio/local/lib/python3.10/dist-packages/fast_lio/fast_lio_s__rosidl_typesupport_c.cpython-310-aarch64-linux-gnu.so
[2.118s] -- Up-to-date: /home/seeed/ros2/ws/install/fast_lio/lib/libfast_lio__rosidl_generator_py.so
[2.118s] -- Up-to-date: /home/seeed/ros2/ws/install/fast_lio/share/ament_index/resource_index/rust_packages/fast_lio
[2.118s] -- Up-to-date: /home/seeed/ros2/ws/install/fast_lio/share/fast_lio/rust
[2.118s] -- Up-to-date: /home/seeed/ros2/ws/install/fast_lio/share/fast_lio/rust/build.rs
[2.118s] -- Up-to-date: /home/seeed/ros2/ws/install/fast_lio/share/fast_lio/rust/src
[2.118s] -- Up-to-date: /home/seeed/ros2/ws/install/fast_lio/share/fast_lio/rust/src/msg.rs
[2.118s] -- Up-to-date: /home/seeed/ros2/ws/install/fast_lio/share/fast_lio/rust/src/msg
[2.119s] -- Up-to-date: /home/seeed/ros2/ws/install/fast_lio/share/fast_lio/rust/src/msg/rmw.rs
[2.119s] -- Up-to-date: /home/seeed/ros2/ws/install/fast_lio/share/fast_lio/rust/src/lib.rs
[2.119s] -- Up-to-date: /home/seeed/ros2/ws/install/fast_lio/share/fast_lio/rust/Cargo.toml
[2.119s] -- Up-to-date: /home/seeed/ros2/ws/install/fast_lio/share/fast_lio/msg/Pose6D.idl
[2.119s] -- Up-to-date: /home/seeed/ros2/ws/install/fast_lio/share/fast_lio/msg/Pose6D.msg
[2.119s] -- Up-to-date: /home/seeed/ros2/ws/install/fast_lio/lib/fast_lio/fastlio_mapping
[2.119s] -- Up-to-date: /home/seeed/ros2/ws/install/fast_lio/share/fast_lio/config
[2.120s] -- Up-to-date: /home/seeed/ros2/ws/install/fast_lio/share/fast_lio/config/horizon.yaml
[2.120s] -- Up-to-date: /home/seeed/ros2/ws/install/fast_lio/share/fast_lio/config/ouster64.yaml
[2.120s] -- Up-to-date: /home/seeed/ros2/ws/install/fast_lio/share/fast_lio/config/avia.yaml
[2.120s] -- Up-to-date: /home/seeed/ros2/ws/install/fast_lio/share/fast_lio/config/velodyne.yaml
[2.120s] -- Installing: /home/seeed/ros2/ws/install/fast_lio/share/fast_lio/config/mid360.yaml
[2.120s] -- Up-to-date: /home/seeed/ros2/ws/install/fast_lio/share/fast_lio/launch
[2.120s] -- Up-to-date: /home/seeed/ros2/ws/install/fast_lio/share/fast_lio/launch/gdb_debug_example.launch
[2.120s] -- Up-to-date: /home/seeed/ros2/ws/install/fast_lio/share/fast_lio/launch/mapping.launch.py
[2.121s] -- Up-to-date: /home/seeed/ros2/ws/install/fast_lio/share/fast_lio/rviz
[2.121s] -- Up-to-date: /home/seeed/ros2/ws/install/fast_lio/share/fast_lio/rviz/fastlio.rviz
[2.121s] -- Up-to-date: /home/seeed/ros2/ws/install/fast_lio/share/ament_index/resource_index/package_run_dependencies/fast_lio
[2.121s] -- Up-to-date: /home/seeed/ros2/ws/install/fast_lio/share/ament_index/resource_index/parent_prefix_path/fast_lio
[2.121s] -- Up-to-date: /home/seeed/ros2/ws/install/fast_lio/share/fast_lio/environment/ament_prefix_path.sh
[2.121s] -- Up-to-date: /home/seeed/ros2/ws/install/fast_lio/share/fast_lio/environment/ament_prefix_path.dsv
[2.121s] -- Up-to-date: /home/seeed/ros2/ws/install/fast_lio/share/fast_lio/environment/path.sh
[2.122s] -- Up-to-date: /home/seeed/ros2/ws/install/fast_lio/share/fast_lio/environment/path.dsv
[2.122s] -- Up-to-date: /home/seeed/ros2/ws/install/fast_lio/share/fast_lio/local_setup.bash
[2.122s] -- Up-to-date: /home/seeed/ros2/ws/install/fast_lio/share/fast_lio/local_setup.sh
[2.122s] -- Up-to-date: /home/seeed/ros2/ws/install/fast_lio/share/fast_lio/local_setup.zsh
[2.122s] -- Up-to-date: /home/seeed/ros2/ws/install/fast_lio/share/fast_lio/local_setup.dsv
[2.122s] -- Installing: /home/seeed/ros2/ws/install/fast_lio/share/fast_lio/package.dsv
[2.123s] -- Up-to-date: /home/seeed/ros2/ws/install/fast_lio/share/ament_index/resource_index/packages/fast_lio
[2.124s] -- Up-to-date: /home/seeed/ros2/ws/install/fast_lio/share/fast_lio/cmake/export_fast_lio__rosidl_generator_cExport.cmake
[2.125s] -- Up-to-date: /home/seeed/ros2/ws/install/fast_lio/share/fast_lio/cmake/export_fast_lio__rosidl_generator_cExport-release.cmake
[2.126s] -- Up-to-date: /home/seeed/ros2/ws/install/fast_lio/share/fast_lio/cmake/export_fast_lio__rosidl_typesupport_fastrtps_cExport.cmake
[2.126s] -- Up-to-date: /home/seeed/ros2/ws/install/fast_lio/share/fast_lio/cmake/export_fast_lio__rosidl_typesupport_fastrtps_cExport-release.cmake
[2.127s] -- Up-to-date: /home/seeed/ros2/ws/install/fast_lio/share/fast_lio/cmake/export_fast_lio__rosidl_generator_cppExport.cmake
[2.128s] -- Up-to-date: /home/seeed/ros2/ws/install/fast_lio/share/fast_lio/cmake/export_fast_lio__rosidl_typesupport_fastrtps_cppExport.cmake
[2.128s] -- Up-to-date: /home/seeed/ros2/ws/install/fast_lio/share/fast_lio/cmake/export_fast_lio__rosidl_typesupport_fastrtps_cppExport-release.cmake
[2.129s] -- Up-to-date: /home/seeed/ros2/ws/install/fast_lio/share/fast_lio/cmake/fast_lio__rosidl_typesupport_introspection_cExport.cmake
[2.130s] -- Up-to-date: /home/seeed/ros2/ws/install/fast_lio/share/fast_lio/cmake/fast_lio__rosidl_typesupport_introspection_cExport-release.cmake
[2.130s] -- Up-to-date: /home/seeed/ros2/ws/install/fast_lio/share/fast_lio/cmake/fast_lio__rosidl_typesupport_cExport.cmake
[2.131s] -- Up-to-date: /home/seeed/ros2/ws/install/fast_lio/share/fast_lio/cmake/fast_lio__rosidl_typesupport_cExport-release.cmake
[2.132s] -- Up-to-date: /home/seeed/ros2/ws/install/fast_lio/share/fast_lio/cmake/fast_lio__rosidl_typesupport_introspection_cppExport.cmake
[2.132s] -- Up-to-date: /home/seeed/ros2/ws/install/fast_lio/share/fast_lio/cmake/fast_lio__rosidl_typesupport_introspection_cppExport-release.cmake
[2.133s] -- Up-to-date: /home/seeed/ros2/ws/install/fast_lio/share/fast_lio/cmake/fast_lio__rosidl_typesupport_cppExport.cmake
[2.134s] -- Up-to-date: /home/seeed/ros2/ws/install/fast_lio/share/fast_lio/cmake/fast_lio__rosidl_typesupport_cppExport-release.cmake
[2.135s] -- Up-to-date: /home/seeed/ros2/ws/install/fast_lio/share/fast_lio/cmake/export_fast_lio__rosidl_generator_pyExport.cmake
[2.136s] -- Up-to-date: /home/seeed/ros2/ws/install/fast_lio/share/fast_lio/cmake/export_fast_lio__rosidl_generator_pyExport-release.cmake
[2.137s] -- Up-to-date: /home/seeed/ros2/ws/install/fast_lio/share/fast_lio/cmake/rosidl_cmake-extras.cmake
[2.137s] -- Up-to-date: /home/seeed/ros2/ws/install/fast_lio/share/fast_lio/cmake/ament_cmake_export_include_directories-extras.cmake
[2.138s] -- Up-to-date: /home/seeed/ros2/ws/install/fast_lio/share/fast_lio/cmake/ament_cmake_export_libraries-extras.cmake
[2.139s] -- Up-to-date: /home/seeed/ros2/ws/install/fast_lio/share/fast_lio/cmake/ament_cmake_export_targets-extras.cmake
[2.140s] -- Up-to-date: /home/seeed/ros2/ws/install/fast_lio/share/fast_lio/cmake/rosidl_cmake_export_typesupport_targets-extras.cmake
[2.140s] -- Up-to-date: /home/seeed/ros2/ws/install/fast_lio/share/fast_lio/cmake/ament_cmake_export_dependencies-extras.cmake
[2.141s] -- Up-to-date: /home/seeed/ros2/ws/install/fast_lio/share/fast_lio/cmake/rosidl_cmake_export_typesupport_libraries-extras.cmake
[2.142s] -- Up-to-date: /home/seeed/ros2/ws/install/fast_lio/share/fast_lio/cmake/fast_lioConfig.cmake
[2.143s] -- Up-to-date: /home/seeed/ros2/ws/install/fast_lio/share/fast_lio/cmake/fast_lioConfig-version.cmake
[2.143s] -- Up-to-date: /home/seeed/ros2/ws/install/fast_lio/share/fast_lio/package.xml
[2.152s] Invoked command in '/home/seeed/ros2/ws/build/fast_lio' returned '0': AMENT_PREFIX_PATH=/home/seeed/ros2/ws/install/livox_ros_driver2:${AMENT_PREFIX_PATH} CMAKE_PREFIX_PATH=/home/seeed/ros2/ws/install/livox_ros_driver2:/opt/ros/humble LD_LIBRARY_PATH=/home/seeed/ros2/ws/install/livox_ros_driver2/lib:${LD_LIBRARY_PATH} PYTHONPATH=/home/seeed/ros2/ws/install/livox_ros_driver2/local/lib/python3.10/dist-packages:${PYTHONPATH} /usr/local/bin/cmake --install /home/seeed/ros2/ws/build/fast_lio
